#
# There is insufficient memory for the Java Runtime Environment to continue.
# Native memory allocation (malloc) failed to allocate 1309104 bytes. Error detail: Chunk::new
# Possible reasons:
#   The system is out of physical RAM or swap space
#   This process is running with CompressedOops enabled, and the Java Heap may be blocking the growth of the native heap
# Possible solutions:
#   Reduce memory load on the system
#   Increase physical memory or swap space
#   Check if swap backing store is full
#   Decrease Java heap size (-Xmx/-Xms)
#   Decrease number of Java threads
#   Decrease Java thread stack sizes (-Xss)
#   Set larger code cache with -XX:ReservedCodeCacheSize=
#   JVM is running with Unscaled Compressed Oops mode in which the Java heap is
#     placed in the first 4GB address space. The Java Heap base address is the
#     maximum limit for the native heap growth. Please use -XX:HeapBaseMinAddress
#     to set the Java Heap base and to place the Java Heap above 4GB virtual address.
# This output file may be truncated or incomplete.
#
#  Out of Memory Error (arena.cpp:191), pid=2468, tid=15944
#
# JRE version: OpenJDK Runtime Environment Temurin-17.0.15+6 (17.0.15+6) (build 17.0.15+6)
# Java VM: OpenJDK 64-Bit Server VM Temurin-17.0.15+6 (17.0.15+6, mixed mode, sharing, tiered, compressed oops, compressed class ptrs, g1 gc, windows-amd64)
# No core dump will be written. Minidumps are not enabled by default on client versions of Windows
#

---------------  S U M M A R Y ------------

Command Line: --add-opens=java.base/java.util=ALL-UNNAMED --add-opens=java.base/java.lang=ALL-UNNAMED --add-opens=java.base/java.lang.invoke=ALL-UNNAMED --add-opens=java.prefs/java.util.prefs=ALL-UNNAMED --add-opens=java.base/java.nio.charset=ALL-UNNAMED --add-opens=java.base/java.net=ALL-UNNAMED --add-opens=java.base/java.util.concurrent.atomic=ALL-UNNAMED -Xmx2048m -Dfile.encoding=UTF-8 -Duser.country=US -Duser.language=en -Duser.variant -javaagent:C:\Users\Tuan Kiet\.gradle\wrapper\dists\gradle-8.7-all\aan3ydargesu18aqyqjwhr3pc\gradle-8.7\lib\agents\gradle-instrumentation-agent-8.7.jar org.gradle.launcher.daemon.bootstrap.GradleDaemon 8.7

Host: 12th Gen Intel(R) Core(TM) i7-1270P, 16 cores, 15G,  Windows 11 , 64 bit Build 22621 (10.0.22621.5262)
Time: Thu May  8 11:17:37 2025 SE Asia Standard Time elapsed time: 13.298393 seconds (0d 0h 0m 13s)

---------------  T H R E A D  ---------------

Current thread (0x000001f9e994ba10):  JavaThread "C2 CompilerThread1" daemon [_thread_in_native, id=15944, stack(0x0000000ab3100000,0x0000000ab3200000)]


Current CompileTask:
C2:  13298 7029       4       sun.reflect.generics.parser.SignatureParser::parsePackageNameAndSimpleClassTypeSignature (119 bytes)

Stack: [0x0000000ab3100000,0x0000000ab3200000]
Native frames: (J=compiled Java code, j=interpreted, Vv=VM code, C=native code)
V  [jvm.dll+0x682fc9]
V  [jvm.dll+0x839878]
V  [jvm.dll+0x83b323]
V  [jvm.dll+0x83b993]
V  [jvm.dll+0x24725f]
V  [jvm.dll+0xacea4]
V  [jvm.dll+0xad53c]
V  [jvm.dll+0x365c6e]
V  [jvm.dll+0x1baac9]
V  [jvm.dll+0x2183a7]
V  [jvm.dll+0x21768f]
V  [jvm.dll+0x1a31b0]
V  [jvm.dll+0x227a9c]
V  [jvm.dll+0x225bfb]
V  [jvm.dll+0x7ef018]
V  [jvm.dll+0x7e94dc]
V  [jvm.dll+0x681ea7]
C  [ucrtbase.dll+0x29333]
C  [KERNEL32.DLL+0x1259d]
C  [ntdll.dll+0x5af58]


---------------  P R O C E S S  ---------------

Threads class SMR info:
_java_thread_list=0x000001f9eaf63460, length=93, elements={
0x000001f98239a0b0, 0x000001f9a13b3020, 0x000001f9a13b3ea0, 0x000001f9a13bcfa0,
0x000001f9a13be880, 0x000001f9a13bfc60, 0x000001f9a13c2630, 0x000001f9a13c3b70,
0x000001f9a13c4dc0, 0x000001f9a13c9520, 0x000001f9a148a450, 0x000001f9a148ae30,
0x000001f9a155c9a0, 0x000001f9a166dbe0, 0x000001f9e80b5650, 0x000001f9e9082510,
0x000001f9e94b3ad0, 0x000001f9e8ae25b0, 0x000001f9e88814c0, 0x000001f9e8f501e0,
0x000001f9e9352860, 0x000001f9e93cbe90, 0x000001f9e8e38790, 0x000001f9e93c2eb0,
0x000001f9e93c4800, 0x000001f9e93c6150, 0x000001f9e93c5c40, 0x000001f9e994ba10,
0x000001f9e93c33c0, 0x000001f9e93c38d0, 0x000001f9e93c3de0, 0x000001f9e93c5730,
0x000001f9e93c42f0, 0x000001f9e93c5220, 0x000001f9e93c4d10, 0x000001f9ea215580,
0x000001f9ea215fa0, 0x000001f9ea2164b0, 0x000001f9ea2169c0, 0x000001f9ea216ed0,
0x000001f9ea215a90, 0x000001f9ea218310, 0x000001f9ea2173e0, 0x000001f9ea2178f0,
0x000001f9ea217e00, 0x000001f9ea218820, 0x000001f9ea215070, 0x000001f9a14617a0,
0x000001f9a145fe50, 0x000001f9a145a840, 0x000001f9a145d5d0, 0x000001f9a145d0c0,
0x000001f9a145bc80, 0x000001f9a145b260, 0x000001f9a145c6a0, 0x000001f9a145dae0,
0x000001f9a145dff0, 0x000001f9a145cbb0, 0x000001f9a145e500, 0x000001f9a145ad50,
0x000001f9a145b770, 0x000001f9a1461cb0, 0x000001f9a145ef20, 0x000001f9a145f430,
0x000001f9a145f940, 0x000001f9a1460870, 0x000001f9a1460d80, 0x000001f9a1461290,
0x000001f9eb129bf0, 0x000001f9eb128cc0, 0x000001f9eb1291d0, 0x000001f9eb1296e0,
0x000001f9eb12a100, 0x000001f9eb12a610, 0x000001f9eb12ab20, 0x000001f9eb1287b0,
0x000001f9eb12ba50, 0x000001f9eb12b540, 0x000001f9eb125a20, 0x000001f9eb126950,
0x000001f9eb125f30, 0x000001f9eb12bf60, 0x000001f9eb124af0, 0x000001f9eb12c470,
0x000001f9eb12b030, 0x000001f9eb125000, 0x000001f9eb125510, 0x000001f9eb127370,
0x000001f9eb126440, 0x000001f9eb126e60, 0x000001f9eb127880, 0x000001f9eb127d90,
0x000001f9eb1282a0
}

Java Threads: ( => current thread )
  0x000001f98239a0b0 JavaThread "main" [_thread_blocked, id=3840, stack(0x0000000ab0a00000,0x0000000ab0b00000)]
  0x000001f9a13b3020 JavaThread "Reference Handler" daemon [_thread_blocked, id=9528, stack(0x0000000ab1100000,0x0000000ab1200000)]
  0x000001f9a13b3ea0 JavaThread "Finalizer" daemon [_thread_blocked, id=2068, stack(0x0000000ab1200000,0x0000000ab1300000)]
  0x000001f9a13bcfa0 JavaThread "Signal Dispatcher" daemon [_thread_blocked, id=5700, stack(0x0000000ab1300000,0x0000000ab1400000)]
  0x000001f9a13be880 JavaThread "Attach Listener" daemon [_thread_blocked, id=8408, stack(0x0000000ab1400000,0x0000000ab1500000)]
  0x000001f9a13bfc60 JavaThread "Service Thread" daemon [_thread_blocked, id=12156, stack(0x0000000ab1500000,0x0000000ab1600000)]
  0x000001f9a13c2630 JavaThread "Monitor Deflation Thread" daemon [_thread_blocked, id=11300, stack(0x0000000ab1600000,0x0000000ab1700000)]
  0x000001f9a13c3b70 JavaThread "C2 CompilerThread0" daemon [_thread_blocked, id=8720, stack(0x0000000ab1700000,0x0000000ab1800000)]
  0x000001f9a13c4dc0 JavaThread "C1 CompilerThread0" daemon [_thread_blocked, id=5844, stack(0x0000000ab1800000,0x0000000ab1900000)]
  0x000001f9a13c9520 JavaThread "Sweeper thread" daemon [_thread_blocked, id=14180, stack(0x0000000ab1900000,0x0000000ab1a00000)]
  0x000001f9a148a450 JavaThread "C1 CompilerThread1" daemon [_thread_blocked, id=2552, stack(0x0000000ab1a00000,0x0000000ab1b00000)]
  0x000001f9a148ae30 JavaThread "C1 CompilerThread2" daemon [_thread_blocked, id=7900, stack(0x0000000ab1b00000,0x0000000ab1c00000)]
  0x000001f9a155c9a0 JavaThread "Common-Cleaner" daemon [_thread_blocked, id=6964, stack(0x0000000ab1c00000,0x0000000ab1d00000)]
  0x000001f9a166dbe0 JavaThread "Notification Thread" daemon [_thread_blocked, id=19332, stack(0x0000000ab1f00000,0x0000000ab2000000)]
  0x000001f9e80b5650 JavaThread "C1 CompilerThread3" daemon [_thread_blocked, id=7980, stack(0x0000000ab2600000,0x0000000ab2700000)]
  0x000001f9e9082510 JavaThread "Daemon health stats" [_thread_blocked, id=11848, stack(0x0000000ab2700000,0x0000000ab2800000)]
  0x000001f9e94b3ad0 JavaThread "Incoming local TCP Connector on port 54626" [_thread_in_native, id=9676, stack(0x0000000ab2800000,0x0000000ab2900000)]
  0x000001f9e8ae25b0 JavaThread "Daemon periodic checks" [_thread_blocked, id=15564, stack(0x0000000ab2900000,0x0000000ab2a00000)]
  0x000001f9e88814c0 JavaThread "Daemon" [_thread_blocked, id=19980, stack(0x0000000ab2a00000,0x0000000ab2b00000)]
  0x000001f9e8f501e0 JavaThread "Handler for socket connection from /127.0.0.1:54626 to /127.0.0.1:54627" [_thread_in_native, id=6956, stack(0x0000000ab2b00000,0x0000000ab2c00000)]
  0x000001f9e9352860 JavaThread "Cancel handler" [_thread_blocked, id=20056, stack(0x0000000ab2c00000,0x0000000ab2d00000)]
  0x000001f9e93cbe90 JavaThread "Daemon worker" [_thread_in_vm, id=12328, stack(0x0000000ab2d00000,0x0000000ab2e00000)]
  0x000001f9e8e38790 JavaThread "Asynchronous log dispatcher for DefaultDaemonConnection: socket connection from /127.0.0.1:54626 to /127.0.0.1:54627" [_thread_blocked, id=892, stack(0x0000000ab2e00000,0x0000000ab2f00000)]
  0x000001f9e93c2eb0 JavaThread "Stdin handler" [_thread_blocked, id=14456, stack(0x0000000ab2f00000,0x0000000ab3000000)]
  0x000001f9e93c4800 JavaThread "Daemon client event forwarder" [_thread_blocked, id=14392, stack(0x0000000ab3000000,0x0000000ab3100000)]
  0x000001f9e93c6150 JavaThread "Cache worker for journal cache (C:\Users\Tuan Kiet\.gradle\caches\journal-1)" [_thread_blocked, id=6452, stack(0x0000000ab1d00000,0x0000000ab1e00000)]
  0x000001f9e93c5c40 JavaThread "File lock request listener" [_thread_in_native, id=14560, stack(0x0000000ab1e00000,0x0000000ab1f00000)]
=>0x000001f9e994ba10 JavaThread "C2 CompilerThread1" daemon [_thread_in_native, id=15944, stack(0x0000000ab3100000,0x0000000ab3200000)]
  0x000001f9e93c33c0 JavaThread "Cache worker for file hash cache (C:\Users\Tuan Kiet\.gradle\caches\8.7\fileHashes)" [_thread_blocked, id=12452, stack(0x0000000ab3200000,0x0000000ab3300000)]
  0x000001f9e93c38d0 JavaThread "Cache worker for file hash cache (D:\MobileApp-HY-21521696\.gradle\8.7\fileHashes)" [_thread_blocked, id=9648, stack(0x0000000ab3300000,0x0000000ab3400000)]
  0x000001f9e93c3de0 JavaThread "File watcher server" daemon [_thread_in_native, id=11688, stack(0x0000000ab3400000,0x0000000ab3500000)]
  0x000001f9e93c5730 JavaThread "File watcher consumer" daemon [_thread_blocked, id=2740, stack(0x0000000ab3e00000,0x0000000ab3f00000)]
  0x000001f9e93c42f0 JavaThread "jar transforms" [_thread_blocked, id=17320, stack(0x0000000ab3f00000,0x0000000ab4000000)]
  0x000001f9e93c5220 JavaThread "jar transforms Thread 2" [_thread_blocked, id=12532, stack(0x0000000ab4000000,0x0000000ab4100000)]
  0x000001f9e93c4d10 JavaThread "jar transforms Thread 3" [_thread_blocked, id=10996, stack(0x0000000ab4100000,0x0000000ab4200000)]
  0x000001f9ea215580 JavaThread "jar transforms Thread 4" [_thread_blocked, id=18760, stack(0x0000000ab4200000,0x0000000ab4300000)]
  0x000001f9ea215fa0 JavaThread "jar transforms Thread 5" [_thread_blocked, id=14432, stack(0x0000000ab4300000,0x0000000ab4400000)]
  0x000001f9ea2164b0 JavaThread "jar transforms Thread 6" [_thread_blocked, id=1244, stack(0x0000000ab4400000,0x0000000ab4500000)]
  0x000001f9ea2169c0 JavaThread "jar transforms Thread 7" [_thread_blocked, id=8780, stack(0x0000000ab4500000,0x0000000ab4600000)]
  0x000001f9ea216ed0 JavaThread "jar transforms Thread 8" [_thread_blocked, id=3892, stack(0x0000000ab4600000,0x0000000ab4700000)]
  0x000001f9ea215a90 JavaThread "jar transforms Thread 9" [_thread_blocked, id=18664, stack(0x0000000ab4700000,0x0000000ab4800000)]
  0x000001f9ea218310 JavaThread "jar transforms Thread 10" [_thread_blocked, id=7752, stack(0x0000000ab4800000,0x0000000ab4900000)]
  0x000001f9ea2173e0 JavaThread "jar transforms Thread 11" [_thread_blocked, id=18128, stack(0x0000000ab4900000,0x0000000ab4a00000)]
  0x000001f9ea2178f0 JavaThread "jar transforms Thread 12" [_thread_blocked, id=20084, stack(0x0000000ab4a00000,0x0000000ab4b00000)]
  0x000001f9ea217e00 JavaThread "jar transforms Thread 13" [_thread_blocked, id=10072, stack(0x0000000ab4b00000,0x0000000ab4c00000)]
  0x000001f9ea218820 JavaThread "jar transforms Thread 14" [_thread_blocked, id=9440, stack(0x0000000ab4c00000,0x0000000ab4d00000)]
  0x000001f9ea215070 JavaThread "jar transforms Thread 15" [_thread_blocked, id=4820, stack(0x0000000ab4d00000,0x0000000ab4e00000)]
  0x000001f9a14617a0 JavaThread "jar transforms Thread 16" [_thread_blocked, id=10508, stack(0x0000000ab4e00000,0x0000000ab4f00000)]
  0x000001f9a145fe50 JavaThread "Cache worker for checksums cache (D:\MobileApp-HY-21521696\.gradle\8.7\checksums)" [_thread_blocked, id=4228, stack(0x0000000ab5000000,0x0000000ab5100000)]
  0x000001f9a145a840 JavaThread "Cache worker for cache directory md-supplier (C:\Users\Tuan Kiet\.gradle\caches\8.7\md-supplier)" [_thread_blocked, id=4104, stack(0x0000000ab5100000,0x0000000ab5200000)]
  0x000001f9a145d5d0 JavaThread "Cache worker for cache directory md-rule (C:\Users\Tuan Kiet\.gradle\caches\8.7\md-rule)" [_thread_blocked, id=20204, stack(0x0000000ab5200000,0x0000000ab5300000)]
  0x000001f9a145d0c0 JavaThread "Cache worker for file content cache (C:\Users\Tuan Kiet\.gradle\caches\8.7\fileContent)" [_thread_blocked, id=2744, stack(0x0000000ab5300000,0x0000000ab5400000)]
  0x000001f9a145bc80 JavaThread "Unconstrained build operations" [_thread_blocked, id=3080, stack(0x0000000ab4f00000,0x0000000ab5000000)]
  0x000001f9a145b260 JavaThread "Unconstrained build operations Thread 2" [_thread_blocked, id=13056, stack(0x0000000ab5400000,0x0000000ab5500000)]
  0x000001f9a145c6a0 JavaThread "Unconstrained build operations Thread 3" [_thread_blocked, id=16444, stack(0x0000000ab5500000,0x0000000ab5600000)]
  0x000001f9a145dae0 JavaThread "Unconstrained build operations Thread 4" [_thread_blocked, id=18204, stack(0x0000000ab5600000,0x0000000ab5700000)]
  0x000001f9a145dff0 JavaThread "Unconstrained build operations Thread 5" [_thread_blocked, id=20240, stack(0x0000000ab5700000,0x0000000ab5800000)]
  0x000001f9a145cbb0 JavaThread "Unconstrained build operations Thread 6" [_thread_blocked, id=10336, stack(0x0000000ab5800000,0x0000000ab5900000)]
  0x000001f9a145e500 JavaThread "Unconstrained build operations Thread 7" [_thread_blocked, id=19104, stack(0x0000000ab5900000,0x0000000ab5a00000)]
  0x000001f9a145ad50 JavaThread "Unconstrained build operations Thread 8" [_thread_blocked, id=14760, stack(0x0000000ab5a00000,0x0000000ab5b00000)]
  0x000001f9a145b770 JavaThread "Unconstrained build operations Thread 9" [_thread_blocked, id=6232, stack(0x0000000ab5b00000,0x0000000ab5c00000)]
  0x000001f9a1461cb0 JavaThread "Unconstrained build operations Thread 10" [_thread_blocked, id=2884, stack(0x0000000ab5c00000,0x0000000ab5d00000)]
  0x000001f9a145ef20 JavaThread "Cache worker for Build Output Cleanup Cache (D:\MobileApp-HY-21521696\.gradle\buildOutputCleanup)" [_thread_blocked, id=7008, stack(0x0000000ab5d00000,0x0000000ab5e00000)]
  0x000001f9a145f430 JavaThread "Unconstrained build operations Thread 11" [_thread_blocked, id=19188, stack(0x0000000ab5e00000,0x0000000ab5f00000)]
  0x000001f9a145f940 JavaThread "Unconstrained build operations Thread 12" [_thread_blocked, id=15676, stack(0x0000000ab5f00000,0x0000000ab6000000)]
  0x000001f9a1460870 JavaThread "Unconstrained build operations Thread 13" [_thread_blocked, id=10012, stack(0x0000000ab6000000,0x0000000ab6100000)]
  0x000001f9a1460d80 JavaThread "Unconstrained build operations Thread 14" [_thread_blocked, id=2652, stack(0x0000000ab6100000,0x0000000ab6200000)]
  0x000001f9a1461290 JavaThread "Unconstrained build operations Thread 15" [_thread_blocked, id=13752, stack(0x0000000ab6200000,0x0000000ab6300000)]
  0x000001f9eb129bf0 JavaThread "Unconstrained build operations Thread 16" [_thread_blocked, id=9944, stack(0x0000000ab6300000,0x0000000ab6400000)]
  0x000001f9eb128cc0 JavaThread "Unconstrained build operations Thread 17" [_thread_blocked, id=10372, stack(0x0000000ab6400000,0x0000000ab6500000)]
  0x000001f9eb1291d0 JavaThread "Unconstrained build operations Thread 18" [_thread_blocked, id=4464, stack(0x0000000ab6500000,0x0000000ab6600000)]
  0x000001f9eb1296e0 JavaThread "Unconstrained build operations Thread 19" [_thread_blocked, id=11736, stack(0x0000000ab6600000,0x0000000ab6700000)]
  0x000001f9eb12a100 JavaThread "Unconstrained build operations Thread 20" [_thread_blocked, id=16976, stack(0x0000000ab6700000,0x0000000ab6800000)]
  0x000001f9eb12a610 JavaThread "Unconstrained build operations Thread 21" [_thread_blocked, id=16780, stack(0x0000000ab6800000,0x0000000ab6900000)]
  0x000001f9eb12ab20 JavaThread "Unconstrained build operations Thread 22" [_thread_blocked, id=8704, stack(0x0000000ab6900000,0x0000000ab6a00000)]
  0x000001f9eb1287b0 JavaThread "Unconstrained build operations Thread 23" [_thread_blocked, id=13356, stack(0x0000000ab6a00000,0x0000000ab6b00000)]
  0x000001f9eb12ba50 JavaThread "Unconstrained build operations Thread 24" [_thread_blocked, id=15928, stack(0x0000000ab6b00000,0x0000000ab6c00000)]
  0x000001f9eb12b540 JavaThread "Unconstrained build operations Thread 25" [_thread_blocked, id=7704, stack(0x0000000ab6c00000,0x0000000ab6d00000)]
  0x000001f9eb125a20 JavaThread "Unconstrained build operations Thread 26" [_thread_blocked, id=3936, stack(0x0000000ab6d00000,0x0000000ab6e00000)]
  0x000001f9eb126950 JavaThread "Unconstrained build operations Thread 27" [_thread_blocked, id=11228, stack(0x0000000ab6e00000,0x0000000ab6f00000)]
  0x000001f9eb125f30 JavaThread "Unconstrained build operations Thread 28" [_thread_blocked, id=15380, stack(0x0000000ab6f00000,0x0000000ab7000000)]
  0x000001f9eb12bf60 JavaThread "Unconstrained build operations Thread 29" [_thread_blocked, id=14344, stack(0x0000000ab7000000,0x0000000ab7100000)]
  0x000001f9eb124af0 JavaThread "Unconstrained build operations Thread 30" [_thread_blocked, id=17760, stack(0x0000000ab7100000,0x0000000ab7200000)]
  0x000001f9eb12c470 JavaThread "Unconstrained build operations Thread 31" [_thread_blocked, id=1924, stack(0x0000000ab7200000,0x0000000ab7300000)]
  0x000001f9eb12b030 JavaThread "Unconstrained build operations Thread 32" [_thread_blocked, id=19824, stack(0x0000000ab7300000,0x0000000ab7400000)]
  0x000001f9eb125000 JavaThread "Unconstrained build operations Thread 33" [_thread_blocked, id=7072, stack(0x0000000ab7400000,0x0000000ab7500000)]
  0x000001f9eb125510 JavaThread "Unconstrained build operations Thread 34" [_thread_blocked, id=2952, stack(0x0000000ab7500000,0x0000000ab7600000)]
  0x000001f9eb127370 JavaThread "Unconstrained build operations Thread 35" [_thread_blocked, id=18980, stack(0x0000000ab7600000,0x0000000ab7700000)]
  0x000001f9eb126440 JavaThread "Unconstrained build operations Thread 36" [_thread_blocked, id=19716, stack(0x0000000ab7700000,0x0000000ab7800000)]
  0x000001f9eb126e60 JavaThread "Unconstrained build operations Thread 37" [_thread_blocked, id=10032, stack(0x0000000ab7800000,0x0000000ab7900000)]
  0x000001f9eb127880 JavaThread "Unconstrained build operations Thread 38" [_thread_blocked, id=11596, stack(0x0000000ab7900000,0x0000000ab7a00000)]
  0x000001f9eb127d90 JavaThread "Unconstrained build operations Thread 39" [_thread_blocked, id=16548, stack(0x0000000ab7a00000,0x0000000ab7b00000)]
  0x000001f9eb1282a0 JavaThread "Unconstrained build operations Thread 40" [_thread_blocked, id=14480, stack(0x0000000ab7b00000,0x0000000ab7c00000)]

Other Threads:
  0x000001f9a13651e0 VMThread "VM Thread" [stack: 0x0000000ab1000000,0x0000000ab1100000] [id=18156]
  0x000001f98239ad40 WatcherThread [stack: 0x0000000ab2000000,0x0000000ab2100000] [id=5056]
  0x000001f9823f8ea0 GCTaskThread "GC Thread#0" [stack: 0x0000000ab0b00000,0x0000000ab0c00000] [id=8648]
  0x000001f9e7c77d50 GCTaskThread "GC Thread#1" [stack: 0x0000000ab2100000,0x0000000ab2200000] [id=20364]
  0x000001f9e770d050 GCTaskThread "GC Thread#2" [stack: 0x0000000ab2200000,0x0000000ab2300000] [id=7600]
  0x000001f9e7c55ab0 GCTaskThread "GC Thread#3" [stack: 0x0000000ab2300000,0x0000000ab2400000] [id=10628]
  0x000001f9e7d1aad0 GCTaskThread "GC Thread#4" [stack: 0x0000000ab2400000,0x0000000ab2500000] [id=4236]
  0x000001f9e7c63e20 GCTaskThread "GC Thread#5" [stack: 0x0000000ab2500000,0x0000000ab2600000] [id=12680]
  0x000001f9e96668c0 GCTaskThread "GC Thread#6" [stack: 0x0000000ab3500000,0x0000000ab3600000] [id=17652]
  0x000001f9e9666b80 GCTaskThread "GC Thread#7" [stack: 0x0000000ab3600000,0x0000000ab3700000] [id=18520]
  0x000001f9e9667940 GCTaskThread "GC Thread#8" [stack: 0x0000000ab3700000,0x0000000ab3800000] [id=6972]
  0x000001f9e9667c00 GCTaskThread "GC Thread#9" [stack: 0x0000000ab3800000,0x0000000ab3900000] [id=17072]
  0x000001f9e9666080 GCTaskThread "GC Thread#10" [stack: 0x0000000ab3900000,0x0000000ab3a00000] [id=2384]
  0x000001f9e9666340 GCTaskThread "GC Thread#11" [stack: 0x0000000ab3a00000,0x0000000ab3b00000] [id=13684]
  0x000001f9e9666600 GCTaskThread "GC Thread#12" [stack: 0x0000000ab3b00000,0x0000000ab3c00000] [id=7412]
  0x000001f982409df0 ConcurrentGCThread "G1 Main Marker" [stack: 0x0000000ab0c00000,0x0000000ab0d00000] [id=9028]
  0x000001f98240a810 ConcurrentGCThread "G1 Conc#0" [stack: 0x0000000ab0d00000,0x0000000ab0e00000] [id=6892]
  0x000001f9e9667680 ConcurrentGCThread "G1 Conc#1" [stack: 0x0000000ab3c00000,0x0000000ab3d00000] [id=11552]
  0x000001f9e9666e40 ConcurrentGCThread "G1 Conc#2" [stack: 0x0000000ab3d00000,0x0000000ab3e00000] [id=12108]
  0x000001f98244e780 ConcurrentGCThread "G1 Refine#0" [stack: 0x0000000ab0e00000,0x0000000ab0f00000] [id=19424]
  0x000001f9a121c480 ConcurrentGCThread "G1 Service" [stack: 0x0000000ab0f00000,0x0000000ab1000000] [id=7176]

Threads with active compile tasks:
C2 CompilerThread1    13321 7029       4       sun.reflect.generics.parser.SignatureParser::parsePackageNameAndSimpleClassTypeSignature (119 bytes)

VM state: not at safepoint (normal execution)

VM Mutex/Monitor currently owned by a thread: None

Heap address: 0x0000000080000000, size: 2048 MB, Compressed Oops mode: 32-bit

CDS archive(s) mapped at: [0x000001f9a2000000-0x000001f9a2bb0000-0x000001f9a2bb0000), size 12255232, SharedBaseAddress: 0x000001f9a2000000, ArchiveRelocationMode: 1.
Compressed class space mapped at: 0x000001f9a3000000-0x000001f9e3000000, reserved size: 1073741824
Narrow klass base: 0x000001f9a2000000, Narrow klass shift: 0, Narrow klass range: 0x100000000

GC Precious Log:
 CPUs: 16 total, 16 available
 Memory: 15987M
 Large Page Support: Disabled
 NUMA Support: Disabled
 Compressed Oops: Enabled (32-bit)
 Heap Region Size: 1M
 Heap Min Capacity: 8M
 Heap Initial Capacity: 250M
 Heap Max Capacity: 2G
 Pre-touch: Disabled
 Parallel Workers: 13
 Concurrent Workers: 3
 Concurrent Refinement Workers: 13
 Periodic GC: Disabled

Heap:
 garbage-first heap   total 193536K, used 149161K [0x0000000080000000, 0x0000000100000000)
  region size 1024K, 62 young (63488K), 2 survivors (2048K)
 Metaspace       used 55033K, committed 55744K, reserved 1114112K
  class space    used 7646K, committed 8000K, reserved 1048576K

Heap Regions: E=young(eden), S=young(survivor), O=old, HS=humongous(starts), HC=humongous(continues), CS=collection set, F=free, OA=open archive, CA=closed archive, TAMS=top-at-mark-start (previous, next)
|   0|0x0000000080000000, 0x0000000080100000, 0x0000000080100000|100%|HS|  |TAMS 0x0000000080100000, 0x0000000080100000| Complete 
|   1|0x0000000080100000, 0x0000000080200000, 0x0000000080200000|100%|HC|  |TAMS 0x0000000080200000, 0x0000000080200000| Complete 
|   2|0x0000000080200000, 0x0000000080300000, 0x0000000080300000|100%|HC|  |TAMS 0x0000000080300000, 0x0000000080300000| Complete 
|   3|0x0000000080300000, 0x0000000080400000, 0x0000000080400000|100%|HC|  |TAMS 0x0000000080400000, 0x0000000080400000| Complete 
|   4|0x0000000080400000, 0x0000000080500000, 0x0000000080500000|100%| O|  |TAMS 0x0000000080500000, 0x0000000080500000| Untracked 
|   5|0x0000000080500000, 0x0000000080600000, 0x0000000080600000|100%| O|  |TAMS 0x0000000080600000, 0x0000000080600000| Untracked 
|   6|0x0000000080600000, 0x0000000080700000, 0x0000000080700000|100%| O|  |TAMS 0x0000000080700000, 0x0000000080700000| Untracked 
|   7|0x0000000080700000, 0x0000000080800000, 0x0000000080800000|100%| O|  |TAMS 0x0000000080800000, 0x0000000080800000| Untracked 
|   8|0x0000000080800000, 0x0000000080900000, 0x0000000080900000|100%| O|  |TAMS 0x0000000080900000, 0x0000000080900000| Untracked 
|   9|0x0000000080900000, 0x0000000080a00000, 0x0000000080a00000|100%| O|  |TAMS 0x0000000080a00000, 0x0000000080a00000| Untracked 
|  10|0x0000000080a00000, 0x0000000080aba000, 0x0000000080b00000| 72%| O|  |TAMS 0x0000000080aba000, 0x0000000080aba000| Untracked 
|  11|0x0000000080b00000, 0x0000000080c00000, 0x0000000080c00000|100%|HS|  |TAMS 0x0000000080c00000, 0x0000000080c00000| Complete 
|  12|0x0000000080c00000, 0x0000000080d00000, 0x0000000080d00000|100%|HC|  |TAMS 0x0000000080d00000, 0x0000000080d00000| Complete 
|  13|0x0000000080d00000, 0x0000000080e00000, 0x0000000080e00000|100%|HC|  |TAMS 0x0000000080e00000, 0x0000000080e00000| Complete 
|  14|0x0000000080e00000, 0x0000000080f00000, 0x0000000080f00000|100%|HC|  |TAMS 0x0000000080f00000, 0x0000000080f00000| Complete 
|  15|0x0000000080f00000, 0x0000000081000000, 0x0000000081000000|100%|HC|  |TAMS 0x0000000081000000, 0x0000000081000000| Complete 
|  16|0x0000000081000000, 0x0000000081100000, 0x0000000081100000|100%|HC|  |TAMS 0x0000000081100000, 0x0000000081100000| Complete 
|  17|0x0000000081100000, 0x0000000081200000, 0x0000000081200000|100%|HS|  |TAMS 0x0000000081200000, 0x0000000081200000| Complete 
|  18|0x0000000081200000, 0x0000000081300000, 0x0000000081300000|100%|HC|  |TAMS 0x0000000081300000, 0x0000000081300000| Complete 
|  19|0x0000000081300000, 0x0000000081400000, 0x0000000081400000|100%|HC|  |TAMS 0x0000000081400000, 0x0000000081400000| Complete 
|  20|0x0000000081400000, 0x0000000081500000, 0x0000000081500000|100%|HC|  |TAMS 0x0000000081500000, 0x0000000081500000| Complete 
|  21|0x0000000081500000, 0x0000000081600000, 0x0000000081600000|100%|HS|  |TAMS 0x0000000081600000, 0x0000000081600000| Complete 
|  22|0x0000000081600000, 0x0000000081700000, 0x0000000081700000|100%|HC|  |TAMS 0x0000000081700000, 0x0000000081700000| Complete 
|  23|0x0000000081700000, 0x0000000081800000, 0x0000000081800000|100%|HS|  |TAMS 0x0000000081800000, 0x0000000081800000| Complete 
|  24|0x0000000081800000, 0x0000000081900000, 0x0000000081900000|100%| O|  |TAMS 0x0000000081900000, 0x0000000081900000| Untracked 
|  25|0x0000000081900000, 0x0000000081a00000, 0x0000000081a00000|100%| O|  |TAMS 0x0000000081a00000, 0x0000000081a00000| Untracked 
|  26|0x0000000081a00000, 0x0000000081b00000, 0x0000000081b00000|100%| O|  |TAMS 0x0000000081b00000, 0x0000000081b00000| Untracked 
|  27|0x0000000081b00000, 0x0000000081c00000, 0x0000000081c00000|100%| O|  |TAMS 0x0000000081c00000, 0x0000000081c00000| Untracked 
|  28|0x0000000081c00000, 0x0000000081d00000, 0x0000000081d00000|100%| O|  |TAMS 0x0000000081d00000, 0x0000000081d00000| Untracked 
|  29|0x0000000081d00000, 0x0000000081e00000, 0x0000000081e00000|100%| O|  |TAMS 0x0000000081e00000, 0x0000000081e00000| Untracked 
|  30|0x0000000081e00000, 0x0000000081f00000, 0x0000000081f00000|100%| O|  |TAMS 0x0000000081f00000, 0x0000000081f00000| Untracked 
|  31|0x0000000081f00000, 0x0000000082000000, 0x0000000082000000|100%|HS|  |TAMS 0x0000000081f00000, 0x0000000082000000| Complete 
|  32|0x0000000082000000, 0x0000000082100000, 0x0000000082100000|100%| O|  |TAMS 0x0000000082100000, 0x0000000082100000| Untracked 
|  33|0x0000000082100000, 0x0000000082200000, 0x0000000082200000|100%| O|  |TAMS 0x0000000082200000, 0x0000000082200000| Untracked 
|  34|0x0000000082200000, 0x0000000082300000, 0x0000000082300000|100%| O|  |TAMS 0x0000000082300000, 0x0000000082300000| Untracked 
|  35|0x0000000082300000, 0x0000000082400000, 0x0000000082400000|100%| O|  |TAMS 0x0000000082400000, 0x0000000082400000| Untracked 
|  36|0x0000000082400000, 0x0000000082500000, 0x0000000082500000|100%| O|  |TAMS 0x0000000082500000, 0x0000000082500000| Untracked 
|  37|0x0000000082500000, 0x0000000082600000, 0x0000000082600000|100%| O|  |TAMS 0x0000000082600000, 0x0000000082600000| Untracked 
|  38|0x0000000082600000, 0x0000000082700000, 0x0000000082700000|100%| O|  |TAMS 0x0000000082700000, 0x0000000082700000| Untracked 
|  39|0x0000000082700000, 0x0000000082800000, 0x0000000082800000|100%|HS|  |TAMS 0x0000000082700000, 0x0000000082800000| Complete 
|  40|0x0000000082800000, 0x0000000082900000, 0x0000000082900000|100%| O|  |TAMS 0x0000000082900000, 0x0000000082900000| Untracked 
|  41|0x0000000082900000, 0x0000000082a00000, 0x0000000082a00000|100%| O|  |TAMS 0x0000000082a00000, 0x0000000082a00000| Untracked 
|  42|0x0000000082a00000, 0x0000000082b00000, 0x0000000082b00000|100%| O|  |TAMS 0x0000000082b00000, 0x0000000082b00000| Untracked 
|  43|0x0000000082b00000, 0x0000000082c00000, 0x0000000082c00000|100%|HS|  |TAMS 0x0000000082c00000, 0x0000000082c00000| Complete 
|  44|0x0000000082c00000, 0x0000000082d00000, 0x0000000082d00000|100%|HC|  |TAMS 0x0000000082d00000, 0x0000000082d00000| Complete 
|  45|0x0000000082d00000, 0x0000000082e00000, 0x0000000082e00000|100%|HS|  |TAMS 0x0000000082e00000, 0x0000000082e00000| Complete 
|  46|0x0000000082e00000, 0x0000000082f00000, 0x0000000082f00000|100%|HC|  |TAMS 0x0000000082f00000, 0x0000000082f00000| Complete 
|  47|0x0000000082f00000, 0x0000000083000000, 0x0000000083000000|100%|HC|  |TAMS 0x0000000083000000, 0x0000000083000000| Complete 
|  48|0x0000000083000000, 0x0000000083100000, 0x0000000083100000|100%|HC|  |TAMS 0x0000000083100000, 0x0000000083100000| Complete 
|  49|0x0000000083100000, 0x0000000083200000, 0x0000000083200000|100%|HC|  |TAMS 0x0000000083200000, 0x0000000083200000| Complete 
|  50|0x0000000083200000, 0x0000000083300000, 0x0000000083300000|100%|HC|  |TAMS 0x0000000083300000, 0x0000000083300000| Complete 
|  51|0x0000000083300000, 0x0000000083400000, 0x0000000083400000|100%|HS|  |TAMS 0x0000000083400000, 0x0000000083400000| Complete 
|  52|0x0000000083400000, 0x0000000083500000, 0x0000000083500000|100%|HC|  |TAMS 0x0000000083500000, 0x0000000083500000| Complete 
|  53|0x0000000083500000, 0x0000000083600000, 0x0000000083600000|100%|HC|  |TAMS 0x0000000083600000, 0x0000000083600000| Complete 
|  54|0x0000000083600000, 0x0000000083700000, 0x0000000083700000|100%|HC|  |TAMS 0x0000000083700000, 0x0000000083700000| Complete 
|  55|0x0000000083700000, 0x0000000083800000, 0x0000000083800000|100%|HC|  |TAMS 0x0000000083800000, 0x0000000083800000| Complete 
|  56|0x0000000083800000, 0x0000000083900000, 0x0000000083900000|100%|HC|  |TAMS 0x0000000083900000, 0x0000000083900000| Complete 
|  57|0x0000000083900000, 0x0000000083a00000, 0x0000000083a00000|100%| O|  |TAMS 0x0000000083a00000, 0x0000000083a00000| Untracked 
|  58|0x0000000083a00000, 0x0000000083b00000, 0x0000000083b00000|100%| O|  |TAMS 0x0000000083b00000, 0x0000000083b00000| Untracked 
|  59|0x0000000083b00000, 0x0000000083c00000, 0x0000000083c00000|100%| O|  |TAMS 0x0000000083c00000, 0x0000000083c00000| Untracked 
|  60|0x0000000083c00000, 0x0000000083d00000, 0x0000000083d00000|100%| O|  |TAMS 0x0000000083d00000, 0x0000000083d00000| Untracked 
|  61|0x0000000083d00000, 0x0000000083e00000, 0x0000000083e00000|100%|HS|  |TAMS 0x0000000083d00000, 0x0000000083e00000| Complete 
|  62|0x0000000083e00000, 0x0000000083f00000, 0x0000000083f00000|100%|HS|  |TAMS 0x0000000083e00000, 0x0000000083f00000| Complete 
|  63|0x0000000083f00000, 0x0000000084000000, 0x0000000084000000|100%|HS|  |TAMS 0x0000000083f00000, 0x0000000084000000| Complete 
|  64|0x0000000084000000, 0x0000000084100000, 0x0000000084100000|100%| O|  |TAMS 0x0000000084000000, 0x0000000084100000| Untracked 
|  65|0x0000000084100000, 0x0000000084200000, 0x0000000084200000|100%| O|  |TAMS 0x0000000084100000, 0x0000000084200000| Untracked 
|  66|0x0000000084200000, 0x0000000084300000, 0x0000000084300000|100%| O|  |TAMS 0x0000000084300000, 0x0000000084300000| Untracked 
|  67|0x0000000084300000, 0x0000000084400000, 0x0000000084400000|100%| O|  |TAMS 0x0000000084400000, 0x0000000084400000| Untracked 
|  68|0x0000000084400000, 0x0000000084500000, 0x0000000084500000|100%| O|  |TAMS 0x0000000084416c00, 0x0000000084500000| Untracked 
|  69|0x0000000084500000, 0x0000000084600000, 0x0000000084600000|100%| O|  |TAMS 0x0000000084500000, 0x0000000084600000| Untracked 
|  70|0x0000000084600000, 0x0000000084700000, 0x0000000084700000|100%| O|  |TAMS 0x0000000084600000, 0x0000000084700000| Untracked 
|  71|0x0000000084700000, 0x0000000084800000, 0x0000000084800000|100%| O|  |TAMS 0x0000000084700000, 0x0000000084800000| Untracked 
|  72|0x0000000084800000, 0x0000000084900000, 0x0000000084900000|100%| O|  |TAMS 0x0000000084800000, 0x0000000084900000| Untracked 
|  73|0x0000000084900000, 0x0000000084a00000, 0x0000000084a00000|100%| O|  |TAMS 0x0000000084900000, 0x0000000084a00000| Untracked 
|  74|0x0000000084a00000, 0x0000000084b00000, 0x0000000084b00000|100%| O|  |TAMS 0x0000000084a00000, 0x0000000084b00000| Untracked 
|  75|0x0000000084b00000, 0x0000000084c00000, 0x0000000084c00000|100%| O|  |TAMS 0x0000000084b00000, 0x0000000084c00000| Untracked 
|  76|0x0000000084c00000, 0x0000000084d00000, 0x0000000084d00000|100%| O|  |TAMS 0x0000000084c00000, 0x0000000084d00000| Untracked 
|  77|0x0000000084d00000, 0x0000000084d55800, 0x0000000084e00000| 33%| O|  |TAMS 0x0000000084d00000, 0x0000000084d55800| Untracked 
|  78|0x0000000084e00000, 0x0000000084f00000, 0x0000000084f00000|100%|HS|  |TAMS 0x0000000084e00000, 0x0000000084e00000| Complete 
|  79|0x0000000084f00000, 0x0000000084f00000, 0x0000000085000000|  0%| F|  |TAMS 0x0000000084f00000, 0x0000000084f00000| Untracked 
|  80|0x0000000085000000, 0x0000000085000000, 0x0000000085100000|  0%| F|  |TAMS 0x0000000085000000, 0x0000000085000000| Untracked 
|  81|0x0000000085100000, 0x0000000085100000, 0x0000000085200000|  0%| F|  |TAMS 0x0000000085100000, 0x0000000085100000| Untracked 
|  82|0x0000000085200000, 0x0000000085200000, 0x0000000085300000|  0%| F|  |TAMS 0x0000000085200000, 0x0000000085200000| Untracked 
|  83|0x0000000085300000, 0x0000000085300000, 0x0000000085400000|  0%| F|  |TAMS 0x0000000085300000, 0x0000000085300000| Untracked 
|  84|0x0000000085400000, 0x0000000085400000, 0x0000000085500000|  0%| F|  |TAMS 0x0000000085400000, 0x0000000085400000| Untracked 
|  85|0x0000000085500000, 0x0000000085500000, 0x0000000085600000|  0%| F|  |TAMS 0x0000000085500000, 0x0000000085500000| Untracked 
|  86|0x0000000085600000, 0x0000000085600000, 0x0000000085700000|  0%| F|  |TAMS 0x0000000085600000, 0x0000000085600000| Untracked 
|  87|0x0000000085700000, 0x0000000085700000, 0x0000000085800000|  0%| F|  |TAMS 0x0000000085700000, 0x0000000085700000| Untracked 
|  88|0x0000000085800000, 0x0000000085800000, 0x0000000085900000|  0%| F|  |TAMS 0x0000000085800000, 0x0000000085800000| Untracked 
|  89|0x0000000085900000, 0x0000000085900000, 0x0000000085a00000|  0%| F|  |TAMS 0x0000000085900000, 0x0000000085900000| Untracked 
|  90|0x0000000085a00000, 0x0000000085a00000, 0x0000000085b00000|  0%| F|  |TAMS 0x0000000085a00000, 0x0000000085a00000| Untracked 
|  91|0x0000000085b00000, 0x0000000085b00000, 0x0000000085c00000|  0%| F|  |TAMS 0x0000000085b00000, 0x0000000085b00000| Untracked 
|  92|0x0000000085c00000, 0x0000000085c00000, 0x0000000085d00000|  0%| F|  |TAMS 0x0000000085c00000, 0x0000000085c00000| Untracked 
|  93|0x0000000085d00000, 0x0000000085d00000, 0x0000000085e00000|  0%| F|  |TAMS 0x0000000085d00000, 0x0000000085d00000| Untracked 
|  94|0x0000000085e00000, 0x0000000085e00000, 0x0000000085f00000|  0%| F|  |TAMS 0x0000000085e00000, 0x0000000085e00000| Untracked 
|  95|0x0000000085f00000, 0x0000000085f00000, 0x0000000086000000|  0%| F|  |TAMS 0x0000000085f00000, 0x0000000085f00000| Untracked 
|  96|0x0000000086000000, 0x0000000086000000, 0x0000000086100000|  0%| F|  |TAMS 0x0000000086000000, 0x0000000086000000| Untracked 
|  97|0x0000000086100000, 0x0000000086100000, 0x0000000086200000|  0%| F|  |TAMS 0x0000000086100000, 0x0000000086100000| Untracked 
|  98|0x0000000086200000, 0x0000000086200000, 0x0000000086300000|  0%| F|  |TAMS 0x0000000086200000, 0x0000000086200000| Untracked 
|  99|0x0000000086300000, 0x0000000086300000, 0x0000000086400000|  0%| F|  |TAMS 0x0000000086300000, 0x0000000086300000| Untracked 
| 100|0x0000000086400000, 0x0000000086400000, 0x0000000086500000|  0%| F|  |TAMS 0x0000000086400000, 0x0000000086400000| Untracked 
| 101|0x0000000086500000, 0x0000000086500000, 0x0000000086600000|  0%| F|  |TAMS 0x0000000086500000, 0x0000000086500000| Untracked 
| 102|0x0000000086600000, 0x0000000086600000, 0x0000000086700000|  0%| F|  |TAMS 0x0000000086600000, 0x0000000086600000| Untracked 
| 103|0x0000000086700000, 0x0000000086700000, 0x0000000086800000|  0%| F|  |TAMS 0x0000000086700000, 0x0000000086700000| Untracked 
| 104|0x0000000086800000, 0x0000000086800000, 0x0000000086900000|  0%| F|  |TAMS 0x0000000086800000, 0x0000000086800000| Untracked 
| 105|0x0000000086900000, 0x0000000086900000, 0x0000000086a00000|  0%| F|  |TAMS 0x0000000086900000, 0x0000000086900000| Untracked 
| 106|0x0000000086a00000, 0x0000000086a00000, 0x0000000086b00000|  0%| F|  |TAMS 0x0000000086a00000, 0x0000000086a00000| Untracked 
| 107|0x0000000086b00000, 0x0000000086b00000, 0x0000000086c00000|  0%| F|  |TAMS 0x0000000086b00000, 0x0000000086b00000| Untracked 
| 108|0x0000000086c00000, 0x0000000086c00000, 0x0000000086d00000|  0%| F|  |TAMS 0x0000000086c00000, 0x0000000086c00000| Untracked 
| 109|0x0000000086d00000, 0x0000000086d00000, 0x0000000086e00000|  0%| F|  |TAMS 0x0000000086d00000, 0x0000000086d00000| Untracked 
| 110|0x0000000086e00000, 0x0000000086e00000, 0x0000000086f00000|  0%| F|  |TAMS 0x0000000086e00000, 0x0000000086e00000| Untracked 
| 111|0x0000000086f00000, 0x0000000086f00000, 0x0000000087000000|  0%| F|  |TAMS 0x0000000086f00000, 0x0000000086f00000| Untracked 
| 112|0x0000000087000000, 0x0000000087000000, 0x0000000087100000|  0%| F|  |TAMS 0x0000000087000000, 0x0000000087000000| Untracked 
| 113|0x0000000087100000, 0x0000000087100000, 0x0000000087200000|  0%| F|  |TAMS 0x0000000087100000, 0x0000000087100000| Untracked 
| 114|0x0000000087200000, 0x0000000087200000, 0x0000000087300000|  0%| F|  |TAMS 0x0000000087200000, 0x0000000087200000| Untracked 
| 115|0x0000000087300000, 0x0000000087300000, 0x0000000087400000|  0%| F|  |TAMS 0x0000000087300000, 0x0000000087300000| Untracked 
| 116|0x0000000087400000, 0x0000000087400000, 0x0000000087500000|  0%| F|  |TAMS 0x0000000087400000, 0x0000000087400000| Untracked 
| 117|0x0000000087500000, 0x0000000087500000, 0x0000000087600000|  0%| F|  |TAMS 0x0000000087500000, 0x0000000087500000| Untracked 
| 118|0x0000000087600000, 0x0000000087600000, 0x0000000087700000|  0%| F|  |TAMS 0x0000000087600000, 0x0000000087600000| Untracked 
| 119|0x0000000087700000, 0x0000000087700000, 0x0000000087800000|  0%| F|  |TAMS 0x0000000087700000, 0x0000000087700000| Untracked 
| 120|0x0000000087800000, 0x0000000087900000, 0x0000000087900000|100%| E|  |TAMS 0x0000000087800000, 0x0000000087800000| Complete 
| 121|0x0000000087900000, 0x0000000087a00000, 0x0000000087a00000|100%| E|CS|TAMS 0x0000000087900000, 0x0000000087900000| Complete 
| 122|0x0000000087a00000, 0x0000000087b00000, 0x0000000087b00000|100%| E|CS|TAMS 0x0000000087a00000, 0x0000000087a00000| Complete 
| 123|0x0000000087b00000, 0x0000000087c00000, 0x0000000087c00000|100%| E|CS|TAMS 0x0000000087b00000, 0x0000000087b00000| Complete 
| 124|0x0000000087c00000, 0x0000000087d00000, 0x0000000087d00000|100%| E|CS|TAMS 0x0000000087c00000, 0x0000000087c00000| Complete 
| 125|0x0000000087d00000, 0x0000000087e00000, 0x0000000087e00000|100%| E|CS|TAMS 0x0000000087d00000, 0x0000000087d00000| Complete 
| 126|0x0000000087e00000, 0x0000000087f00000, 0x0000000087f00000|100%| E|CS|TAMS 0x0000000087e00000, 0x0000000087e00000| Complete 
| 127|0x0000000087f00000, 0x0000000088000000, 0x0000000088000000|100%| E|CS|TAMS 0x0000000087f00000, 0x0000000087f00000| Complete 
| 128|0x0000000088000000, 0x0000000088100000, 0x0000000088100000|100%| E|CS|TAMS 0x0000000088000000, 0x0000000088000000| Complete 
| 129|0x0000000088100000, 0x0000000088200000, 0x0000000088200000|100%| E|CS|TAMS 0x0000000088100000, 0x0000000088100000| Complete 
| 130|0x0000000088200000, 0x0000000088300000, 0x0000000088300000|100%| E|CS|TAMS 0x0000000088200000, 0x0000000088200000| Complete 
| 131|0x0000000088300000, 0x0000000088400000, 0x0000000088400000|100%| E|CS|TAMS 0x0000000088300000, 0x0000000088300000| Complete 
| 132|0x0000000088400000, 0x0000000088500000, 0x0000000088500000|100%| E|CS|TAMS 0x0000000088400000, 0x0000000088400000| Complete 
| 133|0x0000000088500000, 0x0000000088600000, 0x0000000088600000|100%| E|CS|TAMS 0x0000000088500000, 0x0000000088500000| Complete 
| 134|0x0000000088600000, 0x0000000088700000, 0x0000000088700000|100%| E|CS|TAMS 0x0000000088600000, 0x0000000088600000| Complete 
| 135|0x0000000088700000, 0x0000000088800000, 0x0000000088800000|100%| E|CS|TAMS 0x0000000088700000, 0x0000000088700000| Complete 
| 136|0x0000000088800000, 0x0000000088900000, 0x0000000088900000|100%| E|CS|TAMS 0x0000000088800000, 0x0000000088800000| Complete 
| 137|0x0000000088900000, 0x0000000088a00000, 0x0000000088a00000|100%| E|CS|TAMS 0x0000000088900000, 0x0000000088900000| Complete 
| 138|0x0000000088a00000, 0x0000000088b00000, 0x0000000088b00000|100%| E|CS|TAMS 0x0000000088a00000, 0x0000000088a00000| Complete 
| 139|0x0000000088b00000, 0x0000000088c00000, 0x0000000088c00000|100%| E|CS|TAMS 0x0000000088b00000, 0x0000000088b00000| Complete 
| 140|0x0000000088c00000, 0x0000000088d00000, 0x0000000088d00000|100%| E|CS|TAMS 0x0000000088c00000, 0x0000000088c00000| Complete 
| 141|0x0000000088d00000, 0x0000000088e00000, 0x0000000088e00000|100%| E|CS|TAMS 0x0000000088d00000, 0x0000000088d00000| Complete 
| 142|0x0000000088e00000, 0x0000000088f00000, 0x0000000088f00000|100%| E|CS|TAMS 0x0000000088e00000, 0x0000000088e00000| Complete 
| 143|0x0000000088f00000, 0x0000000089000000, 0x0000000089000000|100%| E|CS|TAMS 0x0000000088f00000, 0x0000000088f00000| Complete 
| 144|0x0000000089000000, 0x0000000089100000, 0x0000000089100000|100%| E|CS|TAMS 0x0000000089000000, 0x0000000089000000| Complete 
| 145|0x0000000089100000, 0x0000000089200000, 0x0000000089200000|100%| E|CS|TAMS 0x0000000089100000, 0x0000000089100000| Complete 
| 146|0x0000000089200000, 0x0000000089300000, 0x0000000089300000|100%| E|CS|TAMS 0x0000000089200000, 0x0000000089200000| Complete 
| 147|0x0000000089300000, 0x0000000089400000, 0x0000000089400000|100%| E|CS|TAMS 0x0000000089300000, 0x0000000089300000| Complete 
| 148|0x0000000089400000, 0x0000000089500000, 0x0000000089500000|100%| E|CS|TAMS 0x0000000089400000, 0x0000000089400000| Complete 
| 149|0x0000000089500000, 0x0000000089600000, 0x0000000089600000|100%| E|CS|TAMS 0x0000000089500000, 0x0000000089500000| Complete 
| 150|0x0000000089600000, 0x0000000089700000, 0x0000000089700000|100%| E|CS|TAMS 0x0000000089600000, 0x0000000089600000| Complete 
| 151|0x0000000089700000, 0x0000000089800000, 0x0000000089800000|100%| E|CS|TAMS 0x0000000089700000, 0x0000000089700000| Complete 
| 152|0x0000000089800000, 0x0000000089900000, 0x0000000089900000|100%| E|CS|TAMS 0x0000000089800000, 0x0000000089800000| Complete 
| 153|0x0000000089900000, 0x0000000089a00000, 0x0000000089a00000|100%| E|CS|TAMS 0x0000000089900000, 0x0000000089900000| Complete 
| 154|0x0000000089a00000, 0x0000000089b00000, 0x0000000089b00000|100%| E|CS|TAMS 0x0000000089a00000, 0x0000000089a00000| Complete 
| 155|0x0000000089b00000, 0x0000000089c00000, 0x0000000089c00000|100%| E|CS|TAMS 0x0000000089b00000, 0x0000000089b00000| Complete 
| 156|0x0000000089c00000, 0x0000000089d00000, 0x0000000089d00000|100%| E|CS|TAMS 0x0000000089c00000, 0x0000000089c00000| Complete 
| 157|0x0000000089d00000, 0x0000000089e00000, 0x0000000089e00000|100%| E|CS|TAMS 0x0000000089d00000, 0x0000000089d00000| Complete 
| 158|0x0000000089e00000, 0x0000000089f00000, 0x0000000089f00000|100%| E|CS|TAMS 0x0000000089e00000, 0x0000000089e00000| Complete 
| 159|0x0000000089f00000, 0x000000008a000000, 0x000000008a000000|100%| E|CS|TAMS 0x0000000089f00000, 0x0000000089f00000| Complete 
| 160|0x000000008a000000, 0x000000008a100000, 0x000000008a100000|100%| E|CS|TAMS 0x000000008a000000, 0x000000008a000000| Complete 
| 161|0x000000008a100000, 0x000000008a19aca0, 0x000000008a200000| 60%| S|CS|TAMS 0x000000008a100000, 0x000000008a100000| Complete 
| 162|0x000000008a200000, 0x000000008a300000, 0x000000008a300000|100%| S|CS|TAMS 0x000000008a200000, 0x000000008a200000| Complete 
| 163|0x000000008a300000, 0x000000008a400000, 0x000000008a400000|100%| E|CS|TAMS 0x000000008a300000, 0x000000008a300000| Complete 
| 164|0x000000008a400000, 0x000000008a500000, 0x000000008a500000|100%| E|CS|TAMS 0x000000008a400000, 0x000000008a400000| Complete 
| 165|0x000000008a500000, 0x000000008a600000, 0x000000008a600000|100%| E|CS|TAMS 0x000000008a500000, 0x000000008a500000| Complete 
| 166|0x000000008a600000, 0x000000008a700000, 0x000000008a700000|100%| E|CS|TAMS 0x000000008a600000, 0x000000008a600000| Complete 
| 167|0x000000008a700000, 0x000000008a800000, 0x000000008a800000|100%| E|CS|TAMS 0x000000008a700000, 0x000000008a700000| Complete 
| 168|0x000000008a800000, 0x000000008a900000, 0x000000008a900000|100%| E|CS|TAMS 0x000000008a800000, 0x000000008a800000| Complete 
| 169|0x000000008a900000, 0x000000008aa00000, 0x000000008aa00000|100%| E|CS|TAMS 0x000000008a900000, 0x000000008a900000| Complete 
| 170|0x000000008aa00000, 0x000000008ab00000, 0x000000008ab00000|100%| E|CS|TAMS 0x000000008aa00000, 0x000000008aa00000| Complete 
| 171|0x000000008ab00000, 0x000000008ac00000, 0x000000008ac00000|100%| E|CS|TAMS 0x000000008ab00000, 0x000000008ab00000| Complete 
| 172|0x000000008ac00000, 0x000000008ad00000, 0x000000008ad00000|100%| E|CS|TAMS 0x000000008ac00000, 0x000000008ac00000| Complete 
| 173|0x000000008ad00000, 0x000000008ae00000, 0x000000008ae00000|100%| E|CS|TAMS 0x000000008ad00000, 0x000000008ad00000| Complete 
| 174|0x000000008ae00000, 0x000000008af00000, 0x000000008af00000|100%| E|CS|TAMS 0x000000008ae00000, 0x000000008ae00000| Complete 
| 175|0x000000008af00000, 0x000000008b000000, 0x000000008b000000|100%| E|CS|TAMS 0x000000008af00000, 0x000000008af00000| Complete 
| 176|0x000000008b000000, 0x000000008b100000, 0x000000008b100000|100%| E|CS|TAMS 0x000000008b000000, 0x000000008b000000| Complete 
| 177|0x000000008b100000, 0x000000008b200000, 0x000000008b200000|100%| E|CS|TAMS 0x000000008b100000, 0x000000008b100000| Complete 
| 178|0x000000008b200000, 0x000000008b300000, 0x000000008b300000|100%| E|CS|TAMS 0x000000008b200000, 0x000000008b200000| Complete 
| 179|0x000000008b300000, 0x000000008b400000, 0x000000008b400000|100%| E|CS|TAMS 0x000000008b300000, 0x000000008b300000| Complete 
| 180|0x000000008b400000, 0x000000008b500000, 0x000000008b500000|100%| E|CS|TAMS 0x000000008b400000, 0x000000008b400000| Complete 
| 249|0x000000008f900000, 0x000000008fa00000, 0x000000008fa00000|100%| E|CS|TAMS 0x000000008f900000, 0x000000008f900000| Complete 
|2041|0x00000000ff900000, 0x00000000ffa00000, 0x00000000ffa00000|100%| O|  |TAMS 0x00000000ffa00000, 0x00000000ffa00000| Untracked 
|2042|0x00000000ffa00000, 0x00000000ffb00000, 0x00000000ffb00000|100%| O|  |TAMS 0x00000000ffb00000, 0x00000000ffb00000| Untracked 
|2043|0x00000000ffb00000, 0x00000000ffc00000, 0x00000000ffc00000|100%| O|  |TAMS 0x00000000ffc00000, 0x00000000ffc00000| Untracked 
|2044|0x00000000ffc00000, 0x00000000ffd00000, 0x00000000ffd00000|100%| O|  |TAMS 0x00000000ffd00000, 0x00000000ffd00000| Untracked 
|2045|0x00000000ffd00000, 0x00000000ffe00000, 0x00000000ffe00000|100%| O|  |TAMS 0x00000000ffe00000, 0x00000000ffe00000| Untracked 
|2046|0x00000000ffe00000, 0x00000000fff00000, 0x00000000fff00000|100%| O|  |TAMS 0x00000000fff00000, 0x00000000fff00000| Untracked 
|2047|0x00000000fff00000, 0x0000000100000000, 0x0000000100000000|100%| O|  |TAMS 0x0000000100000000, 0x0000000100000000| Untracked 

Card table byte_map: [0x000001f999b90000,0x000001f999f90000] _byte_map_base: 0x000001f999790000

Marking Bits (Prev, Next): (CMBitMap*) 0x000001f9823f9500, (CMBitMap*) 0x000001f9823f94c0
 Prev Bits: [0x000001f99c390000, 0x000001f99e390000)
 Next Bits: [0x000001f99a390000, 0x000001f99c390000)

Polling page: 0x000001f980300000

Metaspace:

Usage:
  Non-class:     46.28 MB used.
      Class:      7.47 MB used.
       Both:     53.74 MB used.

Virtual space:
  Non-class space:       64.00 MB reserved,      46.62 MB ( 73%) committed,  1 nodes.
      Class space:        1.00 GB reserved,       7.81 MB ( <1%) committed,  1 nodes.
             Both:        1.06 GB reserved,      54.44 MB (  5%) committed. 

Chunk freelists:
   Non-Class:  701.00 KB
       Class:  8.04 MB
        Both:  8.72 MB

MaxMetaspaceSize: unlimited
CompressedClassSpaceSize: 1.00 GB
Initial GC threshold: 21.00 MB
Current GC threshold: 74.38 MB
CDS: on
MetaspaceReclaimPolicy: balanced
 - commit_granule_bytes: 65536.
 - commit_granule_words: 8192.
 - virtual_space_node_default_size: 8388608.
 - enlarge_chunks_in_place: 1.
 - new_chunks_are_fully_committed: 0.
 - uncommit_free_chunks: 1.
 - use_allocation_guard: 0.
 - handle_deallocations: 1.


Internal statistics:

num_allocs_failed_limit: 3.
num_arena_births: 734.
num_arena_deaths: 0.
num_vsnodes_births: 2.
num_vsnodes_deaths: 0.
num_space_committed: 871.
num_space_uncommitted: 0.
num_chunks_returned_to_freelist: 3.
num_chunks_taken_from_freelist: 3021.
num_chunk_merges: 3.
num_chunk_splits: 1968.
num_chunks_enlarged: 1288.
num_inconsistent_stats: 0.

CodeHeap 'non-profiled nmethods': size=119168Kb used=3283Kb max_used=3283Kb free=115885Kb
 bounds [0x000001f991a90000, 0x000001f991dd0000, 0x000001f998ef0000]
CodeHeap 'profiled nmethods': size=119104Kb used=12421Kb max_used=12421Kb free=106682Kb
 bounds [0x000001f989ef0000, 0x000001f98ab20000, 0x000001f991340000]
CodeHeap 'non-nmethods': size=7488Kb used=4033Kb max_used=4083Kb free=3454Kb
 bounds [0x000001f991340000, 0x000001f991740000, 0x000001f991a90000]
 total_blobs=7365 nmethods=6503 adapters=770
 compilation: enabled
              stopped_count=0, restarted_count=0
 full_count=0

Compilation events (20 events):
Event: 13.281 Thread 0x000001f9e80b5650 7234       3       com.google.common.reflect.TypeResolver$TypeTable::resolveInternal (105 bytes)
Event: 13.282 Thread 0x000001f9e80b5650 nmethod 7234 0x000001f98aafda90 code [0x000001f98aafdd60, 0x000001f98aafece8]
Event: 13.282 Thread 0x000001f9e80b5650 7235       3       com.google.common.reflect.TypeResolver::<init> (6 bytes)
Event: 13.282 Thread 0x000001f9e80b5650 nmethod 7235 0x000001f98aaff190 code [0x000001f98aaff340, 0x000001f98aaff558]
Event: 13.283 Thread 0x000001f9e80b5650 7238       3       org.objectweb.asm.MethodWriter::visitInvokeDynamicInsn (147 bytes)
Event: 13.283 Thread 0x000001f9e80b5650 nmethod 7238 0x000001f98aaff690 code [0x000001f98aaff8a0, 0x000001f98aaffe28]
Event: 13.284 Thread 0x000001f9e80b5650 7240       3       org.objectweb.asm.SymbolTable::addConstantDynamicOrInvokeDynamicReference (140 bytes)
Event: 13.285 Thread 0x000001f9e80b5650 nmethod 7240 0x000001f98ab00090 code [0x000001f98ab002c0, 0x000001f98ab00988]
Event: 13.285 Thread 0x000001f9e80b5650 7239       3       org.objectweb.asm.SymbolTable::addConstantInvokeDynamic (23 bytes)
Event: 13.285 Thread 0x000001f9a13c3b70 nmethod 7231 0x000001f991dc3790 code [0x000001f991dc3980, 0x000001f991dc3e70]
Event: 13.285 Thread 0x000001f9e80b5650 nmethod 7239 0x000001f98ab00d10 code [0x000001f98ab00ec0, 0x000001f98ab01058]
Event: 13.285 Thread 0x000001f9a13c3b70 7237       4       com.google.common.reflect.TypeResolver$TypeVariableKey::hashCode (32 bytes)
Event: 13.285 Thread 0x000001f9e80b5650 7242       3       sun.reflect.annotation.AnnotationParser::toArray (18 bytes)
Event: 13.286 Thread 0x000001f9e80b5650 nmethod 7242 0x000001f98ab01190 code [0x000001f98ab01360, 0x000001f98ab016f8]
Event: 13.286 Thread 0x000001f9e80b5650 7241       3       org.objectweb.asm.SymbolTable::hash (19 bytes)
Event: 13.286 Thread 0x000001f9e80b5650 nmethod 7241 0x000001f98ab01810 code [0x000001f98ab019c0, 0x000001f98ab01b58]
Event: 13.290 Thread 0x000001f9e80b5650 7243       3       com.google.common.cache.LocalCache$Segment::getLiveValue (61 bytes)
Event: 13.293 Thread 0x000001f9e80b5650 nmethod 7243 0x000001f98ab01c90 code [0x000001f98ab020c0, 0x000001f98ab04178]
Event: 13.293 Thread 0x000001f9a13c3b70 nmethod 7237 0x000001f991dc4310 code [0x000001f991dc44c0, 0x000001f991dc4968]
Event: 13.296 Thread 0x000001f9e80b5650 7244       3       org.gradle.internal.instantiation.generator.ManagedObjectFactory::newInstance (186 bytes)

GC Heap History (20 events):
Event: 8.233 GC heap before
{Heap before GC invocations=8 (full 0):
 garbage-first heap   total 92160K, used 70258K [0x0000000080000000, 0x0000000100000000)
  region size 1024K, 28 young (28672K), 4 survivors (4096K)
 Metaspace       used 34515K, committed 34944K, reserved 1114112K
  class space    used 4911K, committed 5120K, reserved 1048576K
}
Event: 8.237 GC heap after
{Heap after GC invocations=9 (full 0):
 garbage-first heap   total 92160K, used 49444K [0x0000000080000000, 0x0000000100000000)
  region size 1024K, 3 young (3072K), 3 survivors (3072K)
 Metaspace       used 34515K, committed 34944K, reserved 1114112K
  class space    used 4911K, committed 5120K, reserved 1048576K
}
Event: 8.238 GC heap before
{Heap before GC invocations=9 (full 0):
 garbage-first heap   total 92160K, used 49444K [0x0000000080000000, 0x0000000100000000)
  region size 1024K, 5 young (5120K), 3 survivors (3072K)
 Metaspace       used 34515K, committed 34944K, reserved 1114112K
  class space    used 4911K, committed 5120K, reserved 1048576K
}
Event: 8.241 GC heap after
{Heap after GC invocations=10 (full 0):
 garbage-first heap   total 110592K, used 49861K [0x0000000080000000, 0x0000000100000000)
  region size 1024K, 1 young (1024K), 1 survivors (1024K)
 Metaspace       used 34515K, committed 34944K, reserved 1114112K
  class space    used 4911K, committed 5120K, reserved 1048576K
}
Event: 9.235 GC heap before
{Heap before GC invocations=11 (full 0):
 garbage-first heap   total 110592K, used 90821K [0x0000000080000000, 0x0000000100000000)
  region size 1024K, 37 young (37888K), 1 survivors (1024K)
 Metaspace       used 39561K, committed 40064K, reserved 1114112K
  class space    used 5575K, committed 5824K, reserved 1048576K
}
Event: 9.238 GC heap after
{Heap after GC invocations=12 (full 0):
 garbage-first heap   total 110592K, used 51398K [0x0000000080000000, 0x0000000100000000)
  region size 1024K, 3 young (3072K), 3 survivors (3072K)
 Metaspace       used 39561K, committed 40064K, reserved 1114112K
  class space    used 5575K, committed 5824K, reserved 1048576K
}
Event: 9.354 GC heap before
{Heap before GC invocations=12 (full 0):
 garbage-first heap   total 110592K, used 54470K [0x0000000080000000, 0x0000000100000000)
  region size 1024K, 7 young (7168K), 3 survivors (3072K)
 Metaspace       used 39822K, committed 40320K, reserved 1114112K
  class space    used 5627K, committed 5888K, reserved 1048576K
}
Event: 9.357 GC heap after
{Heap after GC invocations=13 (full 0):
 garbage-first heap   total 110592K, used 51629K [0x0000000080000000, 0x0000000100000000)
  region size 1024K, 3 young (3072K), 3 survivors (3072K)
 Metaspace       used 39822K, committed 40320K, reserved 1114112K
  class space    used 5627K, committed 5888K, reserved 1048576K
}
Event: 9.943 GC heap before
{Heap before GC invocations=14 (full 0):
 garbage-first heap   total 110592K, used 99757K [0x0000000080000000, 0x0000000100000000)
  region size 1024K, 36 young (36864K), 3 survivors (3072K)
 Metaspace       used 42868K, committed 43392K, reserved 1114112K
  class space    used 5947K, committed 6208K, reserved 1048576K
}
Event: 9.950 GC heap after
{Heap after GC invocations=15 (full 0):
 garbage-first heap   total 111616K, used 71589K [0x0000000080000000, 0x0000000100000000)
  region size 1024K, 5 young (5120K), 5 survivors (5120K)
 Metaspace       used 42868K, committed 43392K, reserved 1114112K
  class space    used 5947K, committed 6208K, reserved 1048576K
}
Event: 9.972 GC heap before
{Heap before GC invocations=15 (full 0):
 garbage-first heap   total 111616K, used 72613K [0x0000000080000000, 0x0000000100000000)
  region size 1024K, 6 young (6144K), 5 survivors (5120K)
 Metaspace       used 43014K, committed 43520K, reserved 1114112K
  class space    used 5972K, committed 6208K, reserved 1048576K
}
Event: 9.978 GC heap after
{Heap after GC invocations=16 (full 0):
 garbage-first heap   total 111616K, used 70585K [0x0000000080000000, 0x0000000100000000)
  region size 1024K, 1 young (1024K), 1 survivors (1024K)
 Metaspace       used 43014K, committed 43520K, reserved 1114112K
  class space    used 5972K, committed 6208K, reserved 1048576K
}
Event: 10.385 GC heap before
{Heap before GC invocations=16 (full 0):
 garbage-first heap   total 111616K, used 92089K [0x0000000080000000, 0x0000000100000000)
  region size 1024K, 22 young (22528K), 1 survivors (1024K)
 Metaspace       used 44952K, committed 45504K, reserved 1114112K
  class space    used 6313K, committed 6592K, reserved 1048576K
}
Event: 10.389 GC heap after
{Heap after GC invocations=17 (full 0):
 garbage-first heap   total 193536K, used 71872K [0x0000000080000000, 0x0000000100000000)
  region size 1024K, 2 young (2048K), 2 survivors (2048K)
 Metaspace       used 44952K, committed 45504K, reserved 1114112K
  class space    used 6313K, committed 6592K, reserved 1048576K
}
Event: 12.006 GC heap before
{Heap before GC invocations=18 (full 0):
 garbage-first heap   total 193536K, used 150720K [0x0000000080000000, 0x0000000100000000)
  region size 1024K, 75 young (76800K), 2 survivors (2048K)
 Metaspace       used 47765K, committed 48320K, reserved 1114112K
  class space    used 6713K, committed 6976K, reserved 1048576K
}
Event: 12.017 GC heap after
{Heap after GC invocations=19 (full 0):
 garbage-first heap   total 193536K, used 85266K [0x0000000080000000, 0x0000000100000000)
  region size 1024K, 10 young (10240K), 10 survivors (10240K)
 Metaspace       used 47765K, committed 48320K, reserved 1114112K
  class space    used 6713K, committed 6976K, reserved 1048576K
}
Event: 12.047 GC heap before
{Heap before GC invocations=19 (full 0):
 garbage-first heap   total 193536K, used 86290K [0x0000000080000000, 0x0000000100000000)
  region size 1024K, 11 young (11264K), 10 survivors (10240K)
 Metaspace       used 47807K, committed 48384K, reserved 1114112K
  class space    used 6720K, committed 6976K, reserved 1048576K
}
Event: 12.053 GC heap after
{Heap after GC invocations=20 (full 0):
 garbage-first heap   total 193536K, used 86078K [0x0000000080000000, 0x0000000100000000)
  region size 1024K, 1 young (1024K), 1 survivors (1024K)
 Metaspace       used 47807K, committed 48384K, reserved 1114112K
  class space    used 6720K, committed 6976K, reserved 1048576K
}
Event: 12.379 GC heap before
{Heap before GC invocations=20 (full 0):
 garbage-first heap   total 193536K, used 104510K [0x0000000080000000, 0x0000000100000000)
  region size 1024K, 19 young (19456K), 1 survivors (1024K)
 Metaspace       used 49106K, committed 49664K, reserved 1114112K
  class space    used 6898K, committed 7168K, reserved 1048576K
}
Event: 12.382 GC heap after
{Heap after GC invocations=21 (full 0):
 garbage-first heap   total 193536K, used 87721K [0x0000000080000000, 0x0000000100000000)
  region size 1024K, 2 young (2048K), 2 survivors (2048K)
 Metaspace       used 49106K, committed 49664K, reserved 1114112K
  class space    used 6898K, committed 7168K, reserved 1048576K
}

Dll operation events (15 events):
Event: 0.009 Loaded shared library D:\jdk-17.0.15+6\bin\java.dll
Event: 0.030 Loaded shared library D:\jdk-17.0.15+6\bin\jsvml.dll
Event: 0.071 Loaded shared library D:\jdk-17.0.15+6\bin\zip.dll
Event: 0.073 Loaded shared library D:\jdk-17.0.15+6\bin\instrument.dll
Event: 0.078 Loaded shared library D:\jdk-17.0.15+6\bin\net.dll
Event: 0.080 Loaded shared library D:\jdk-17.0.15+6\bin\nio.dll
Event: 0.083 Loaded shared library D:\jdk-17.0.15+6\bin\zip.dll
Event: 0.292 Loaded shared library D:\jdk-17.0.15+6\bin\jimage.dll
Event: 0.387 Loaded shared library D:\jdk-17.0.15+6\bin\verify.dll
Event: 0.752 Loaded shared library C:\Users\Tuan Kiet\.gradle\native\c067742578af261105cb4f569cf0c3c89f3d7b1fecec35dd04571415982c5e48\windows-amd64\native-platform.dll
Event: 0.760 Loaded shared library C:\Users\Tuan Kiet\.gradle\native\38dada09dfb8b06ba9b0570ebf7e218e3eb74d4ef43ca46872605cf95ebc2f47\windows-amd64\native-platform-file-events.dll
Event: 2.162 Loaded shared library D:\jdk-17.0.15+6\bin\management.dll
Event: 2.168 Loaded shared library D:\jdk-17.0.15+6\bin\management_ext.dll
Event: 2.519 Loaded shared library D:\jdk-17.0.15+6\bin\extnet.dll
Event: 2.814 Loaded shared library D:\jdk-17.0.15+6\bin\sunmscapi.dll

Deoptimization events (20 events):
Event: 12.310 Thread 0x000001f9e93cbe90 Uncommon trap: trap_request=0xffffffde fr.pc=0x000001f991c34134 relative=0x0000000000000894
Event: 12.310 Thread 0x000001f9e93cbe90 Uncommon trap: reason=class_check action=maybe_recompile pc=0x000001f991c34134 method=java.io.BufferedInputStream.read1([BII)I @ 39 c2
Event: 12.310 Thread 0x000001f9e93cbe90 DEOPT PACKING pc=0x000001f991c34134 sp=0x0000000ab2df64e0
Event: 12.310 Thread 0x000001f9e93cbe90 DEOPT UNPACKING pc=0x000001f9913969a3 sp=0x0000000ab2df63f8 mode 2
Event: 12.684 Thread 0x000001f9e93cbe90 Uncommon trap: trap_request=0xffffffde fr.pc=0x000001f991c34134 relative=0x0000000000000894
Event: 12.684 Thread 0x000001f9e93cbe90 Uncommon trap: reason=class_check action=maybe_recompile pc=0x000001f991c34134 method=java.io.BufferedInputStream.read1([BII)I @ 39 c2
Event: 12.684 Thread 0x000001f9e93cbe90 DEOPT PACKING pc=0x000001f991c34134 sp=0x0000000ab2df6ca0
Event: 12.684 Thread 0x000001f9e93cbe90 DEOPT UNPACKING pc=0x000001f9913969a3 sp=0x0000000ab2df6bb8 mode 2
Event: 12.684 Thread 0x000001f9e93cbe90 Uncommon trap: trap_request=0xffffffde fr.pc=0x000001f991c31968 relative=0x00000000000001a8
Event: 12.684 Thread 0x000001f9e93cbe90 Uncommon trap: reason=class_check action=maybe_recompile pc=0x000001f991c31968 method=java.io.BufferedInputStream.read1([BII)I @ 39 c2
Event: 12.684 Thread 0x000001f9e93cbe90 DEOPT PACKING pc=0x000001f991c31968 sp=0x0000000ab2df6c00
Event: 12.684 Thread 0x000001f9e93cbe90 DEOPT UNPACKING pc=0x000001f9913969a3 sp=0x0000000ab2df6ba8 mode 2
Event: 12.784 Thread 0x000001f9e8ae25b0 Uncommon trap: trap_request=0xffffff45 fr.pc=0x000001f991adec5c relative=0x000000000000061c
Event: 12.784 Thread 0x000001f9e8ae25b0 Uncommon trap: reason=unstable_if action=reinterpret pc=0x000001f991adec5c method=java.lang.AbstractStringBuilder.append(Ljava/lang/String;)Ljava/lang/AbstractStringBuilder; @ 1 c2
Event: 12.785 Thread 0x000001f9e8ae25b0 DEOPT PACKING pc=0x000001f991adec5c sp=0x0000000ab29fe9d0
Event: 12.785 Thread 0x000001f9e8ae25b0 DEOPT UNPACKING pc=0x000001f9913969a3 sp=0x0000000ab29fe950 mode 2
Event: 12.785 Thread 0x000001f9e8ae25b0 Uncommon trap: trap_request=0xffffff45 fr.pc=0x000001f991ad43ec relative=0x000000000000062c
Event: 12.785 Thread 0x000001f9e8ae25b0 Uncommon trap: reason=unstable_if action=reinterpret pc=0x000001f991ad43ec method=java.lang.AbstractStringBuilder.append(Ljava/lang/String;)Ljava/lang/AbstractStringBuilder; @ 1 c2
Event: 12.786 Thread 0x000001f9e8ae25b0 DEOPT PACKING pc=0x000001f991ad43ec sp=0x0000000ab29fe960
Event: 12.786 Thread 0x000001f9e8ae25b0 DEOPT UNPACKING pc=0x000001f9913969a3 sp=0x0000000ab29fe948 mode 2

Classes loaded (20 events):
Event: 12.917 Loading class java/util/stream/ReduceOps$2ReducingSink
Event: 12.917 Loading class java/util/stream/ReduceOps$2ReducingSink done
Event: 12.917 Loading class java/lang/management/ClassLoadingMXBean
Event: 12.917 Loading class java/lang/management/ClassLoadingMXBean done
Event: 12.917 Loading class sun/management/ClassLoadingImpl
Event: 12.917 Loading class sun/management/ClassLoadingImpl done
Event: 12.933 Loading class java/lang/management/ThreadMXBean
Event: 12.933 Loading class java/lang/management/ThreadMXBean done
Event: 12.933 Loading class com/sun/management/internal/HotSpotThreadImpl
Event: 12.933 Loading class com/sun/management/ThreadMXBean
Event: 12.933 Loading class com/sun/management/ThreadMXBean done
Event: 12.933 Loading class sun/management/ThreadImpl
Event: 12.934 Loading class sun/management/ThreadImpl done
Event: 12.934 Loading class com/sun/management/internal/HotSpotThreadImpl done
Event: 12.934 Loading class java/util/Collections$SynchronizedRandomAccessList
Event: 12.934 Loading class java/util/Collections$SynchronizedList
Event: 12.934 Loading class java/util/Collections$SynchronizedList done
Event: 12.934 Loading class java/util/Collections$SynchronizedRandomAccessList done
Event: 12.942 Loading class java/util/concurrent/Executors$DefaultThreadFactory
Event: 12.942 Loading class java/util/concurrent/Executors$DefaultThreadFactory done

Classes unloaded (0 events):
No events

Classes redefined (0 events):
No events

Internal exceptions (20 events):
Event: 11.247 Thread 0x000001f9e93cbe90 Exception <a 'java/lang/NoSuchMethodError'{0x00000000897e49f0}: 'java.lang.Object java.lang.invoke.DirectMethodHandle$Holder.invokeSpecial(java.lang.Object, java.lang.Object, java.lang.Object, java.lang.Object, java.lang.Object, long)'> (0x00000000897e49f0) 
thrown [s\src\hotspot\share\interpreter\linkResolver.cpp, line 759]
Event: 11.260 Thread 0x000001f9e93cbe90 Exception <a 'java/lang/NoSuchMethodError'{0x0000000089608328}: 'void java.lang.invoke.DirectMethodHandle$Holder.invokeStatic(java.lang.Object, java.lang.Object, java.lang.Object, int, java.lang.Object)'> (0x0000000089608328) 
thrown [s\src\hotspot\share\interpreter\linkResolver.cpp, line 759]
Event: 11.766 Thread 0x000001f9e93cbe90 Exception <a 'java/lang/ClassNotFoundException'{0x0000000087ab5b68}: build_bktej7sgatcsob467jjonupmBeanInfo> (0x0000000087ab5b68) 
thrown [s\src\hotspot\share\classfile\systemDictionary.cpp, line 256]
Event: 11.768 Thread 0x000001f9e93cbe90 Exception <a 'java/lang/ClassNotFoundException'{0x0000000087abd228}: build_bktej7sgatcsob467jjonupmCustomizer> (0x0000000087abd228) 
thrown [s\src\hotspot\share\classfile\systemDictionary.cpp, line 256]
Event: 11.948 Thread 0x000001f9e93cbe90 Exception <a 'java/lang/ClassNotFoundException'{0x0000000086f61ec8}: org/gradle/api/tasks/Delete_DecoratedBeanInfo> (0x0000000086f61ec8) 
thrown [s\src\hotspot\share\classfile\systemDictionary.cpp, line 256]
Event: 11.949 Thread 0x000001f9e93cbe90 Exception <a 'java/lang/ClassNotFoundException'{0x0000000086f77e48}: org/gradle/api/tasks/DeleteBeanInfo> (0x0000000086f77e48) 
thrown [s\src\hotspot\share\classfile\systemDictionary.cpp, line 256]
Event: 11.950 Thread 0x000001f9e93cbe90 Exception <a 'java/lang/ClassNotFoundException'{0x0000000086f8e2d8}: org/gradle/api/internal/ConventionTaskBeanInfo> (0x0000000086f8e2d8) 
thrown [s\src\hotspot\share\classfile\systemDictionary.cpp, line 256]
Event: 11.952 Thread 0x000001f9e93cbe90 Exception <a 'java/lang/ClassNotFoundException'{0x0000000086fa41c0}: org/gradle/api/DefaultTaskBeanInfo> (0x0000000086fa41c0) 
thrown [s\src\hotspot\share\classfile\systemDictionary.cpp, line 256]
Event: 11.953 Thread 0x000001f9e93cbe90 Exception <a 'java/lang/ClassNotFoundException'{0x0000000086fba380}: org/gradle/api/internal/AbstractTaskBeanInfo> (0x0000000086fba380) 
thrown [s\src\hotspot\share\classfile\systemDictionary.cpp, line 256]
Event: 11.955 Thread 0x000001f9e93cbe90 Exception <a 'java/lang/ClassNotFoundException'{0x0000000086fdc920}: org/gradle/api/internal/AbstractTaskCustomizer> (0x0000000086fdc920) 
thrown [s\src\hotspot\share\classfile\systemDictionary.cpp, line 256]
Event: 11.960 Thread 0x000001f9e93cbe90 Exception <a 'java/lang/ClassNotFoundException'{0x0000000086e4c598}: org/gradle/api/DefaultTaskCustomizer> (0x0000000086e4c598) 
thrown [s\src\hotspot\share\classfile\systemDictionary.cpp, line 256]
Event: 11.964 Thread 0x000001f9e93cbe90 Exception <a 'java/lang/ClassNotFoundException'{0x0000000086ebfd40}: org/gradle/api/internal/ConventionTaskCustomizer> (0x0000000086ebfd40) 
thrown [s\src\hotspot\share\classfile\systemDictionary.cpp, line 256]
Event: 11.966 Thread 0x000001f9e93cbe90 Exception <a 'java/lang/ClassNotFoundException'{0x0000000086ee50b0}: org/gradle/api/tasks/DeleteCustomizer> (0x0000000086ee50b0) 
thrown [s\src\hotspot\share\classfile\systemDictionary.cpp, line 256]
Event: 11.972 Thread 0x000001f9e93cbe90 Exception <a 'java/lang/ClassNotFoundException'{0x0000000086d0f978}: org/gradle/api/tasks/Delete_DecoratedCustomizer> (0x0000000086d0f978) 
thrown [s\src\hotspot\share\classfile\systemDictionary.cpp, line 256]
Event: 12.036 Thread 0x000001f9e93cbe90 Exception <a 'java/lang/ClassNotFoundException'{0x000000008f98e658}: build_9lvovofsq2kfpvfniul0gxie1BeanInfo> (0x000000008f98e658) 
thrown [s\src\hotspot\share\classfile\systemDictionary.cpp, line 256]
Event: 12.037 Thread 0x000001f9e93cbe90 Exception <a 'java/lang/ClassNotFoundException'{0x000000008f996388}: build_9lvovofsq2kfpvfniul0gxie1Customizer> (0x000000008f996388) 
thrown [s\src\hotspot\share\classfile\systemDictionary.cpp, line 256]
Event: 12.047 Thread 0x000001f9e93cbe90 Exception <a 'java/lang/ClassNotFoundException'{0x000000008f9f8da8}: org/gradle/plugin/use/internal/PluginRequestCollector$PluginDependenciesSpecImplBeanInfo> (0x000000008f9f8da8) 
thrown [s\src\hotspot\share\classfile\systemDictionary.cpp, line 256]
Event: 12.054 Thread 0x000001f9e93cbe90 Exception <a 'java/lang/ClassNotFoundException'{0x000000008f90c1d8}: org/gradle/plugin/use/internal/PluginRequestCollector$PluginDependenciesSpecImplCustomizer> (0x000000008f90c1d8) 
thrown [s\src\hotspot\share\classfile\systemDictionary.cpp, line 256]
Event: 12.784 Thread 0x000001f9e8ae25b0 Implicit null exception at 0x000001f991ade672 to 0x000001f991adec44
Event: 12.785 Thread 0x000001f9e8ae25b0 Implicit null exception at 0x000001f991ad3df2 to 0x000001f991ad43d4

VM Operations (20 events):
Event: 10.765 Executing VM operation: HandshakeAllThreads
Event: 10.765 Executing VM operation: HandshakeAllThreads done
Event: 11.203 Executing VM operation: HandshakeAllThreads
Event: 11.203 Executing VM operation: HandshakeAllThreads done
Event: 11.290 Executing VM operation: ICBufferFull
Event: 11.290 Executing VM operation: ICBufferFull done
Event: 11.745 Executing VM operation: ICBufferFull
Event: 11.746 Executing VM operation: ICBufferFull done
Event: 11.746 Executing VM operation: ICBufferFull
Event: 11.746 Executing VM operation: ICBufferFull done
Event: 12.006 Executing VM operation: G1CollectForAllocation
Event: 12.017 Executing VM operation: G1CollectForAllocation done
Event: 12.047 Executing VM operation: G1CollectForAllocation
Event: 12.053 Executing VM operation: G1CollectForAllocation done
Event: 12.379 Executing VM operation: G1TryInitiateConcMark
Event: 12.382 Executing VM operation: G1TryInitiateConcMark done
Event: 12.792 Executing VM operation: HandshakeAllThreads
Event: 12.793 Executing VM operation: HandshakeAllThreads done
Event: 13.116 Executing VM operation: ICBufferFull
Event: 13.116 Executing VM operation: ICBufferFull done

Memory protections (0 events):
No events

Nmethod flushes (20 events):
Event: 9.606 Thread 0x000001f9a13c9520 flushing  nmethod 0x000001f98a6d0910
Event: 9.606 Thread 0x000001f9a13c9520 flushing  nmethod 0x000001f98a6d0e10
Event: 9.606 Thread 0x000001f9a13c9520 flushing  nmethod 0x000001f98a6d1310
Event: 9.606 Thread 0x000001f9a13c9520 flushing  nmethod 0x000001f98a6d1a10
Event: 9.606 Thread 0x000001f9a13c9520 flushing  nmethod 0x000001f98a6d2210
Event: 9.606 Thread 0x000001f9a13c9520 flushing  nmethod 0x000001f98a6d6110
Event: 9.606 Thread 0x000001f9a13c9520 flushing  nmethod 0x000001f98a6d6690
Event: 9.606 Thread 0x000001f9a13c9520 flushing  nmethod 0x000001f98a6d6d10
Event: 9.606 Thread 0x000001f9a13c9520 flushing  nmethod 0x000001f98a6d7e10
Event: 9.606 Thread 0x000001f9a13c9520 flushing  nmethod 0x000001f98a6f3a90
Event: 9.606 Thread 0x000001f9a13c9520 flushing  nmethod 0x000001f98a6fa510
Event: 9.606 Thread 0x000001f9a13c9520 flushing  nmethod 0x000001f98a6fa910
Event: 9.606 Thread 0x000001f9a13c9520 flushing  nmethod 0x000001f98a6fb490
Event: 9.606 Thread 0x000001f9a13c9520 flushing  nmethod 0x000001f98a6fbc90
Event: 9.606 Thread 0x000001f9a13c9520 flushing  nmethod 0x000001f98a6fc710
Event: 9.606 Thread 0x000001f9a13c9520 flushing  nmethod 0x000001f98a6fdc10
Event: 9.606 Thread 0x000001f9a13c9520 flushing  nmethod 0x000001f98a702390
Event: 9.606 Thread 0x000001f9a13c9520 flushing  nmethod 0x000001f98a70d690
Event: 9.606 Thread 0x000001f9a13c9520 flushing  nmethod 0x000001f98a726810
Event: 9.606 Thread 0x000001f9a13c9520 flushing  nmethod 0x000001f98a755490

Events (20 events):
Event: 11.326 Thread 0x000001f9e93cbe90 Thread added: 0x000001f9eb12a610
Event: 11.327 Thread 0x000001f9e93cbe90 Thread added: 0x000001f9eb12ab20
Event: 11.329 Thread 0x000001f9e93cbe90 Thread added: 0x000001f9eb1287b0
Event: 11.330 Thread 0x000001f9e93cbe90 Thread added: 0x000001f9eb12ba50
Event: 11.331 Thread 0x000001f9e93cbe90 Thread added: 0x000001f9eb12b540
Event: 11.427 Thread 0x000001f9e93cbe90 Thread added: 0x000001f9eb125a20
Event: 11.431 Thread 0x000001f9e93cbe90 Thread added: 0x000001f9eb126950
Event: 11.438 Thread 0x000001f9e93cbe90 Thread added: 0x000001f9eb125f30
Event: 11.443 Thread 0x000001f9e93cbe90 Thread added: 0x000001f9eb12bf60
Event: 11.448 Thread 0x000001f9e93cbe90 Thread added: 0x000001f9eb124af0
Event: 11.454 Thread 0x000001f9e93cbe90 Thread added: 0x000001f9eb12c470
Event: 11.460 Thread 0x000001f9e93cbe90 Thread added: 0x000001f9eb12b030
Event: 11.467 Thread 0x000001f9e93cbe90 Thread added: 0x000001f9eb125000
Event: 11.474 Thread 0x000001f9e93cbe90 Thread added: 0x000001f9eb125510
Event: 11.479 Thread 0x000001f9e93cbe90 Thread added: 0x000001f9eb127370
Event: 11.483 Thread 0x000001f9e93cbe90 Thread added: 0x000001f9eb126440
Event: 11.487 Thread 0x000001f9e93cbe90 Thread added: 0x000001f9eb126e60
Event: 11.493 Thread 0x000001f9e93cbe90 Thread added: 0x000001f9eb127880
Event: 11.498 Thread 0x000001f9e93cbe90 Thread added: 0x000001f9eb127d90
Event: 11.504 Thread 0x000001f9e93cbe90 Thread added: 0x000001f9eb1282a0


Dynamic libraries:
0x00007ff675330000 - 0x00007ff67533e000 	D:\jdk-17.0.15+6\bin\java.exe
0x00007ff95d950000 - 0x00007ff95db67000 	C:\WINDOWS\SYSTEM32\ntdll.dll
0x00007ff95c290000 - 0x00007ff95c354000 	C:\WINDOWS\System32\KERNEL32.DLL
0x00007ff95aba0000 - 0x00007ff95af73000 	C:\WINDOWS\System32\KERNELBASE.dll
0x00007ff95aa80000 - 0x00007ff95ab91000 	C:\WINDOWS\System32\ucrtbase.dll
0x00007ff948cc0000 - 0x00007ff948cd7000 	D:\jdk-17.0.15+6\bin\jli.dll
0x00007ff948ca0000 - 0x00007ff948cbe000 	D:\jdk-17.0.15+6\bin\VCRUNTIME140.dll
0x00007ff95d6d0000 - 0x00007ff95d881000 	C:\WINDOWS\System32\USER32.dll
0x00007ff95aa50000 - 0x00007ff95aa76000 	C:\WINDOWS\System32\win32u.dll
0x00007ff95c020000 - 0x00007ff95c049000 	C:\WINDOWS\System32\GDI32.dll
0x00007ff94cf70000 - 0x00007ff94d20b000 	C:\WINDOWS\WinSxS\amd64_microsoft.windows.common-controls_6595b64144ccf1df_6.0.22621.5262_none_2712bde373830908\COMCTL32.dll
0x00007ff95b4c0000 - 0x00007ff95b5e2000 	C:\WINDOWS\System32\gdi32full.dll
0x00007ff95b420000 - 0x00007ff95b4ba000 	C:\WINDOWS\System32\msvcp_win.dll
0x00007ff95ba50000 - 0x00007ff95baf7000 	C:\WINDOWS\System32\msvcrt.dll
0x00007ff95bfe0000 - 0x00007ff95c011000 	C:\WINDOWS\System32\IMM32.DLL
0x00007ff954d70000 - 0x00007ff954d7c000 	D:\jdk-17.0.15+6\bin\vcruntime140_1.dll
0x00007ff8dd280000 - 0x00007ff8dd30d000 	D:\jdk-17.0.15+6\bin\msvcp140.dll
0x00007ff8ade60000 - 0x00007ff8aeacb000 	D:\jdk-17.0.15+6\bin\server\jvm.dll
0x00007ff95c900000 - 0x00007ff95c9b1000 	C:\WINDOWS\System32\ADVAPI32.dll
0x00007ff95d440000 - 0x00007ff95d4e7000 	C:\WINDOWS\System32\sechost.dll
0x00007ff95b080000 - 0x00007ff95b0a8000 	C:\WINDOWS\System32\bcrypt.dll
0x00007ff95b8c0000 - 0x00007ff95b9d4000 	C:\WINDOWS\System32\RPCRT4.dll
0x00007ff95c360000 - 0x00007ff95c3d1000 	C:\WINDOWS\System32\WS2_32.dll
0x00007ff95a030000 - 0x00007ff95a07d000 	C:\WINDOWS\SYSTEM32\POWRPROF.dll
0x00007ff953aa0000 - 0x00007ff953ad4000 	C:\WINDOWS\SYSTEM32\WINMM.dll
0x00007ff94dca0000 - 0x00007ff94dcaa000 	C:\WINDOWS\SYSTEM32\VERSION.dll
0x00007ff959fe0000 - 0x00007ff959ff3000 	C:\WINDOWS\SYSTEM32\UMPDC.dll
0x00007ff959a50000 - 0x00007ff959a68000 	C:\WINDOWS\SYSTEM32\kernel.appcore.dll
0x00007ff94a610000 - 0x00007ff94a61a000 	D:\jdk-17.0.15+6\bin\jimage.dll
0x00007ff957c80000 - 0x00007ff957eb2000 	C:\WINDOWS\SYSTEM32\DBGHELP.DLL
0x00007ff95c3e0000 - 0x00007ff95c773000 	C:\WINDOWS\System32\combase.dll
0x00007ff95b5f0000 - 0x00007ff95b6c7000 	C:\WINDOWS\System32\OLEAUT32.dll
0x00007ff9304a0000 - 0x00007ff9304d2000 	C:\WINDOWS\SYSTEM32\dbgcore.DLL
0x00007ff95af80000 - 0x00007ff95affb000 	C:\WINDOWS\System32\bcryptPrimitives.dll
0x00007ff948c90000 - 0x00007ff948c9e000 	D:\jdk-17.0.15+6\bin\instrument.dll
0x00007ff933b60000 - 0x00007ff933b85000 	D:\jdk-17.0.15+6\bin\java.dll
0x00007ff8c7a10000 - 0x00007ff8c7ae7000 	D:\jdk-17.0.15+6\bin\jsvml.dll
0x00007ff95cba0000 - 0x00007ff95d43d000 	C:\WINDOWS\System32\SHELL32.dll
0x00007ff95b0b0000 - 0x00007ff95b1ef000 	C:\WINDOWS\System32\wintypes.dll
0x00007ff958940000 - 0x00007ff95925d000 	C:\WINDOWS\SYSTEM32\windows.storage.dll
0x00007ff95ca80000 - 0x00007ff95cb8b000 	C:\WINDOWS\System32\SHCORE.dll
0x00007ff95c890000 - 0x00007ff95c8f6000 	C:\WINDOWS\System32\shlwapi.dll
0x00007ff95a980000 - 0x00007ff95a9ab000 	C:\WINDOWS\SYSTEM32\profapi.dll
0x00007ff933b40000 - 0x00007ff933b58000 	D:\jdk-17.0.15+6\bin\zip.dll
0x00007ff932820000 - 0x00007ff932839000 	D:\jdk-17.0.15+6\bin\net.dll
0x00007ff9570d0000 - 0x00007ff9571fc000 	C:\WINDOWS\SYSTEM32\WINHTTP.dll
0x00007ff959f30000 - 0x00007ff959f9a000 	C:\WINDOWS\system32\mswsock.dll
0x00007ff932350000 - 0x00007ff932366000 	D:\jdk-17.0.15+6\bin\nio.dll
0x00007ff93d710000 - 0x00007ff93d720000 	D:\jdk-17.0.15+6\bin\verify.dll
0x00007ff911d70000 - 0x00007ff911d97000 	C:\Users\Tuan Kiet\.gradle\native\c067742578af261105cb4f569cf0c3c89f3d7b1fecec35dd04571415982c5e48\windows-amd64\native-platform.dll
0x00007ff8c36c0000 - 0x00007ff8c3804000 	C:\Users\Tuan Kiet\.gradle\native\38dada09dfb8b06ba9b0570ebf7e218e3eb74d4ef43ca46872605cf95ebc2f47\windows-amd64\native-platform-file-events.dll
0x00007ff93c7c0000 - 0x00007ff93c7ca000 	D:\jdk-17.0.15+6\bin\management.dll
0x00007ff932810000 - 0x00007ff93281b000 	D:\jdk-17.0.15+6\bin\management_ext.dll
0x00007ff95d6c0000 - 0x00007ff95d6c8000 	C:\WINDOWS\System32\PSAPI.DLL
0x00007ff95a300000 - 0x00007ff95a31b000 	C:\WINDOWS\SYSTEM32\CRYPTSP.dll
0x00007ff9599b0000 - 0x00007ff9599e7000 	C:\WINDOWS\system32\rsaenh.dll
0x00007ff95a000000 - 0x00007ff95a028000 	C:\WINDOWS\SYSTEM32\USERENV.dll
0x00007ff95a2e0000 - 0x00007ff95a2ec000 	C:\WINDOWS\SYSTEM32\CRYPTBASE.dll
0x00007ff959500000 - 0x00007ff95952d000 	C:\WINDOWS\SYSTEM32\IPHLPAPI.DLL
0x00007ff95ca70000 - 0x00007ff95ca79000 	C:\WINDOWS\System32\NSI.dll
0x00007ff955ee0000 - 0x00007ff955ef9000 	C:\WINDOWS\SYSTEM32\dhcpcsvc6.DLL
0x00007ff955e80000 - 0x00007ff955e9f000 	C:\WINDOWS\SYSTEM32\dhcpcsvc.DLL
0x00007ff959580000 - 0x00007ff959678000 	C:\WINDOWS\SYSTEM32\DNSAPI.dll
0x00007ff932460000 - 0x00007ff932469000 	D:\jdk-17.0.15+6\bin\extnet.dll
0x00007ff9315c0000 - 0x00007ff9315ce000 	D:\jdk-17.0.15+6\bin\sunmscapi.dll
0x00007ff95b1f0000 - 0x00007ff95b357000 	C:\WINDOWS\System32\CRYPT32.dll
0x00007ff95a3f0000 - 0x00007ff95a41d000 	C:\WINDOWS\SYSTEM32\ncrypt.dll
0x00007ff95a3b0000 - 0x00007ff95a3e7000 	C:\WINDOWS\SYSTEM32\NTASN1.dll
0x00007ff930a90000 - 0x00007ff930a98000 	C:\WINDOWS\system32\wshunix.dll

dbghelp: loaded successfully - version: 4.0.5 - missing functions: none
symbol engine: initialized successfully - sym options: 0x614 - pdb path: .;D:\jdk-17.0.15+6\bin;C:\WINDOWS\SYSTEM32;C:\WINDOWS\WinSxS\amd64_microsoft.windows.common-controls_6595b64144ccf1df_6.0.22621.5262_none_2712bde373830908;D:\jdk-17.0.15+6\bin\server;C:\Users\Tuan Kiet\.gradle\native\c067742578af261105cb4f569cf0c3c89f3d7b1fecec35dd04571415982c5e48\windows-amd64;C:\Users\Tuan Kiet\.gradle\native\38dada09dfb8b06ba9b0570ebf7e218e3eb74d4ef43ca46872605cf95ebc2f47\windows-amd64

VM Arguments:
jvm_args: --add-opens=java.base/java.util=ALL-UNNAMED --add-opens=java.base/java.lang=ALL-UNNAMED --add-opens=java.base/java.lang.invoke=ALL-UNNAMED --add-opens=java.prefs/java.util.prefs=ALL-UNNAMED --add-opens=java.base/java.nio.charset=ALL-UNNAMED --add-opens=java.base/java.net=ALL-UNNAMED --add-opens=java.base/java.util.concurrent.atomic=ALL-UNNAMED -Xmx2048m -Dfile.encoding=UTF-8 -Duser.country=US -Duser.language=en -Duser.variant -javaagent:C:\Users\Tuan Kiet\.gradle\wrapper\dists\gradle-8.7-all\aan3ydargesu18aqyqjwhr3pc\gradle-8.7\lib\agents\gradle-instrumentation-agent-8.7.jar 
java_command: org.gradle.launcher.daemon.bootstrap.GradleDaemon 8.7
java_class_path (initial): C:\Users\Tuan Kiet\.gradle\wrapper\dists\gradle-8.7-all\aan3ydargesu18aqyqjwhr3pc\gradle-8.7\lib\gradle-launcher-8.7.jar
Launcher Type: SUN_STANDARD

[Global flags]
     intx CICompilerCount                          = 12                                        {product} {ergonomic}
     uint ConcGCThreads                            = 3                                         {product} {ergonomic}
     uint G1ConcRefinementThreads                  = 13                                        {product} {ergonomic}
   size_t G1HeapRegionSize                         = 1048576                                   {product} {ergonomic}
    uintx GCDrainStackTargetSize                   = 64                                        {product} {ergonomic}
   size_t InitialHeapSize                          = 262144000                                 {product} {ergonomic}
   size_t MarkStackSize                            = 4194304                                   {product} {ergonomic}
   size_t MaxHeapSize                              = 2147483648                                {product} {command line}
   size_t MaxNewSize                               = 1287651328                                {product} {ergonomic}
   size_t MinHeapDeltaBytes                        = 1048576                                   {product} {ergonomic}
   size_t MinHeapSize                              = 8388608                                   {product} {ergonomic}
    uintx NonNMethodCodeHeapSize                   = 7602480                                {pd product} {ergonomic}
    uintx NonProfiledCodeHeapSize                  = 122027880                              {pd product} {ergonomic}
    uintx ProfiledCodeHeapSize                     = 122027880                              {pd product} {ergonomic}
    uintx ReservedCodeCacheSize                    = 251658240                              {pd product} {ergonomic}
     bool SegmentedCodeCache                       = true                                      {product} {ergonomic}
   size_t SoftMaxHeapSize                          = 2147483648                             {manageable} {ergonomic}
     bool UseCompressedClassPointers               = true                           {product lp64_product} {ergonomic}
     bool UseCompressedOops                        = true                           {product lp64_product} {ergonomic}
     bool UseG1GC                                  = true                                      {product} {ergonomic}
     bool UseLargePagesIndividualAllocation        = false                                  {pd product} {ergonomic}

Logging:
Log output configuration:
 #0: stdout all=warning uptime,level,tags
 #1: stderr all=off uptime,level,tags

Environment Variables:
PATH=C:\Program Files\Microsoft MPI\Bin\;C:\WINDOWS\system32;C:\WINDOWS;C:\WINDOWS\System32\Wbem;C:\WINDOWS\System32\WindowsPowerShell\v1.0\;C:\WINDOWS\System32\OpenSSH\;C:\Program Files\Git\cmd;C:\Program Files\nodejs\;C:\Program Files\Microsoft SQL Server\Client SDK\ODBC\170\Tools\Binn\;C:\Program Files\dotnet\;c:\Users\Tuan Kiet\AppData\Local\Programs\cursor\resources\app\bin;C:\Users\Tuan Kiet\AppData\Local\Programs\Python\Python312\Scripts\;C:\Users\Tuan Kiet\AppData\Local\Programs\Python\Python312\;C:\Users\Tuan Kiet\AppData\Local\Programs\Python\Launcher\;C:\Users\Tuan Kiet\AppData\Local\Microsoft\WindowsApps;C:\Users\Tuan Kiet\AppData\Local\Microsoft\WinGet\Packages\Schniz.fnm_Microsoft.Winget.Source_8wekyb3d8bbwe;C:\Users\Tuan Kiet\AppData\Roaming\npm;C:\Users\Tuan Kiet\.dotnet\tools;C:\Users\Tuan Kiet\AppData\Local\Programs\Microsoft VS Code\bin
USERNAME=Tuan Kiet
OS=Windows_NT
PROCESSOR_IDENTIFIER=Intel64 Family 6 Model 154 Stepping 3, GenuineIntel
TMP=C:\Users\TUANKI~1\AppData\Local\Temp
TEMP=C:\Users\TUANKI~1\AppData\Local\Temp



Periodic native trim disabled


---------------  S Y S T E M  ---------------

OS:
 Windows 11 , 64 bit Build 22621 (10.0.22621.5262)
OS uptime: 0 days 2:49 hours
Hyper-V role detected

CPU: total 16 (initial active 16) (8 cores per cpu, 2 threads per core) family 6 model 154 stepping 3 microcode 0x435, cx8, cmov, fxsr, ht, mmx, 3dnowpref, sse, sse2, sse3, ssse3, sse4.1, sse4.2, popcnt, lzcnt, tsc, tscinvbit, avx, avx2, aes, erms, clmul, bmi1, bmi2, adx, sha, fma, vzeroupper, clflush, clflushopt, clwb, hv
Processor Information for processor 0
  Max Mhz: 2200, Current Mhz: 2200, Mhz Limit: 2200
Processor Information for processor 1
  Max Mhz: 2200, Current Mhz: 2200, Mhz Limit: 2200
Processor Information for processor 2
  Max Mhz: 2200, Current Mhz: 2200, Mhz Limit: 2200
Processor Information for processor 3
  Max Mhz: 2200, Current Mhz: 2200, Mhz Limit: 2200
Processor Information for processor 4
  Max Mhz: 2200, Current Mhz: 2200, Mhz Limit: 2200
Processor Information for processor 5
  Max Mhz: 2200, Current Mhz: 2200, Mhz Limit: 2200
Processor Information for processor 6
  Max Mhz: 2200, Current Mhz: 2200, Mhz Limit: 2200
Processor Information for processor 7
  Max Mhz: 2200, Current Mhz: 2200, Mhz Limit: 2200
Processor Information for processor 8
  Max Mhz: 2200, Current Mhz: 1600, Mhz Limit: 1584
Processor Information for processor 9
  Max Mhz: 2200, Current Mhz: 1600, Mhz Limit: 1584
Processor Information for processor 10
  Max Mhz: 2200, Current Mhz: 1600, Mhz Limit: 1584
Processor Information for processor 11
  Max Mhz: 2200, Current Mhz: 1600, Mhz Limit: 1584
Processor Information for processor 12
  Max Mhz: 2200, Current Mhz: 1600, Mhz Limit: 1584
Processor Information for processor 13
  Max Mhz: 2200, Current Mhz: 1500, Mhz Limit: 1584
Processor Information for processor 14
  Max Mhz: 2200, Current Mhz: 1500, Mhz Limit: 1584
Processor Information for processor 15
  Max Mhz: 2200, Current Mhz: 1500, Mhz Limit: 1584

Memory: 4k page, system-wide physical 15987M (382M free)
TotalPageFile size 18035M (AvailPageFile size 5M)
current process WorkingSet (physical memory assigned to process): 369M, peak: 372M
current process commit charge ("private bytes"): 438M, peak: 445M

vm_info: OpenJDK 64-Bit Server VM (17.0.15+6) for windows-amd64 JRE (17.0.15+6), built on Apr 15 2025 21:25:47 by "admin" with MS VC++ 17.7 (VS2022)

END.
