#
# There is insufficient memory for the Java Runtime Environment to continue.
# Native memory allocation (malloc) failed to allocate 2476336 bytes. Error detail: Chunk::new
# Possible reasons:
#   The system is out of physical RAM or swap space
#   This process is running with CompressedOops enabled, and the Java Heap may be blocking the growth of the native heap
# Possible solutions:
#   Reduce memory load on the system
#   Increase physical memory or swap space
#   Check if swap backing store is full
#   Decrease Java heap size (-Xmx/-Xms)
#   Decrease number of Java threads
#   Decrease Java thread stack sizes (-Xss)
#   Set larger code cache with -XX:ReservedCodeCacheSize=
#   JVM is running with Unscaled Compressed Oops mode in which the Java heap is
#     placed in the first 4GB address space. The Java Heap base address is the
#     maximum limit for the native heap growth. Please use -XX:HeapBaseMinAddress
#     to set the Java Heap base and to place the Java Heap above 4GB virtual address.
# This output file may be truncated or incomplete.
#
#  Out of Memory Error (arena.cpp:191), pid=18712, tid=3408
#
# JRE version: OpenJDK Runtime Environment Temurin-17.0.15+6 (17.0.15+6) (build 17.0.15+6)
# Java VM: OpenJDK 64-Bit Server VM Temurin-17.0.15+6 (17.0.15+6, mixed mode, sharing, tiered, compressed oops, compressed class ptrs, g1 gc, windows-amd64)
# No core dump will be written. Minidumps are not enabled by default on client versions of Windows
#

---------------  S U M M A R Y ------------

Command Line: --add-opens=java.base/java.util=ALL-UNNAMED --add-opens=java.base/java.lang=ALL-UNNAMED --add-opens=java.base/java.lang.invoke=ALL-UNNAMED --add-opens=java.prefs/java.util.prefs=ALL-UNNAMED --add-opens=java.base/java.nio.charset=ALL-UNNAMED --add-opens=java.base/java.net=ALL-UNNAMED --add-opens=java.base/java.util.concurrent.atomic=ALL-UNNAMED -Xmx2048m -Dfile.encoding=UTF-8 -Duser.country=US -Duser.language=en -Duser.variant -javaagent:C:\Users\Tuan Kiet\.gradle\wrapper\dists\gradle-8.7-all\aan3ydargesu18aqyqjwhr3pc\gradle-8.7\lib\agents\gradle-instrumentation-agent-8.7.jar org.gradle.launcher.daemon.bootstrap.GradleDaemon 8.7

Host: 12th Gen Intel(R) Core(TM) i7-1270P, 16 cores, 15G,  Windows 11 , 64 bit Build 22621 (10.0.22621.5262)
Time: Thu May  8 11:17:15 2025 SE Asia Standard Time elapsed time: 17.752949 seconds (0d 0h 0m 17s)

---------------  T H R E A D  ---------------

Current thread (0x000001c2b5a53df0):  JavaThread "C2 CompilerThread0" daemon [_thread_in_native, id=3408, stack(0x000000a3f1400000,0x000000a3f1500000)]


Current CompileTask:
C2:  17753 8440       4       java.beans.Introspector::addMethod (196 bytes)

Stack: [0x000000a3f1400000,0x000000a3f1500000]
Native frames: (J=compiled Java code, j=interpreted, Vv=VM code, C=native code)
V  [jvm.dll+0x682fc9]
V  [jvm.dll+0x839878]
V  [jvm.dll+0x83b323]
V  [jvm.dll+0x83b993]
V  [jvm.dll+0x24725f]
V  [jvm.dll+0xacea4]
V  [jvm.dll+0xad53c]
V  [jvm.dll+0x365c6e]
V  [jvm.dll+0x32fe58]
V  [jvm.dll+0x32f2da]
V  [jvm.dll+0x21824f]
V  [jvm.dll+0x21768f]
V  [jvm.dll+0x1a31b0]
V  [jvm.dll+0x227a9c]
V  [jvm.dll+0x225bfb]
V  [jvm.dll+0x7ef018]
V  [jvm.dll+0x7e94dc]
V  [jvm.dll+0x681ea7]
C  [ucrtbase.dll+0x29333]
C  [KERNEL32.DLL+0x1259d]
C  [ntdll.dll+0x5af58]


---------------  P R O C E S S  ---------------

Threads class SMR info:
_java_thread_list=0x000001c28021c980, length=94, elements={
0x000001c29696a890, 0x000001c2b5a439d0, 0x000001c2b59f2da0, 0x000001c2b5a4dff0,
0x000001c2b5a4fbc0, 0x000001c2b5a52690, 0x000001c2b5a53050, 0x000001c2b5a53df0,
0x000001c2b5a55040, 0x000001c2b5a58a60, 0x000001c2b5ba4740, 0x000001c2b5ba9a50,
0x000001c2b5cd01e0, 0x000001c2fc775ac0, 0x000001c2b5c0ad00, 0x000001c2fd1f8720,
0x000001c2fcebeb90, 0x000001c2fd438ab0, 0x000001c2fcd12480, 0x000001c2fcd142e0,
0x000001c2fcd133b0, 0x000001c2fcd11a60, 0x000001c2fcd14d00, 0x000001c2fcd147f0,
0x000001c2fcd12ea0, 0x000001c2fcd11550, 0x000001c2fd2a9ef0, 0x000001c2fd2a8fc0,
0x000001c2fd2abd50, 0x000001c2fd2af500, 0x000001c2fd2ab840, 0x000001c2fd2acc80,
0x000001c2fd2aeff0, 0x000001c2fd2afa10, 0x000001c2fd2aff20, 0x000001c2fd2a8ab0,
0x000001c2fd2adbb0, 0x000001c2fd2ad190, 0x000001c2fd2aeae0, 0x000001c2fd2aae20,
0x000001c2fd2ac260, 0x000001c2fd2ae0c0, 0x000001c2fd2b0430, 0x000001c2fd2a94d0,
0x000001c2fd2aa910, 0x000001c2fd2ab330, 0x000001c2fd2ac770, 0x000001c2fd2ae5d0,
0x000001c2fd2ad6a0, 0x000001c2fd45e750, 0x000001c2fd459140, 0x000001c2fd45c3e0,
0x000001c2fd45f680, 0x000001c2fd460ac0, 0x000001c2fd45d820, 0x000001c2fd45dd30,
0x000001c2fd459650, 0x000001c2fd45afa0, 0x000001c2fd45aa90, 0x000001c2fd45a580,
0x000001c2fb479ba0, 0x000001c2fb9457a0, 0x000001c2fd459b60, 0x000001c2fd45b9c0,
0x000001c2fd45a070, 0x000001c2fd45b4b0, 0x000001c2fd45bed0, 0x000001c2fd45c8f0,
0x000001c2fd45ce00, 0x000001c2ff920b90, 0x000001c2ff928000, 0x000001c2ff928510,
0x000001c2ff924850, 0x000001c2ff924d60, 0x000001c2ff9229f0, 0x000001c2ff921ac0,
0x000001c2ff9275e0, 0x000001c2ff921fd0, 0x000001c2ff923410, 0x000001c2ff923e30,
0x000001c2ff9215b0, 0x000001c2ff9266b0, 0x000001c2ff922f00, 0x000001c2ff923920,
0x000001c2ff9261a0, 0x000001c2ff926bc0, 0x000001c2ff924340, 0x000001c2ff925270,
0x000001c2ff925780, 0x000001c2ff925c90, 0x000001c2ff9270d0, 0x000001c2ff927af0,
0x000001c2fda4fd30, 0x000001c2fe262300
}

Java Threads: ( => current thread )
  0x000001c29696a890 JavaThread "main" [_thread_blocked, id=19420, stack(0x000000a3f0700000,0x000000a3f0800000)]
  0x000001c2b5a439d0 JavaThread "Reference Handler" daemon [_thread_blocked, id=18964, stack(0x000000a3f0e00000,0x000000a3f0f00000)]
  0x000001c2b59f2da0 JavaThread "Finalizer" daemon [_thread_blocked, id=10096, stack(0x000000a3f0f00000,0x000000a3f1000000)]
  0x000001c2b5a4dff0 JavaThread "Signal Dispatcher" daemon [_thread_blocked, id=17216, stack(0x000000a3f1000000,0x000000a3f1100000)]
  0x000001c2b5a4fbc0 JavaThread "Attach Listener" daemon [_thread_blocked, id=11820, stack(0x000000a3f1100000,0x000000a3f1200000)]
  0x000001c2b5a52690 JavaThread "Service Thread" daemon [_thread_blocked, id=1980, stack(0x000000a3f1200000,0x000000a3f1300000)]
  0x000001c2b5a53050 JavaThread "Monitor Deflation Thread" daemon [_thread_blocked, id=9532, stack(0x000000a3f1300000,0x000000a3f1400000)]
=>0x000001c2b5a53df0 JavaThread "C2 CompilerThread0" daemon [_thread_in_native, id=3408, stack(0x000000a3f1400000,0x000000a3f1500000)]
  0x000001c2b5a55040 JavaThread "C1 CompilerThread0" daemon [_thread_blocked, id=6728, stack(0x000000a3f1500000,0x000000a3f1600000)]
  0x000001c2b5a58a60 JavaThread "Sweeper thread" daemon [_thread_blocked, id=13180, stack(0x000000a3f1600000,0x000000a3f1700000)]
  0x000001c2b5ba4740 JavaThread "Common-Cleaner" daemon [_thread_blocked, id=19668, stack(0x000000a3f1700000,0x000000a3f1800000)]
  0x000001c2b5ba9a50 JavaThread "C1 CompilerThread1" daemon [_thread_blocked, id=11916, stack(0x000000a3f1800000,0x000000a3f1900000)]
  0x000001c2b5cd01e0 JavaThread "Notification Thread" daemon [_thread_blocked, id=19772, stack(0x000000a3f1d00000,0x000000a3f1e00000)]
  0x000001c2fc775ac0 JavaThread "Daemon health stats" [_thread_blocked, id=13916, stack(0x000000a3f2400000,0x000000a3f2500000)]
  0x000001c2b5c0ad00 JavaThread "Incoming local TCP Connector on port 54615" [_thread_in_native, id=8036, stack(0x000000a3f1c00000,0x000000a3f1d00000)]
  0x000001c2fd1f8720 JavaThread "Daemon periodic checks" [_thread_blocked, id=3108, stack(0x000000a3f2500000,0x000000a3f2600000)]
  0x000001c2fcebeb90 JavaThread "Daemon" [_thread_blocked, id=18900, stack(0x000000a3f2600000,0x000000a3f2700000)]
  0x000001c2fd438ab0 JavaThread "Handler for socket connection from /127.0.0.1:54615 to /127.0.0.1:54616" [_thread_in_native, id=16744, stack(0x000000a3f2700000,0x000000a3f2800000)]
  0x000001c2fcd12480 JavaThread "Cancel handler" [_thread_blocked, id=17772, stack(0x000000a3f2800000,0x000000a3f2900000)]
  0x000001c2fcd142e0 JavaThread "Daemon worker" [_thread_blocked, id=20188, stack(0x000000a3f2900000,0x000000a3f2a00000)]
  0x000001c2fcd133b0 JavaThread "Asynchronous log dispatcher for DefaultDaemonConnection: socket connection from /127.0.0.1:54615 to /127.0.0.1:54616" [_thread_blocked, id=14592, stack(0x000000a3f2a00000,0x000000a3f2b00000)]
  0x000001c2fcd11a60 JavaThread "Stdin handler" [_thread_blocked, id=2608, stack(0x000000a3f2b00000,0x000000a3f2c00000)]
  0x000001c2fcd14d00 JavaThread "Daemon client event forwarder" [_thread_blocked, id=4688, stack(0x000000a3f2c00000,0x000000a3f2d00000)]
  0x000001c2fcd147f0 JavaThread "Cache worker for journal cache (C:\Users\Tuan Kiet\.gradle\caches\journal-1)" [_thread_blocked, id=13268, stack(0x000000a3f1b00000,0x000000a3f1c00000)]
  0x000001c2fcd12ea0 JavaThread "File lock request listener" [_thread_in_native, id=14232, stack(0x000000a3f2d00000,0x000000a3f2e00000)]
  0x000001c2fcd11550 JavaThread "Cache worker for file hash cache (C:\Users\Tuan Kiet\.gradle\caches\8.7\fileHashes)" [_thread_blocked, id=9560, stack(0x000000a3f2e00000,0x000000a3f2f00000)]
  0x000001c2fd2a9ef0 JavaThread "Cache worker for file hash cache (D:\MobileApp-HY-21521696\.gradle\8.7\fileHashes)" [_thread_blocked, id=10720, stack(0x000000a3f3000000,0x000000a3f3100000)]
  0x000001c2fd2a8fc0 JavaThread "File watcher server" daemon [_thread_in_native, id=472, stack(0x000000a3f3100000,0x000000a3f3200000)]
  0x000001c2fd2abd50 JavaThread "File watcher consumer" daemon [_thread_blocked, id=5176, stack(0x000000a3f3b00000,0x000000a3f3c00000)]
  0x000001c2fd2af500 JavaThread "jar transforms" [_thread_blocked, id=17196, stack(0x000000a3f3c00000,0x000000a3f3d00000)]
  0x000001c2fd2ab840 JavaThread "jar transforms Thread 2" [_thread_blocked, id=7076, stack(0x000000a3f3d00000,0x000000a3f3e00000)]
  0x000001c2fd2acc80 JavaThread "jar transforms Thread 3" [_thread_blocked, id=19432, stack(0x000000a3f3e00000,0x000000a3f3f00000)]
  0x000001c2fd2aeff0 JavaThread "jar transforms Thread 4" [_thread_blocked, id=16716, stack(0x000000a3f3f00000,0x000000a3f4000000)]
  0x000001c2fd2afa10 JavaThread "jar transforms Thread 5" [_thread_blocked, id=19032, stack(0x000000a3f4000000,0x000000a3f4100000)]
  0x000001c2fd2aff20 JavaThread "jar transforms Thread 6" [_thread_blocked, id=8324, stack(0x000000a3f4100000,0x000000a3f4200000)]
  0x000001c2fd2a8ab0 JavaThread "jar transforms Thread 7" [_thread_blocked, id=2472, stack(0x000000a3f4200000,0x000000a3f4300000)]
  0x000001c2fd2adbb0 JavaThread "jar transforms Thread 8" [_thread_blocked, id=17660, stack(0x000000a3f4300000,0x000000a3f4400000)]
  0x000001c2fd2ad190 JavaThread "jar transforms Thread 9" [_thread_blocked, id=13112, stack(0x000000a3f4400000,0x000000a3f4500000)]
  0x000001c2fd2aeae0 JavaThread "jar transforms Thread 10" [_thread_blocked, id=4656, stack(0x000000a3f4500000,0x000000a3f4600000)]
  0x000001c2fd2aae20 JavaThread "jar transforms Thread 11" [_thread_blocked, id=16656, stack(0x000000a3f4600000,0x000000a3f4700000)]
  0x000001c2fd2ac260 JavaThread "jar transforms Thread 12" [_thread_blocked, id=18636, stack(0x000000a3f4700000,0x000000a3f4800000)]
  0x000001c2fd2ae0c0 JavaThread "jar transforms Thread 13" [_thread_blocked, id=8864, stack(0x000000a3f4800000,0x000000a3f4900000)]
  0x000001c2fd2b0430 JavaThread "jar transforms Thread 14" [_thread_blocked, id=9360, stack(0x000000a3f4900000,0x000000a3f4a00000)]
  0x000001c2fd2a94d0 JavaThread "jar transforms Thread 15" [_thread_blocked, id=3972, stack(0x000000a3f4a00000,0x000000a3f4b00000)]
  0x000001c2fd2aa910 JavaThread "jar transforms Thread 16" [_thread_blocked, id=4212, stack(0x000000a3f4b00000,0x000000a3f4c00000)]
  0x000001c2fd2ab330 JavaThread "Cache worker for checksums cache (D:\MobileApp-HY-21521696\.gradle\8.7\checksums)" [_thread_blocked, id=6912, stack(0x000000a3f4c00000,0x000000a3f4d00000)]
  0x000001c2fd2ac770 JavaThread "Cache worker for cache directory md-supplier (C:\Users\Tuan Kiet\.gradle\caches\8.7\md-supplier)" [_thread_blocked, id=4960, stack(0x000000a3f4d00000,0x000000a3f4e00000)]
  0x000001c2fd2ae5d0 JavaThread "Cache worker for cache directory md-rule (C:\Users\Tuan Kiet\.gradle\caches\8.7\md-rule)" [_thread_blocked, id=18812, stack(0x000000a3f4e00000,0x000000a3f4f00000)]
  0x000001c2fd2ad6a0 JavaThread "Cache worker for file content cache (C:\Users\Tuan Kiet\.gradle\caches\8.7\fileContent)" [_thread_blocked, id=16220, stack(0x000000a3f4f00000,0x000000a3f5000000)]
  0x000001c2fd45e750 JavaThread "Unconstrained build operations" [_thread_blocked, id=17604, stack(0x000000a3f5000000,0x000000a3f5100000)]
  0x000001c2fd459140 JavaThread "Unconstrained build operations Thread 2" [_thread_blocked, id=3208, stack(0x000000a3f5100000,0x000000a3f5200000)]
  0x000001c2fd45c3e0 JavaThread "Unconstrained build operations Thread 3" [_thread_blocked, id=16036, stack(0x000000a3f5200000,0x000000a3f5300000)]
  0x000001c2fd45f680 JavaThread "Unconstrained build operations Thread 4" [_thread_blocked, id=16196, stack(0x000000a3f5300000,0x000000a3f5400000)]
  0x000001c2fd460ac0 JavaThread "Unconstrained build operations Thread 5" [_thread_blocked, id=19596, stack(0x000000a3f5400000,0x000000a3f5500000)]
  0x000001c2fd45d820 JavaThread "Unconstrained build operations Thread 6" [_thread_blocked, id=7936, stack(0x000000a3f5500000,0x000000a3f5600000)]
  0x000001c2fd45dd30 JavaThread "Unconstrained build operations Thread 7" [_thread_blocked, id=11440, stack(0x000000a3f5600000,0x000000a3f5700000)]
  0x000001c2fd459650 JavaThread "Unconstrained build operations Thread 8" [_thread_blocked, id=7132, stack(0x000000a3f5700000,0x000000a3f5800000)]
  0x000001c2fd45afa0 JavaThread "Unconstrained build operations Thread 9" [_thread_blocked, id=2860, stack(0x000000a3f5800000,0x000000a3f5900000)]
  0x000001c2fd45aa90 JavaThread "Unconstrained build operations Thread 10" [_thread_blocked, id=14888, stack(0x000000a3f5900000,0x000000a3f5a00000)]
  0x000001c2fd45a580 JavaThread "Cache worker for Build Output Cleanup Cache (D:\MobileApp-HY-21521696\.gradle\buildOutputCleanup)" [_thread_blocked, id=8128, stack(0x000000a3f1a00000,0x000000a3f1b00000)]
  0x000001c2fb479ba0 JavaThread "C1 CompilerThread2" daemon [_thread_blocked, id=17004, stack(0x000000a3f2f00000,0x000000a3f3000000)]
  0x000001c2fb9457a0 JavaThread "C1 CompilerThread3" daemon [_thread_blocked, id=9260, stack(0x000000a3f5a00000,0x000000a3f5b00000)]
  0x000001c2fd459b60 JavaThread "Unconstrained build operations Thread 11" [_thread_blocked, id=7796, stack(0x000000a3f5b00000,0x000000a3f5c00000)]
  0x000001c2fd45b9c0 JavaThread "Unconstrained build operations Thread 12" [_thread_blocked, id=18952, stack(0x000000a3f5c00000,0x000000a3f5d00000)]
  0x000001c2fd45a070 JavaThread "Unconstrained build operations Thread 13" [_thread_blocked, id=8676, stack(0x000000a3f5d00000,0x000000a3f5e00000)]
  0x000001c2fd45b4b0 JavaThread "Unconstrained build operations Thread 14" [_thread_blocked, id=6680, stack(0x000000a3f5e00000,0x000000a3f5f00000)]
  0x000001c2fd45bed0 JavaThread "Unconstrained build operations Thread 15" [_thread_blocked, id=17224, stack(0x000000a3f5f00000,0x000000a3f6000000)]
  0x000001c2fd45c8f0 JavaThread "Unconstrained build operations Thread 16" [_thread_blocked, id=10260, stack(0x000000a3f6000000,0x000000a3f6100000)]
  0x000001c2fd45ce00 JavaThread "Unconstrained build operations Thread 17" [_thread_blocked, id=5712, stack(0x000000a3f6100000,0x000000a3f6200000)]
  0x000001c2ff920b90 JavaThread "Unconstrained build operations Thread 18" [_thread_blocked, id=18068, stack(0x000000a3f6200000,0x000000a3f6300000)]
  0x000001c2ff928000 JavaThread "Unconstrained build operations Thread 19" [_thread_blocked, id=12432, stack(0x000000a3f6300000,0x000000a3f6400000)]
  0x000001c2ff928510 JavaThread "Unconstrained build operations Thread 20" [_thread_blocked, id=9084, stack(0x000000a3f6400000,0x000000a3f6500000)]
  0x000001c2ff924850 JavaThread "Unconstrained build operations Thread 21" [_thread_blocked, id=19028, stack(0x000000a3f6500000,0x000000a3f6600000)]
  0x000001c2ff924d60 JavaThread "Unconstrained build operations Thread 22" [_thread_blocked, id=15120, stack(0x000000a3f6600000,0x000000a3f6700000)]
  0x000001c2ff9229f0 JavaThread "Unconstrained build operations Thread 23" [_thread_blocked, id=16632, stack(0x000000a3f6700000,0x000000a3f6800000)]
  0x000001c2ff921ac0 JavaThread "Unconstrained build operations Thread 24" [_thread_blocked, id=2500, stack(0x000000a3f6800000,0x000000a3f6900000)]
  0x000001c2ff9275e0 JavaThread "Unconstrained build operations Thread 25" [_thread_blocked, id=1468, stack(0x000000a3f6900000,0x000000a3f6a00000)]
  0x000001c2ff921fd0 JavaThread "Unconstrained build operations Thread 26" [_thread_blocked, id=20392, stack(0x000000a3f6a00000,0x000000a3f6b00000)]
  0x000001c2ff923410 JavaThread "Unconstrained build operations Thread 27" [_thread_blocked, id=19020, stack(0x000000a3f6b00000,0x000000a3f6c00000)]
  0x000001c2ff923e30 JavaThread "Unconstrained build operations Thread 28" [_thread_blocked, id=9288, stack(0x000000a3f6c00000,0x000000a3f6d00000)]
  0x000001c2ff9215b0 JavaThread "Unconstrained build operations Thread 29" [_thread_blocked, id=20108, stack(0x000000a3f6d00000,0x000000a3f6e00000)]
  0x000001c2ff9266b0 JavaThread "Unconstrained build operations Thread 30" [_thread_blocked, id=9044, stack(0x000000a3f6e00000,0x000000a3f6f00000)]
  0x000001c2ff922f00 JavaThread "Unconstrained build operations Thread 31" [_thread_blocked, id=18164, stack(0x000000a3f6f00000,0x000000a3f7000000)]
  0x000001c2ff923920 JavaThread "Unconstrained build operations Thread 32" [_thread_blocked, id=1404, stack(0x000000a3f7000000,0x000000a3f7100000)]
  0x000001c2ff9261a0 JavaThread "Unconstrained build operations Thread 33" [_thread_blocked, id=9608, stack(0x000000a3f7100000,0x000000a3f7200000)]
  0x000001c2ff926bc0 JavaThread "Unconstrained build operations Thread 34" [_thread_blocked, id=15300, stack(0x000000a3f7200000,0x000000a3f7300000)]
  0x000001c2ff924340 JavaThread "Unconstrained build operations Thread 35" [_thread_blocked, id=14548, stack(0x000000a3f7300000,0x000000a3f7400000)]
  0x000001c2ff925270 JavaThread "Unconstrained build operations Thread 36" [_thread_blocked, id=14136, stack(0x000000a3f7400000,0x000000a3f7500000)]
  0x000001c2ff925780 JavaThread "Unconstrained build operations Thread 37" [_thread_blocked, id=15196, stack(0x000000a3f7500000,0x000000a3f7600000)]
  0x000001c2ff925c90 JavaThread "Unconstrained build operations Thread 38" [_thread_blocked, id=18568, stack(0x000000a3f7600000,0x000000a3f7700000)]
  0x000001c2ff9270d0 JavaThread "Unconstrained build operations Thread 39" [_thread_blocked, id=12268, stack(0x000000a3f1900000,0x000000a3f1a00000)]
  0x000001c2ff927af0 JavaThread "Unconstrained build operations Thread 40" [_thread_blocked, id=5140, stack(0x000000a3f7700000,0x000000a3f7800000)]
  0x000001c2fda4fd30 JavaThread "C2 CompilerThread1" daemon [_thread_blocked, id=12256, stack(0x000000a3f7800000,0x000000a3f7900000)]
  0x000001c2fe262300 JavaThread "Memory manager" [_thread_blocked, id=16956, stack(0x000000a3f7900000,0x000000a3f7a00000)]

Other Threads:
  0x000001c2b5a42010 VMThread "VM Thread" [stack: 0x000000a3f0d00000,0x000000a3f0e00000] [id=16928]
  0x000001c2b5ce1280 WatcherThread [stack: 0x000000a3f1e00000,0x000000a3f1f00000] [id=11824]
  0x000001c2969c96c0 GCTaskThread "GC Thread#0" [stack: 0x000000a3f0800000,0x000000a3f0900000] [id=13020]
  0x000001c2fc002e40 GCTaskThread "GC Thread#1" [stack: 0x000000a3f1f00000,0x000000a3f2000000] [id=3532]
  0x000001c2fbadb1d0 GCTaskThread "GC Thread#2" [stack: 0x000000a3f2000000,0x000000a3f2100000] [id=17852]
  0x000001c2fb5a1a90 GCTaskThread "GC Thread#3" [stack: 0x000000a3f2100000,0x000000a3f2200000] [id=2480]
  0x000001c2fbc34b70 GCTaskThread "GC Thread#4" [stack: 0x000000a3f2200000,0x000000a3f2300000] [id=4348]
  0x000001c2fb4de940 GCTaskThread "GC Thread#5" [stack: 0x000000a3f2300000,0x000000a3f2400000] [id=16096]
  0x000001c2fd855ed0 GCTaskThread "GC Thread#6" [stack: 0x000000a3f3200000,0x000000a3f3300000] [id=7920]
  0x000001c2fd855690 GCTaskThread "GC Thread#7" [stack: 0x000000a3f3300000,0x000000a3f3400000] [id=18016]
  0x000001c2fd856710 GCTaskThread "GC Thread#8" [stack: 0x000000a3f3400000,0x000000a3f3500000] [id=9896]
  0x000001c2fd855c10 GCTaskThread "GC Thread#9" [stack: 0x000000a3f3500000,0x000000a3f3600000] [id=19672]
  0x000001c2fd856190 GCTaskThread "GC Thread#10" [stack: 0x000000a3f3600000,0x000000a3f3700000] [id=15596]
  0x000001c2fd856450 GCTaskThread "GC Thread#11" [stack: 0x000000a3f3700000,0x000000a3f3800000] [id=16896]
  0x000001c2fd8569d0 GCTaskThread "GC Thread#12" [stack: 0x000000a3f3800000,0x000000a3f3900000] [id=968]
  0x000001c2969da610 ConcurrentGCThread "G1 Main Marker" [stack: 0x000000a3f0900000,0x000000a3f0a00000] [id=11908]
  0x000001c2969db030 ConcurrentGCThread "G1 Conc#0" [stack: 0x000000a3f0a00000,0x000000a3f0b00000] [id=19216]
  0x000001c2fd855950 ConcurrentGCThread "G1 Conc#1" [stack: 0x000000a3f3900000,0x000000a3f3a00000] [id=3356]
  0x000001c2fd856c90 ConcurrentGCThread "G1 Conc#2" [stack: 0x000000a3f3a00000,0x000000a3f3b00000] [id=17824]
  0x000001c2b58ad250 ConcurrentGCThread "G1 Refine#0" [stack: 0x000000a3f0b00000,0x000000a3f0c00000] [id=3944]
  0x000001c2b58adb90 ConcurrentGCThread "G1 Service" [stack: 0x000000a3f0c00000,0x000000a3f0d00000] [id=4636]

Threads with active compile tasks:
C2 CompilerThread0    17796 8440       4       java.beans.Introspector::addMethod (196 bytes)
C2 CompilerThread1    17797 8508 %     4       org.gradle.internal.instantiation.generator.AbstractClassGenerator::inspectType @ 341 (560 bytes)

VM state: at safepoint (normal execution)

VM Mutex/Monitor currently owned by a thread:  ([mutex/lock_event])
[0x000001c296966310] Threads_lock - owner thread: 0x000001c2b5a42010
[0x000001c296965470] Heap_lock - owner thread: 0x000001c2969da610

Heap address: 0x0000000080000000, size: 2048 MB, Compressed Oops mode: 32-bit

CDS archive(s) mapped at: [0x000001c2b6000000-0x000001c2b6bb0000-0x000001c2b6bb0000), size 12255232, SharedBaseAddress: 0x000001c2b6000000, ArchiveRelocationMode: 1.
Compressed class space mapped at: 0x000001c2b7000000-0x000001c2f7000000, reserved size: 1073741824
Narrow klass base: 0x000001c2b6000000, Narrow klass shift: 0, Narrow klass range: 0x100000000

GC Precious Log:
 CPUs: 16 total, 16 available
 Memory: 15987M
 Large Page Support: Disabled
 NUMA Support: Disabled
 Compressed Oops: Enabled (32-bit)
 Heap Region Size: 1M
 Heap Min Capacity: 8M
 Heap Initial Capacity: 250M
 Heap Max Capacity: 2G
 Pre-touch: Disabled
 Parallel Workers: 13
 Concurrent Workers: 3
 Concurrent Refinement Workers: 13
 Periodic GC: Disabled

Heap:
 garbage-first heap   total 212992K, used 103546K [0x0000000080000000, 0x0000000100000000)
  region size 1024K, 6 young (6144K), 4 survivors (4096K)
 Metaspace       used 64169K, committed 64832K, reserved 1114112K
  class space    used 8831K, committed 9152K, reserved 1048576K

Heap Regions: E=young(eden), S=young(survivor), O=old, HS=humongous(starts), HC=humongous(continues), CS=collection set, F=free, OA=open archive, CA=closed archive, TAMS=top-at-mark-start (previous, next)
|   0|0x0000000080000000, 0x0000000080100000, 0x0000000080100000|100%|HS|  |TAMS 0x0000000080100000, 0x0000000080100000| Complete 
|   1|0x0000000080100000, 0x0000000080200000, 0x0000000080200000|100%|HC|  |TAMS 0x0000000080200000, 0x0000000080200000| Complete 
|   2|0x0000000080200000, 0x0000000080300000, 0x0000000080300000|100%|HC|  |TAMS 0x0000000080300000, 0x0000000080300000| Complete 
|   3|0x0000000080300000, 0x0000000080400000, 0x0000000080400000|100%|HC|  |TAMS 0x0000000080400000, 0x0000000080400000| Complete 
|   4|0x0000000080400000, 0x0000000080500000, 0x0000000080500000|100%| O|  |TAMS 0x0000000080500000, 0x0000000080500000| Untracked 
|   5|0x0000000080500000, 0x0000000080600000, 0x0000000080600000|100%| O|  |TAMS 0x0000000080600000, 0x0000000080600000| Untracked 
|   6|0x0000000080600000, 0x0000000080700000, 0x0000000080700000|100%| O|  |TAMS 0x0000000080700000, 0x0000000080700000| Untracked 
|   7|0x0000000080700000, 0x0000000080800000, 0x0000000080800000|100%| O|  |TAMS 0x0000000080800000, 0x0000000080800000| Untracked 
|   8|0x0000000080800000, 0x0000000080900000, 0x0000000080900000|100%| O|  |TAMS 0x0000000080900000, 0x0000000080900000| Untracked 
|   9|0x0000000080900000, 0x0000000080a00000, 0x0000000080a00000|100%| O|  |TAMS 0x0000000080a00000, 0x0000000080a00000| Untracked 
|  10|0x0000000080a00000, 0x0000000080b00000, 0x0000000080b00000|100%| O|  |TAMS 0x0000000080b00000, 0x0000000080b00000| Untracked 
|  11|0x0000000080b00000, 0x0000000080c00000, 0x0000000080c00000|100%|HS|  |TAMS 0x0000000080c00000, 0x0000000080c00000| Complete 
|  12|0x0000000080c00000, 0x0000000080d00000, 0x0000000080d00000|100%|HC|  |TAMS 0x0000000080d00000, 0x0000000080d00000| Complete 
|  13|0x0000000080d00000, 0x0000000080e00000, 0x0000000080e00000|100%|HC|  |TAMS 0x0000000080e00000, 0x0000000080e00000| Complete 
|  14|0x0000000080e00000, 0x0000000080f00000, 0x0000000080f00000|100%|HC|  |TAMS 0x0000000080f00000, 0x0000000080f00000| Complete 
|  15|0x0000000080f00000, 0x0000000081000000, 0x0000000081000000|100%|HC|  |TAMS 0x0000000081000000, 0x0000000081000000| Complete 
|  16|0x0000000081000000, 0x0000000081100000, 0x0000000081100000|100%|HC|  |TAMS 0x0000000081100000, 0x0000000081100000| Complete 
|  17|0x0000000081100000, 0x0000000081200000, 0x0000000081200000|100%|HS|  |TAMS 0x0000000081200000, 0x0000000081200000| Complete 
|  18|0x0000000081200000, 0x0000000081300000, 0x0000000081300000|100%|HC|  |TAMS 0x0000000081300000, 0x0000000081300000| Complete 
|  19|0x0000000081300000, 0x0000000081400000, 0x0000000081400000|100%|HC|  |TAMS 0x0000000081400000, 0x0000000081400000| Complete 
|  20|0x0000000081400000, 0x0000000081500000, 0x0000000081500000|100%|HC|  |TAMS 0x0000000081500000, 0x0000000081500000| Complete 
|  21|0x0000000081500000, 0x0000000081600000, 0x0000000081600000|100%|HS|  |TAMS 0x0000000081600000, 0x0000000081600000| Complete 
|  22|0x0000000081600000, 0x0000000081700000, 0x0000000081700000|100%|HC|  |TAMS 0x0000000081700000, 0x0000000081700000| Complete 
|  23|0x0000000081700000, 0x0000000081800000, 0x0000000081800000|100%|HS|  |TAMS 0x0000000081800000, 0x0000000081800000| Complete 
|  24|0x0000000081800000, 0x0000000081900000, 0x0000000081900000|100%| O|  |TAMS 0x0000000081900000, 0x0000000081900000| Untracked 
|  25|0x0000000081900000, 0x0000000081a00000, 0x0000000081a00000|100%| O|  |TAMS 0x0000000081a00000, 0x0000000081a00000| Untracked 
|  26|0x0000000081a00000, 0x0000000081b00000, 0x0000000081b00000|100%| O|  |TAMS 0x0000000081b00000, 0x0000000081b00000| Untracked 
|  27|0x0000000081b00000, 0x0000000081c00000, 0x0000000081c00000|100%| O|  |TAMS 0x0000000081c00000, 0x0000000081c00000| Untracked 
|  28|0x0000000081c00000, 0x0000000081d00000, 0x0000000081d00000|100%| O|  |TAMS 0x0000000081d00000, 0x0000000081d00000| Untracked 
|  29|0x0000000081d00000, 0x0000000081e00000, 0x0000000081e00000|100%| O|  |TAMS 0x0000000081e00000, 0x0000000081e00000| Untracked 
|  30|0x0000000081e00000, 0x0000000081f00000, 0x0000000081f00000|100%| O|  |TAMS 0x0000000081f00000, 0x0000000081f00000| Untracked 
|  31|0x0000000081f00000, 0x0000000082000000, 0x0000000082000000|100%| O|  |TAMS 0x0000000082000000, 0x0000000082000000| Untracked 
|  32|0x0000000082000000, 0x0000000082100000, 0x0000000082100000|100%| O|  |TAMS 0x0000000082100000, 0x0000000082100000| Untracked 
|  33|0x0000000082100000, 0x0000000082200000, 0x0000000082200000|100%| O|  |TAMS 0x0000000082200000, 0x0000000082200000| Untracked 
|  34|0x0000000082200000, 0x0000000082300000, 0x0000000082300000|100%| O|  |TAMS 0x0000000082300000, 0x0000000082300000| Untracked 
|  35|0x0000000082300000, 0x0000000082400000, 0x0000000082400000|100%| O|  |TAMS 0x0000000082400000, 0x0000000082400000| Untracked 
|  36|0x0000000082400000, 0x0000000082500000, 0x0000000082500000|100%| O|  |TAMS 0x0000000082500000, 0x0000000082500000| Untracked 
|  37|0x0000000082500000, 0x0000000082600000, 0x0000000082600000|100%| O|  |TAMS 0x0000000082600000, 0x0000000082600000| Untracked 
|  38|0x0000000082600000, 0x0000000082700000, 0x0000000082700000|100%| O|  |TAMS 0x0000000082700000, 0x0000000082700000| Untracked 
|  39|0x0000000082700000, 0x0000000082800000, 0x0000000082800000|100%| O|  |TAMS 0x0000000082800000, 0x0000000082800000| Untracked 
|  40|0x0000000082800000, 0x0000000082900000, 0x0000000082900000|100%| O|  |TAMS 0x0000000082900000, 0x0000000082900000| Untracked 
|  41|0x0000000082900000, 0x0000000082a00000, 0x0000000082a00000|100%|HS|  |TAMS 0x0000000082a00000, 0x0000000082a00000| Complete 
|  42|0x0000000082a00000, 0x0000000082b00000, 0x0000000082b00000|100%|HC|  |TAMS 0x0000000082b00000, 0x0000000082b00000| Complete 
|  43|0x0000000082b00000, 0x0000000082c00000, 0x0000000082c00000|100%|HS|  |TAMS 0x0000000082c00000, 0x0000000082c00000| Complete 
|  44|0x0000000082c00000, 0x0000000082d00000, 0x0000000082d00000|100%|HC|  |TAMS 0x0000000082d00000, 0x0000000082d00000| Complete 
|  45|0x0000000082d00000, 0x0000000082e00000, 0x0000000082e00000|100%|HC|  |TAMS 0x0000000082e00000, 0x0000000082e00000| Complete 
|  46|0x0000000082e00000, 0x0000000082f00000, 0x0000000082f00000|100%|HC|  |TAMS 0x0000000082f00000, 0x0000000082f00000| Complete 
|  47|0x0000000082f00000, 0x0000000083000000, 0x0000000083000000|100%|HC|  |TAMS 0x0000000083000000, 0x0000000083000000| Complete 
|  48|0x0000000083000000, 0x0000000083100000, 0x0000000083100000|100%|HC|  |TAMS 0x0000000083100000, 0x0000000083100000| Complete 
|  49|0x0000000083100000, 0x0000000083200000, 0x0000000083200000|100%| O|  |TAMS 0x0000000083200000, 0x0000000083200000| Untracked 
|  50|0x0000000083200000, 0x0000000083300000, 0x0000000083300000|100%| O|  |TAMS 0x0000000083300000, 0x0000000083300000| Untracked 
|  51|0x0000000083300000, 0x0000000083400000, 0x0000000083400000|100%|HS|  |TAMS 0x0000000083400000, 0x0000000083400000| Complete 
|  52|0x0000000083400000, 0x0000000083500000, 0x0000000083500000|100%|HC|  |TAMS 0x0000000083500000, 0x0000000083500000| Complete 
|  53|0x0000000083500000, 0x0000000083600000, 0x0000000083600000|100%|HC|  |TAMS 0x0000000083600000, 0x0000000083600000| Complete 
|  54|0x0000000083600000, 0x0000000083700000, 0x0000000083700000|100%|HC|  |TAMS 0x0000000083700000, 0x0000000083700000| Complete 
|  55|0x0000000083700000, 0x0000000083800000, 0x0000000083800000|100%|HC|  |TAMS 0x0000000083800000, 0x0000000083800000| Complete 
|  56|0x0000000083800000, 0x0000000083900000, 0x0000000083900000|100%|HC|  |TAMS 0x0000000083900000, 0x0000000083900000| Complete 
|  57|0x0000000083900000, 0x0000000083a00000, 0x0000000083a00000|100%| O|  |TAMS 0x0000000083a00000, 0x0000000083a00000| Untracked 
|  58|0x0000000083a00000, 0x0000000083b00000, 0x0000000083b00000|100%| O|  |TAMS 0x0000000083b00000, 0x0000000083b00000| Untracked 
|  59|0x0000000083b00000, 0x0000000083c00000, 0x0000000083c00000|100%| O|  |TAMS 0x0000000083c00000, 0x0000000083c00000| Untracked 
|  60|0x0000000083c00000, 0x0000000083d00000, 0x0000000083d00000|100%| O|  |TAMS 0x0000000083d00000, 0x0000000083d00000| Untracked 
|  61|0x0000000083d00000, 0x0000000083e00000, 0x0000000083e00000|100%| O|  |TAMS 0x0000000083e00000, 0x0000000083e00000| Untracked 
|  62|0x0000000083e00000, 0x0000000083f00000, 0x0000000083f00000|100%| O|  |TAMS 0x0000000083f00000, 0x0000000083f00000| Untracked 
|  63|0x0000000083f00000, 0x0000000084000000, 0x0000000084000000|100%| O|  |TAMS 0x0000000084000000, 0x0000000084000000| Untracked 
|  64|0x0000000084000000, 0x0000000084100000, 0x0000000084100000|100%| O|  |TAMS 0x0000000084100000, 0x0000000084100000| Untracked 
|  65|0x0000000084100000, 0x0000000084200000, 0x0000000084200000|100%| O|  |TAMS 0x0000000084200000, 0x0000000084200000| Untracked 
|  66|0x0000000084200000, 0x0000000084300000, 0x0000000084300000|100%|HS|  |TAMS 0x0000000084300000, 0x0000000084300000| Complete 
|  67|0x0000000084300000, 0x0000000084400000, 0x0000000084400000|100%|HS|  |TAMS 0x0000000084400000, 0x0000000084400000| Complete 
|  68|0x0000000084400000, 0x0000000084500000, 0x0000000084500000|100%|HS|  |TAMS 0x0000000084500000, 0x0000000084500000| Complete 
|  69|0x0000000084500000, 0x0000000084600000, 0x0000000084600000|100%|HS|  |TAMS 0x0000000084600000, 0x0000000084600000| Complete 
|  70|0x0000000084600000, 0x0000000084700000, 0x0000000084700000|100%|HS|  |TAMS 0x0000000084700000, 0x0000000084700000| Complete 
|  71|0x0000000084700000, 0x0000000084800000, 0x0000000084800000|100%| O|  |TAMS 0x0000000084800000, 0x0000000084800000| Untracked 
|  72|0x0000000084800000, 0x0000000084900000, 0x0000000084900000|100%| O|  |TAMS 0x0000000084900000, 0x0000000084900000| Untracked 
|  73|0x0000000084900000, 0x0000000084a00000, 0x0000000084a00000|100%| O|  |TAMS 0x0000000084a00000, 0x0000000084a00000| Untracked 
|  74|0x0000000084a00000, 0x0000000084b00000, 0x0000000084b00000|100%| O|  |TAMS 0x0000000084b00000, 0x0000000084b00000| Untracked 
|  75|0x0000000084b00000, 0x0000000084c00000, 0x0000000084c00000|100%| O|  |TAMS 0x0000000084c00000, 0x0000000084c00000| Untracked 
|  76|0x0000000084c00000, 0x0000000084d00000, 0x0000000084d00000|100%|HS|  |TAMS 0x0000000084d00000, 0x0000000084d00000| Complete 
|  77|0x0000000084d00000, 0x0000000084e00000, 0x0000000084e00000|100%| O|  |TAMS 0x0000000084e00000, 0x0000000084e00000| Untracked 
|  78|0x0000000084e00000, 0x0000000084f00000, 0x0000000084f00000|100%| O|  |TAMS 0x0000000084f00000, 0x0000000084f00000| Untracked 
|  79|0x0000000084f00000, 0x0000000085000000, 0x0000000085000000|100%|HS|  |TAMS 0x0000000085000000, 0x0000000085000000| Complete 
|  80|0x0000000085000000, 0x0000000085100000, 0x0000000085100000|100%| O|  |TAMS 0x0000000085100000, 0x0000000085100000| Untracked 
|  81|0x0000000085100000, 0x0000000085200000, 0x0000000085200000|100%| O|  |TAMS 0x0000000085200000, 0x0000000085200000| Untracked 
|  82|0x0000000085200000, 0x0000000085300000, 0x0000000085300000|100%| O|  |TAMS 0x0000000085300000, 0x0000000085300000| Untracked 
|  83|0x0000000085300000, 0x0000000085400000, 0x0000000085400000|100%| O|  |TAMS 0x0000000085400000, 0x0000000085400000| Untracked 
|  84|0x0000000085400000, 0x0000000085500000, 0x0000000085500000|100%| O|  |TAMS 0x0000000085500000, 0x0000000085500000| Untracked 
|  85|0x0000000085500000, 0x0000000085600000, 0x0000000085600000|100%| O|  |TAMS 0x0000000085600000, 0x0000000085600000| Untracked 
|  86|0x0000000085600000, 0x0000000085700000, 0x0000000085700000|100%| O|  |TAMS 0x0000000085631a00, 0x0000000085700000| Untracked 
|  87|0x0000000085700000, 0x0000000085800000, 0x0000000085800000|100%| O|  |TAMS 0x0000000085700000, 0x00000000857d9800| Untracked 
|  88|0x0000000085800000, 0x0000000085900000, 0x0000000085900000|100%| O|  |TAMS 0x0000000085800000, 0x0000000085800000| Untracked 
|  89|0x0000000085900000, 0x00000000859dec00, 0x0000000085a00000| 87%| O|  |TAMS 0x0000000085900000, 0x0000000085900000| Untracked 
|  90|0x0000000085a00000, 0x0000000085b00000, 0x0000000085b00000|100%|HS|  |TAMS 0x0000000085a00000, 0x0000000085a00000| Complete 
|  91|0x0000000085b00000, 0x0000000085b00000, 0x0000000085c00000|  0%| F|  |TAMS 0x0000000085b00000, 0x0000000085b00000| Untracked 
|  92|0x0000000085c00000, 0x0000000085c00000, 0x0000000085d00000|  0%| F|  |TAMS 0x0000000085c00000, 0x0000000085c00000| Untracked 
|  93|0x0000000085d00000, 0x0000000085d00000, 0x0000000085e00000|  0%| F|  |TAMS 0x0000000085d00000, 0x0000000085d00000| Untracked 
|  94|0x0000000085e00000, 0x0000000085e00000, 0x0000000085f00000|  0%| F|  |TAMS 0x0000000085e00000, 0x0000000085e00000| Untracked 
|  95|0x0000000085f00000, 0x0000000085f00000, 0x0000000086000000|  0%| F|  |TAMS 0x0000000085f00000, 0x0000000085f00000| Untracked 
|  96|0x0000000086000000, 0x0000000086000000, 0x0000000086100000|  0%| F|  |TAMS 0x0000000086000000, 0x0000000086000000| Untracked 
|  97|0x0000000086100000, 0x0000000086100000, 0x0000000086200000|  0%| F|  |TAMS 0x0000000086100000, 0x0000000086100000| Untracked 
|  98|0x0000000086200000, 0x0000000086200000, 0x0000000086300000|  0%| F|  |TAMS 0x0000000086200000, 0x0000000086200000| Untracked 
|  99|0x0000000086300000, 0x0000000086300000, 0x0000000086400000|  0%| F|  |TAMS 0x0000000086300000, 0x0000000086300000| Untracked 
| 100|0x0000000086400000, 0x0000000086400000, 0x0000000086500000|  0%| F|  |TAMS 0x0000000086400000, 0x0000000086400000| Untracked 
| 101|0x0000000086500000, 0x0000000086500000, 0x0000000086600000|  0%| F|  |TAMS 0x0000000086500000, 0x0000000086500000| Untracked 
| 102|0x0000000086600000, 0x0000000086600000, 0x0000000086700000|  0%| F|  |TAMS 0x0000000086600000, 0x0000000086600000| Untracked 
| 103|0x0000000086700000, 0x0000000086700000, 0x0000000086800000|  0%| F|  |TAMS 0x0000000086700000, 0x0000000086700000| Untracked 
| 104|0x0000000086800000, 0x0000000086800000, 0x0000000086900000|  0%| F|  |TAMS 0x0000000086800000, 0x0000000086800000| Untracked 
| 105|0x0000000086900000, 0x0000000086900000, 0x0000000086a00000|  0%| F|  |TAMS 0x0000000086900000, 0x0000000086900000| Untracked 
| 106|0x0000000086a00000, 0x0000000086a00000, 0x0000000086b00000|  0%| F|  |TAMS 0x0000000086a00000, 0x0000000086a00000| Untracked 
| 107|0x0000000086b00000, 0x0000000086b00000, 0x0000000086c00000|  0%| F|  |TAMS 0x0000000086b00000, 0x0000000086b00000| Untracked 
| 108|0x0000000086c00000, 0x0000000086c00000, 0x0000000086d00000|  0%| F|  |TAMS 0x0000000086c00000, 0x0000000086c00000| Untracked 
| 109|0x0000000086d00000, 0x0000000086d00000, 0x0000000086e00000|  0%| F|  |TAMS 0x0000000086d00000, 0x0000000086d00000| Untracked 
| 110|0x0000000086e00000, 0x0000000086e00000, 0x0000000086f00000|  0%| F|  |TAMS 0x0000000086e00000, 0x0000000086e00000| Untracked 
| 111|0x0000000086f00000, 0x0000000086f00000, 0x0000000087000000|  0%| F|  |TAMS 0x0000000086f00000, 0x0000000086f00000| Untracked 
| 112|0x0000000087000000, 0x0000000087000000, 0x0000000087100000|  0%| F|  |TAMS 0x0000000087000000, 0x0000000087000000| Untracked 
| 113|0x0000000087100000, 0x0000000087100000, 0x0000000087200000|  0%| F|  |TAMS 0x0000000087100000, 0x0000000087100000| Untracked 
| 114|0x0000000087200000, 0x0000000087200000, 0x0000000087300000|  0%| F|  |TAMS 0x0000000087200000, 0x0000000087200000| Untracked 
| 115|0x0000000087300000, 0x0000000087300000, 0x0000000087400000|  0%| F|  |TAMS 0x0000000087300000, 0x0000000087300000| Untracked 
| 116|0x0000000087400000, 0x0000000087400000, 0x0000000087500000|  0%| F|  |TAMS 0x0000000087400000, 0x0000000087400000| Untracked 
| 117|0x0000000087500000, 0x0000000087500000, 0x0000000087600000|  0%| F|  |TAMS 0x0000000087500000, 0x0000000087500000| Untracked 
| 118|0x0000000087600000, 0x0000000087600000, 0x0000000087700000|  0%| F|  |TAMS 0x0000000087600000, 0x0000000087600000| Untracked 
| 119|0x0000000087700000, 0x0000000087700000, 0x0000000087800000|  0%| F|  |TAMS 0x0000000087700000, 0x0000000087700000| Untracked 
| 120|0x0000000087800000, 0x0000000087800000, 0x0000000087900000|  0%| F|  |TAMS 0x0000000087800000, 0x0000000087800000| Untracked 
| 121|0x0000000087900000, 0x0000000087900000, 0x0000000087a00000|  0%| F|  |TAMS 0x0000000087900000, 0x0000000087900000| Untracked 
| 122|0x0000000087a00000, 0x0000000087a00000, 0x0000000087b00000|  0%| F|  |TAMS 0x0000000087a00000, 0x0000000087a00000| Untracked 
| 123|0x0000000087b00000, 0x0000000087b00000, 0x0000000087c00000|  0%| F|  |TAMS 0x0000000087b00000, 0x0000000087b00000| Untracked 
| 124|0x0000000087c00000, 0x0000000087c00000, 0x0000000087d00000|  0%| F|  |TAMS 0x0000000087c00000, 0x0000000087c00000| Untracked 
| 125|0x0000000087d00000, 0x0000000087d00000, 0x0000000087e00000|  0%| F|  |TAMS 0x0000000087d00000, 0x0000000087d00000| Untracked 
| 126|0x0000000087e00000, 0x0000000087e00000, 0x0000000087f00000|  0%| F|  |TAMS 0x0000000087e00000, 0x0000000087e00000| Untracked 
| 127|0x0000000087f00000, 0x0000000087f00000, 0x0000000088000000|  0%| F|  |TAMS 0x0000000087f00000, 0x0000000087f00000| Untracked 
| 128|0x0000000088000000, 0x0000000088000000, 0x0000000088100000|  0%| F|  |TAMS 0x0000000088000000, 0x0000000088000000| Untracked 
| 129|0x0000000088100000, 0x0000000088100000, 0x0000000088200000|  0%| F|  |TAMS 0x0000000088100000, 0x0000000088100000| Untracked 
| 130|0x0000000088200000, 0x0000000088200000, 0x0000000088300000|  0%| F|  |TAMS 0x0000000088200000, 0x0000000088200000| Untracked 
| 131|0x0000000088300000, 0x0000000088300000, 0x0000000088400000|  0%| F|  |TAMS 0x0000000088300000, 0x0000000088300000| Untracked 
| 132|0x0000000088400000, 0x0000000088400000, 0x0000000088500000|  0%| F|  |TAMS 0x0000000088400000, 0x0000000088400000| Untracked 
| 133|0x0000000088500000, 0x0000000088500000, 0x0000000088600000|  0%| F|  |TAMS 0x0000000088500000, 0x0000000088500000| Untracked 
| 134|0x0000000088600000, 0x0000000088600000, 0x0000000088700000|  0%| F|  |TAMS 0x0000000088600000, 0x0000000088600000| Untracked 
| 135|0x0000000088700000, 0x0000000088700000, 0x0000000088800000|  0%| F|  |TAMS 0x0000000088700000, 0x0000000088700000| Untracked 
| 136|0x0000000088800000, 0x0000000088800000, 0x0000000088900000|  0%| F|  |TAMS 0x0000000088800000, 0x0000000088800000| Untracked 
| 137|0x0000000088900000, 0x0000000088900000, 0x0000000088a00000|  0%| F|  |TAMS 0x0000000088900000, 0x0000000088900000| Untracked 
| 138|0x0000000088a00000, 0x0000000088a00000, 0x0000000088b00000|  0%| F|  |TAMS 0x0000000088a00000, 0x0000000088a00000| Untracked 
| 139|0x0000000088b00000, 0x0000000088b00000, 0x0000000088c00000|  0%| F|  |TAMS 0x0000000088b00000, 0x0000000088b00000| Untracked 
| 140|0x0000000088c00000, 0x0000000088c00000, 0x0000000088d00000|  0%| F|  |TAMS 0x0000000088c00000, 0x0000000088c00000| Untracked 
| 141|0x0000000088d00000, 0x0000000088d00000, 0x0000000088e00000|  0%| F|  |TAMS 0x0000000088d00000, 0x0000000088d00000| Untracked 
| 142|0x0000000088e00000, 0x0000000088e00000, 0x0000000088f00000|  0%| F|  |TAMS 0x0000000088e00000, 0x0000000088e00000| Untracked 
| 143|0x0000000088f00000, 0x0000000088f00000, 0x0000000089000000|  0%| F|  |TAMS 0x0000000088f00000, 0x0000000088f00000| Untracked 
| 144|0x0000000089000000, 0x0000000089000000, 0x0000000089100000|  0%| F|  |TAMS 0x0000000089000000, 0x0000000089000000| Untracked 
| 145|0x0000000089100000, 0x0000000089100000, 0x0000000089200000|  0%| F|  |TAMS 0x0000000089100000, 0x0000000089100000| Untracked 
| 146|0x0000000089200000, 0x0000000089200000, 0x0000000089300000|  0%| F|  |TAMS 0x0000000089200000, 0x0000000089200000| Untracked 
| 147|0x0000000089300000, 0x0000000089300000, 0x0000000089400000|  0%| F|  |TAMS 0x0000000089300000, 0x0000000089300000| Untracked 
| 148|0x0000000089400000, 0x0000000089400000, 0x0000000089500000|  0%| F|  |TAMS 0x0000000089400000, 0x0000000089400000| Untracked 
| 149|0x0000000089500000, 0x0000000089500000, 0x0000000089600000|  0%| F|  |TAMS 0x0000000089500000, 0x0000000089500000| Untracked 
| 150|0x0000000089600000, 0x0000000089600000, 0x0000000089700000|  0%| F|  |TAMS 0x0000000089600000, 0x0000000089600000| Untracked 
| 151|0x0000000089700000, 0x0000000089700000, 0x0000000089800000|  0%| F|  |TAMS 0x0000000089700000, 0x0000000089700000| Untracked 
| 152|0x0000000089800000, 0x0000000089800000, 0x0000000089900000|  0%| F|  |TAMS 0x0000000089800000, 0x0000000089800000| Untracked 
| 153|0x0000000089900000, 0x0000000089900000, 0x0000000089a00000|  0%| F|  |TAMS 0x0000000089900000, 0x0000000089900000| Untracked 
| 154|0x0000000089a00000, 0x0000000089a00000, 0x0000000089b00000|  0%| F|  |TAMS 0x0000000089a00000, 0x0000000089a00000| Untracked 
| 155|0x0000000089b00000, 0x0000000089b00000, 0x0000000089c00000|  0%| F|  |TAMS 0x0000000089b00000, 0x0000000089b00000| Untracked 
| 156|0x0000000089c00000, 0x0000000089c00000, 0x0000000089d00000|  0%| F|  |TAMS 0x0000000089c00000, 0x0000000089c00000| Untracked 
| 157|0x0000000089d00000, 0x0000000089d00000, 0x0000000089e00000|  0%| F|  |TAMS 0x0000000089d00000, 0x0000000089d00000| Untracked 
| 158|0x0000000089e00000, 0x0000000089e00000, 0x0000000089f00000|  0%| F|  |TAMS 0x0000000089e00000, 0x0000000089e00000| Untracked 
| 159|0x0000000089f00000, 0x0000000089f00000, 0x000000008a000000|  0%| F|  |TAMS 0x0000000089f00000, 0x0000000089f00000| Untracked 
| 160|0x000000008a000000, 0x000000008a000000, 0x000000008a100000|  0%| F|  |TAMS 0x000000008a000000, 0x000000008a000000| Untracked 
| 161|0x000000008a100000, 0x000000008a100000, 0x000000008a200000|  0%| F|  |TAMS 0x000000008a100000, 0x000000008a100000| Untracked 
| 162|0x000000008a200000, 0x000000008a200000, 0x000000008a300000|  0%| F|  |TAMS 0x000000008a200000, 0x000000008a200000| Untracked 
| 163|0x000000008a300000, 0x000000008a300000, 0x000000008a400000|  0%| F|  |TAMS 0x000000008a300000, 0x000000008a300000| Untracked 
| 164|0x000000008a400000, 0x000000008a400000, 0x000000008a500000|  0%| F|  |TAMS 0x000000008a400000, 0x000000008a400000| Untracked 
| 165|0x000000008a500000, 0x000000008a500000, 0x000000008a600000|  0%| F|  |TAMS 0x000000008a500000, 0x000000008a500000| Untracked 
| 166|0x000000008a600000, 0x000000008a600000, 0x000000008a700000|  0%| F|  |TAMS 0x000000008a600000, 0x000000008a600000| Untracked 
| 167|0x000000008a700000, 0x000000008a700000, 0x000000008a800000|  0%| F|  |TAMS 0x000000008a700000, 0x000000008a700000| Untracked 
| 168|0x000000008a800000, 0x000000008a800000, 0x000000008a900000|  0%| F|  |TAMS 0x000000008a800000, 0x000000008a800000| Untracked 
| 169|0x000000008a900000, 0x000000008a900000, 0x000000008aa00000|  0%| F|  |TAMS 0x000000008a900000, 0x000000008a900000| Untracked 
| 170|0x000000008aa00000, 0x000000008aa00000, 0x000000008ab00000|  0%| F|  |TAMS 0x000000008aa00000, 0x000000008aa00000| Untracked 
| 171|0x000000008ab00000, 0x000000008ab00000, 0x000000008ac00000|  0%| F|  |TAMS 0x000000008ab00000, 0x000000008ab00000| Untracked 
| 172|0x000000008ac00000, 0x000000008ac00000, 0x000000008ad00000|  0%| F|  |TAMS 0x000000008ac00000, 0x000000008ac00000| Untracked 
| 173|0x000000008ad00000, 0x000000008ad00000, 0x000000008ae00000|  0%| F|  |TAMS 0x000000008ad00000, 0x000000008ad00000| Untracked 
| 174|0x000000008ae00000, 0x000000008ae00000, 0x000000008af00000|  0%| F|  |TAMS 0x000000008ae00000, 0x000000008ae00000| Untracked 
| 175|0x000000008af00000, 0x000000008af00000, 0x000000008b000000|  0%| F|  |TAMS 0x000000008af00000, 0x000000008af00000| Untracked 
| 176|0x000000008b000000, 0x000000008b000000, 0x000000008b100000|  0%| F|  |TAMS 0x000000008b000000, 0x000000008b000000| Untracked 
| 177|0x000000008b100000, 0x000000008b100000, 0x000000008b200000|  0%| F|  |TAMS 0x000000008b100000, 0x000000008b100000| Untracked 
| 178|0x000000008b200000, 0x000000008b200000, 0x000000008b300000|  0%| F|  |TAMS 0x000000008b200000, 0x000000008b200000| Untracked 
| 179|0x000000008b300000, 0x000000008b300000, 0x000000008b400000|  0%| F|  |TAMS 0x000000008b300000, 0x000000008b300000| Untracked 
| 180|0x000000008b400000, 0x000000008b400000, 0x000000008b500000|  0%| F|  |TAMS 0x000000008b400000, 0x000000008b400000| Untracked 
| 181|0x000000008b500000, 0x000000008b500000, 0x000000008b600000|  0%| F|  |TAMS 0x000000008b500000, 0x000000008b500000| Untracked 
| 182|0x000000008b600000, 0x000000008b600000, 0x000000008b700000|  0%| F|  |TAMS 0x000000008b600000, 0x000000008b600000| Untracked 
| 183|0x000000008b700000, 0x000000008b700000, 0x000000008b800000|  0%| F|  |TAMS 0x000000008b700000, 0x000000008b700000| Untracked 
| 184|0x000000008b800000, 0x000000008b83fec0, 0x000000008b900000| 24%| S|CS|TAMS 0x000000008b800000, 0x000000008b800000| Complete 
| 185|0x000000008b900000, 0x000000008ba00000, 0x000000008ba00000|100%| S|CS|TAMS 0x000000008b900000, 0x000000008b900000| Complete 
| 186|0x000000008ba00000, 0x000000008bb00000, 0x000000008bb00000|100%| S|CS|TAMS 0x000000008ba00000, 0x000000008ba00000| Complete 
| 187|0x000000008bb00000, 0x000000008bc00000, 0x000000008bc00000|100%| S|CS|TAMS 0x000000008bb00000, 0x000000008bb00000| Complete 
| 188|0x000000008bc00000, 0x000000008bc00000, 0x000000008bd00000|  0%| F|  |TAMS 0x000000008bc00000, 0x000000008bc00000| Untracked 
| 189|0x000000008bd00000, 0x000000008bd00000, 0x000000008be00000|  0%| F|  |TAMS 0x000000008bd00000, 0x000000008bd00000| Untracked 
| 190|0x000000008be00000, 0x000000008be00000, 0x000000008bf00000|  0%| F|  |TAMS 0x000000008be00000, 0x000000008be00000| Untracked 
| 191|0x000000008bf00000, 0x000000008bf00000, 0x000000008c000000|  0%| F|  |TAMS 0x000000008bf00000, 0x000000008bf00000| Untracked 
| 192|0x000000008c000000, 0x000000008c000000, 0x000000008c100000|  0%| F|  |TAMS 0x000000008c000000, 0x000000008c000000| Untracked 
| 193|0x000000008c100000, 0x000000008c100000, 0x000000008c200000|  0%| F|  |TAMS 0x000000008c100000, 0x000000008c100000| Untracked 
| 194|0x000000008c200000, 0x000000008c200000, 0x000000008c300000|  0%| F|  |TAMS 0x000000008c200000, 0x000000008c200000| Untracked 
| 195|0x000000008c300000, 0x000000008c300000, 0x000000008c400000|  0%| F|  |TAMS 0x000000008c300000, 0x000000008c300000| Untracked 
| 196|0x000000008c400000, 0x000000008c400000, 0x000000008c500000|  0%| F|  |TAMS 0x000000008c400000, 0x000000008c400000| Untracked 
| 197|0x000000008c500000, 0x000000008c500000, 0x000000008c600000|  0%| F|  |TAMS 0x000000008c500000, 0x000000008c500000| Untracked 
| 198|0x000000008c600000, 0x000000008c600000, 0x000000008c700000|  0%| F|  |TAMS 0x000000008c600000, 0x000000008c600000| Untracked 
| 199|0x000000008c700000, 0x000000008c700000, 0x000000008c800000|  0%| F|  |TAMS 0x000000008c700000, 0x000000008c700000| Untracked 
| 200|0x000000008c800000, 0x000000008c880000, 0x000000008c900000| 50%| E|  |TAMS 0x000000008c800000, 0x000000008c800000| Complete 
| 249|0x000000008f900000, 0x000000008fa00000, 0x000000008fa00000|100%| E|CS|TAMS 0x000000008f900000, 0x000000008f900000| Complete 
|2042|0x00000000ffa00000, 0x00000000ffb00000, 0x00000000ffb00000|100%| O|  |TAMS 0x00000000ffb00000, 0x00000000ffa00000| Untracked 
|2043|0x00000000ffb00000, 0x00000000ffc00000, 0x00000000ffc00000|100%| O|  |TAMS 0x00000000ffc00000, 0x00000000ffb00000| Untracked 
|2044|0x00000000ffc00000, 0x00000000ffd00000, 0x00000000ffd00000|100%| O|  |TAMS 0x00000000ffd00000, 0x00000000ffc00000| Untracked 
|2045|0x00000000ffd00000, 0x00000000ffe00000, 0x00000000ffe00000|100%| O|  |TAMS 0x00000000ffe00000, 0x00000000ffd00000| Untracked 
|2046|0x00000000ffe00000, 0x00000000fff00000, 0x00000000fff00000|100%| O|  |TAMS 0x00000000fff00000, 0x00000000ffe00000| Untracked 
|2047|0x00000000fff00000, 0x0000000100000000, 0x0000000100000000|100%| O|  |TAMS 0x0000000100000000, 0x00000000fff00000| Untracked 

Card table byte_map: [0x000001c2ae140000,0x000001c2ae540000] _byte_map_base: 0x000001c2add40000

Marking Bits (Prev, Next): (CMBitMap*) 0x000001c2969c9ce0, (CMBitMap*) 0x000001c2969c9d20
 Prev Bits: [0x000001c2ae940000, 0x000001c2b0940000)
 Next Bits: [0x000001c2b0940000, 0x000001c2b2940000)

Polling page: 0x000001c296120000

Metaspace:

Usage:
  Non-class:     54.04 MB used.
      Class:      8.62 MB used.
       Both:     62.67 MB used.

Virtual space:
  Non-class space:       64.00 MB reserved,      54.38 MB ( 85%) committed,  1 nodes.
      Class space:        1.00 GB reserved,       8.94 MB ( <1%) committed,  1 nodes.
             Both:        1.06 GB reserved,      63.31 MB (  6%) committed. 

Chunk freelists:
   Non-Class:  9.19 MB
       Class:  7.11 MB
        Both:  16.30 MB

MaxMetaspaceSize: unlimited
CompressedClassSpaceSize: 1.00 GB
Initial GC threshold: 21.00 MB
Current GC threshold: 105.56 MB
CDS: on
MetaspaceReclaimPolicy: balanced
 - commit_granule_bytes: 65536.
 - commit_granule_words: 8192.
 - virtual_space_node_default_size: 8388608.
 - enlarge_chunks_in_place: 1.
 - new_chunks_are_fully_committed: 0.
 - uncommit_free_chunks: 1.
 - use_allocation_guard: 0.
 - handle_deallocations: 1.


Internal statistics:

num_allocs_failed_limit: 3.
num_arena_births: 762.
num_arena_deaths: 0.
num_vsnodes_births: 2.
num_vsnodes_deaths: 0.
num_space_committed: 1013.
num_space_uncommitted: 0.
num_chunks_returned_to_freelist: 3.
num_chunks_taken_from_freelist: 3441.
num_chunk_merges: 3.
num_chunk_splits: 2240.
num_chunks_enlarged: 1465.
num_inconsistent_stats: 0.

CodeHeap 'non-profiled nmethods': size=119168Kb used=4508Kb max_used=4508Kb free=114659Kb
 bounds [0x000001c2a6060000, 0x000001c2a64d0000, 0x000001c2ad4c0000]
CodeHeap 'profiled nmethods': size=119104Kb used=15239Kb max_used=15239Kb free=103864Kb
 bounds [0x000001c29e4c0000, 0x000001c29f3b0000, 0x000001c2a5910000]
CodeHeap 'non-nmethods': size=7488Kb used=4055Kb max_used=4108Kb free=3432Kb
 bounds [0x000001c2a5910000, 0x000001c2a5d20000, 0x000001c2a6060000]
 total_blobs=8658 nmethods=7770 adapters=796
 compilation: enabled
              stopped_count=0, restarted_count=0
 full_count=0

Compilation events (20 events):
Event: 17.679 Thread 0x000001c2fb479ba0 8518       1       org.gradle.internal.code.UserCodeApplicationId::longValue (5 bytes)
Event: 17.679 Thread 0x000001c2fb479ba0 nmethod 8518 0x000001c2a64b6e90 code [0x000001c2a64b7020, 0x000001c2a64b70f8]
Event: 17.679 Thread 0x000001c2fb9457a0 8519       3       org.gradle.api.internal.DefaultDomainObjectCollection$IteratorImpl::hasNext (10 bytes)
Event: 17.680 Thread 0x000001c2fb9457a0 nmethod 8519 0x000001c29f39ca10 code [0x000001c29f39cbc0, 0x000001c29f39cd88]
Event: 17.680 Thread 0x000001c2fb479ba0 8520       3       org.gradle.api.internal.DefaultNamedDomainObjectCollection::findByNameWithoutRules (11 bytes)
Event: 17.680 Thread 0x000001c2fb479ba0 nmethod 8520 0x000001c29f39ce90 code [0x000001c29f39d040, 0x000001c29f39d208]
Event: 17.681 Thread 0x000001c2fb479ba0 8521       3       org.gradle.api.internal.DefaultNamedDomainObjectCollection::findByName (61 bytes)
Event: 17.681 Thread 0x000001c2fb9457a0 8523       3       org.apache.commons.lang.StringUtils::containsAny (128 bytes)
Event: 17.682 Thread 0x000001c2fb479ba0 nmethod 8521 0x000001c29f39d310 code [0x000001c29f39d560, 0x000001c29f39dfa8]
Event: 17.684 Thread 0x000001c2fb479ba0 8524       3       org.gradle.api.internal.artifacts.configurations.DefaultConfiguration::notifyChildren (40 bytes)
Event: 17.685 Thread 0x000001c2fb479ba0 nmethod 8524 0x000001c29f39e290 code [0x000001c29f39e480, 0x000001c29f39ea78]
Event: 17.685 Thread 0x000001c2b5a55040 8525       3       org.gradle.api.internal.DefaultNamedDomainObjectCollection$UnfilteredIndex::getPending (14 bytes)
Event: 17.686 Thread 0x000001c2b5a55040 nmethod 8525 0x000001c29f39ec10 code [0x000001c29f39edc0, 0x000001c29f39f0a8]
Event: 17.686 Thread 0x000001c2fb9457a0 nmethod 8523 0x000001c29f39f190 code [0x000001c29f39f4a0, 0x000001c29f3a0808]
Event: 17.688 Thread 0x000001c2fb9457a0 8526       3       org.gradle.util.internal.DeferredUtil::isNestableDeferred (20 bytes)
Event: 17.688 Thread 0x000001c2fb479ba0 8527       3       org.gradle.util.internal.DeferredUtil::isKotlinFunction0Deferrable (5 bytes)
Event: 17.689 Thread 0x000001c2fb479ba0 nmethod 8527 0x000001c29f3a1010 code [0x000001c29f3a11a0, 0x000001c29f3a13b8]
Event: 17.689 Thread 0x000001c2fb9457a0 nmethod 8526 0x000001c29f3a1490 code [0x000001c29f3a1640, 0x000001c29f3a1a38]
Event: 17.690 Thread 0x000001c2b5a55040 8528       3       org.gradle.api.internal.provider.Collector::absentIgnoringIfNeeded (15 bytes)
Event: 17.690 Thread 0x000001c2b5a55040 nmethod 8528 0x000001c29f3a1b10 code [0x000001c29f3a1cc0, 0x000001c29f3a1f08]

GC Heap History (20 events):
Event: 13.839 GC heap before
{Heap before GC invocations=24 (full 0):
 garbage-first heap   total 147456K, used 83106K [0x0000000080000000, 0x0000000100000000)
  region size 1024K, 8 young (8192K), 3 survivors (3072K)
 Metaspace       used 48016K, committed 48640K, reserved 1114112K
  class space    used 6688K, committed 6976K, reserved 1048576K
}
Event: 13.846 GC heap after
{Heap after GC invocations=25 (full 0):
 garbage-first heap   total 147456K, used 81874K [0x0000000080000000, 0x0000000100000000)
  region size 1024K, 5 young (5120K), 5 survivors (5120K)
 Metaspace       used 48016K, committed 48640K, reserved 1114112K
  class space    used 6688K, committed 6976K, reserved 1048576K
}
Event: 14.020 GC heap before
{Heap before GC invocations=26 (full 0):
 garbage-first heap   total 147456K, used 91090K [0x0000000080000000, 0x0000000100000000)
  region size 1024K, 13 young (13312K), 5 survivors (5120K)
 Metaspace       used 48199K, committed 48768K, reserved 1114112K
  class space    used 6725K, committed 6976K, reserved 1048576K
}
Event: 14.028 GC heap after
{Heap after GC invocations=27 (full 0):
 garbage-first heap   total 147456K, used 84660K [0x0000000080000000, 0x0000000100000000)
  region size 1024K, 2 young (2048K), 2 survivors (2048K)
 Metaspace       used 48199K, committed 48768K, reserved 1114112K
  class space    used 6725K, committed 6976K, reserved 1048576K
}
Event: 14.319 GC heap before
{Heap before GC invocations=28 (full 0):
 garbage-first heap   total 147456K, used 101044K [0x0000000080000000, 0x0000000100000000)
  region size 1024K, 19 young (19456K), 2 survivors (2048K)
 Metaspace       used 49409K, committed 49984K, reserved 1114112K
  class space    used 6885K, committed 7168K, reserved 1048576K
}
Event: 14.325 GC heap after
{Heap after GC invocations=29 (full 0):
 garbage-first heap   total 177152K, used 87105K [0x0000000080000000, 0x0000000100000000)
  region size 1024K, 4 young (4096K), 4 survivors (4096K)
 Metaspace       used 49409K, committed 49984K, reserved 1114112K
  class space    used 6885K, committed 7168K, reserved 1048576K
}
Event: 14.873 GC heap before
{Heap before GC invocations=30 (full 0):
 garbage-first heap   total 177152K, used 126017K [0x0000000080000000, 0x0000000100000000)
  region size 1024K, 41 young (41984K), 4 survivors (4096K)
 Metaspace       used 52960K, committed 53568K, reserved 1114112K
  class space    used 7294K, committed 7552K, reserved 1048576K
}
Event: 14.878 GC heap after
{Heap after GC invocations=31 (full 0):
 garbage-first heap   total 177152K, used 88889K [0x0000000080000000, 0x0000000100000000)
  region size 1024K, 3 young (3072K), 3 survivors (3072K)
 Metaspace       used 52960K, committed 53568K, reserved 1114112K
  class space    used 7294K, committed 7552K, reserved 1048576K
}
Event: 15.705 GC heap before
{Heap before GC invocations=31 (full 0):
 garbage-first heap   total 177152K, used 126777K [0x0000000080000000, 0x0000000100000000)
  region size 1024K, 41 young (41984K), 3 survivors (3072K)
 Metaspace       used 57583K, committed 58240K, reserved 1114112K
  class space    used 7920K, committed 8192K, reserved 1048576K
}
Event: 15.714 GC heap after
{Heap after GC invocations=32 (full 0):
 garbage-first heap   total 177152K, used 91388K [0x0000000080000000, 0x0000000100000000)
  region size 1024K, 5 young (5120K), 5 survivors (5120K)
 Metaspace       used 57583K, committed 58240K, reserved 1114112K
  class space    used 7920K, committed 8192K, reserved 1048576K
}
Event: 15.842 GC heap before
{Heap before GC invocations=33 (full 0):
 garbage-first heap   total 177152K, used 105724K [0x0000000080000000, 0x0000000100000000)
  region size 1024K, 16 young (16384K), 5 survivors (5120K)
 Metaspace       used 57593K, committed 58240K, reserved 1114112K
  class space    used 7921K, committed 8192K, reserved 1048576K
}
Event: 15.851 GC heap after
{Heap after GC invocations=34 (full 0):
 garbage-first heap   total 177152K, used 93576K [0x0000000080000000, 0x0000000100000000)
  region size 1024K, 5 young (5120K), 5 survivors (5120K)
 Metaspace       used 57593K, committed 58240K, reserved 1114112K
  class space    used 7921K, committed 8192K, reserved 1048576K
}
Event: 16.494 GC heap before
{Heap before GC invocations=35 (full 0):
 garbage-first heap   total 177152K, used 129416K [0x0000000080000000, 0x0000000100000000)
  region size 1024K, 39 young (39936K), 5 survivors (5120K)
 Metaspace       used 60177K, committed 60864K, reserved 1114112K
  class space    used 8275K, committed 8576K, reserved 1048576K
}
Event: 16.502 GC heap after
{Heap after GC invocations=36 (full 0):
 garbage-first heap   total 177152K, used 96345K [0x0000000080000000, 0x0000000100000000)
  region size 1024K, 2 young (2048K), 2 survivors (2048K)
 Metaspace       used 60177K, committed 60864K, reserved 1114112K
  class space    used 8275K, committed 8576K, reserved 1048576K
}
Event: 16.976 GC heap before
{Heap before GC invocations=36 (full 0):
 garbage-first heap   total 177152K, used 133209K [0x0000000080000000, 0x0000000100000000)
  region size 1024K, 38 young (38912K), 2 survivors (2048K)
 Metaspace       used 61715K, committed 62336K, reserved 1114112K
  class space    used 8493K, committed 8768K, reserved 1048576K
}
Event: 16.982 GC heap after
{Heap after GC invocations=37 (full 0):
 garbage-first heap   total 177152K, used 98267K [0x0000000080000000, 0x0000000100000000)
  region size 1024K, 4 young (4096K), 4 survivors (4096K)
 Metaspace       used 61715K, committed 62336K, reserved 1114112K
  class space    used 8493K, committed 8768K, reserved 1048576K
}
Event: 17.500 GC heap before
{Heap before GC invocations=38 (full 0):
 garbage-first heap   total 177152K, used 136155K [0x0000000080000000, 0x0000000100000000)
  region size 1024K, 41 young (41984K), 4 survivors (4096K)
 Metaspace       used 63122K, committed 63744K, reserved 1114112K
  class space    used 8681K, committed 8960K, reserved 1048576K
}
Event: 17.511 GC heap after
{Heap after GC invocations=39 (full 0):
 garbage-first heap   total 212992K, used 100699K [0x0000000080000000, 0x0000000100000000)
  region size 1024K, 5 young (5120K), 5 survivors (5120K)
 Metaspace       used 63122K, committed 63744K, reserved 1114112K
  class space    used 8681K, committed 8960K, reserved 1048576K
}
Event: 17.731 GC heap before
{Heap before GC invocations=39 (full 0):
 garbage-first heap   total 212992K, used 114011K [0x0000000080000000, 0x0000000100000000)
  region size 1024K, 19 young (19456K), 5 survivors (5120K)
 Metaspace       used 64084K, committed 64704K, reserved 1114112K
  class space    used 8819K, committed 9088K, reserved 1048576K
}
Event: 17.740 GC heap after
{Heap after GC invocations=40 (full 0):
 garbage-first heap   total 212992K, used 101498K [0x0000000080000000, 0x0000000100000000)
  region size 1024K, 4 young (4096K), 4 survivors (4096K)
 Metaspace       used 64084K, committed 64704K, reserved 1114112K
  class space    used 8819K, committed 9088K, reserved 1048576K
}

Dll operation events (15 events):
Event: 0.010 Loaded shared library D:\jdk-17.0.15+6\bin\java.dll
Event: 0.032 Loaded shared library D:\jdk-17.0.15+6\bin\jsvml.dll
Event: 0.090 Loaded shared library D:\jdk-17.0.15+6\bin\zip.dll
Event: 0.093 Loaded shared library D:\jdk-17.0.15+6\bin\instrument.dll
Event: 0.099 Loaded shared library D:\jdk-17.0.15+6\bin\net.dll
Event: 0.101 Loaded shared library D:\jdk-17.0.15+6\bin\nio.dll
Event: 0.104 Loaded shared library D:\jdk-17.0.15+6\bin\zip.dll
Event: 0.463 Loaded shared library D:\jdk-17.0.15+6\bin\jimage.dll
Event: 0.562 Loaded shared library D:\jdk-17.0.15+6\bin\verify.dll
Event: 0.820 Loaded shared library C:\Users\Tuan Kiet\.gradle\native\c067742578af261105cb4f569cf0c3c89f3d7b1fecec35dd04571415982c5e48\windows-amd64\native-platform.dll
Event: 0.828 Loaded shared library C:\Users\Tuan Kiet\.gradle\native\38dada09dfb8b06ba9b0570ebf7e218e3eb74d4ef43ca46872605cf95ebc2f47\windows-amd64\native-platform-file-events.dll
Event: 2.027 Loaded shared library D:\jdk-17.0.15+6\bin\management.dll
Event: 2.032 Loaded shared library D:\jdk-17.0.15+6\bin\management_ext.dll
Event: 2.322 Loaded shared library D:\jdk-17.0.15+6\bin\extnet.dll
Event: 2.632 Loaded shared library D:\jdk-17.0.15+6\bin\sunmscapi.dll

Deoptimization events (20 events):
Event: 17.088 Thread 0x000001c2fcd142e0 Uncommon trap: trap_request=0xffffffc6 fr.pc=0x000001c2a617c7e8 relative=0x0000000000000908
Event: 17.088 Thread 0x000001c2fcd142e0 Uncommon trap: reason=bimorphic_or_optimized_type_check action=maybe_recompile pc=0x000001c2a617c7e8 method=org.codehaus.groovy.runtime.metaclass.MetaMethodIndex.isOverridden(Lgroovy/lang/MetaMethod;Lgroovy/lang/MetaMethod;)Z @ 56 c2
Event: 17.088 Thread 0x000001c2fcd142e0 DEOPT PACKING pc=0x000001c2a617c7e8 sp=0x000000a3f29f45f0
Event: 17.088 Thread 0x000001c2fcd142e0 DEOPT UNPACKING pc=0x000001c2a59669a3 sp=0x000000a3f29f4548 mode 2
Event: 17.091 Thread 0x000001c2fcd142e0 Uncommon trap: trap_request=0xffffffc6 fr.pc=0x000001c2a617c7e8 relative=0x0000000000000908
Event: 17.091 Thread 0x000001c2fcd142e0 Uncommon trap: reason=bimorphic_or_optimized_type_check action=maybe_recompile pc=0x000001c2a617c7e8 method=org.codehaus.groovy.runtime.metaclass.MetaMethodIndex.isOverridden(Lgroovy/lang/MetaMethod;Lgroovy/lang/MetaMethod;)Z @ 56 c2
Event: 17.091 Thread 0x000001c2fcd142e0 DEOPT PACKING pc=0x000001c2a617c7e8 sp=0x000000a3f29f4600
Event: 17.091 Thread 0x000001c2fcd142e0 DEOPT UNPACKING pc=0x000001c2a59669a3 sp=0x000000a3f29f4558 mode 2
Event: 17.106 Thread 0x000001c2fcd142e0 Uncommon trap: trap_request=0xffffffde fr.pc=0x000001c2a626eb74 relative=0x00000000000015f4
Event: 17.106 Thread 0x000001c2fcd142e0 Uncommon trap: reason=class_check action=maybe_recompile pc=0x000001c2a626eb74 method=java.util.WeakHashMap.matchesKey(Ljava/util/WeakHashMap$Entry;Ljava/lang/Object;)Z @ 21 c2
Event: 17.106 Thread 0x000001c2fcd142e0 DEOPT PACKING pc=0x000001c2a626eb74 sp=0x000000a3f29f3b10
Event: 17.106 Thread 0x000001c2fcd142e0 DEOPT UNPACKING pc=0x000001c2a59669a3 sp=0x000000a3f29f3a90 mode 2
Event: 17.214 Thread 0x000001c2fcd142e0 Uncommon trap: trap_request=0xfffffff4 fr.pc=0x000001c2a62eb624 relative=0x0000000000000744
Event: 17.214 Thread 0x000001c2fcd142e0 Uncommon trap: reason=null_check action=make_not_entrant pc=0x000001c2a62eb624 method=org.gradle.util.internal.SimpleMapInterner.intern(Ljava/lang/Object;)Ljava/lang/Object; @ 2 c2
Event: 17.214 Thread 0x000001c2fcd142e0 DEOPT PACKING pc=0x000001c2a62eb624 sp=0x000000a3f29f5df0
Event: 17.214 Thread 0x000001c2fcd142e0 DEOPT UNPACKING pc=0x000001c2a59669a3 sp=0x000000a3f29f5db8 mode 2
Event: 17.214 Thread 0x000001c2fcd142e0 Uncommon trap: trap_request=0xffffff45 fr.pc=0x000001c2a62ee970 relative=0x0000000000000710
Event: 17.214 Thread 0x000001c2fcd142e0 Uncommon trap: reason=unstable_if action=reinterpret pc=0x000001c2a62ee970 method=org.gradle.util.internal.SimpleMapInterner.intern(Ljava/lang/String;)Ljava/lang/String; @ 1 c2
Event: 17.214 Thread 0x000001c2fcd142e0 DEOPT PACKING pc=0x000001c2a62ee970 sp=0x000000a3f29f5d80
Event: 17.214 Thread 0x000001c2fcd142e0 DEOPT UNPACKING pc=0x000001c2a59669a3 sp=0x000000a3f29f5d48 mode 2

Classes loaded (20 events):
Event: 15.860 Loading class java/security/KeyStore$ProtectionParameter
Event: 15.860 Loading class java/security/KeyStore$ProtectionParameter done
Event: 16.441 Loading class java/security/KeyStore
Event: 16.443 Loading class java/security/KeyStore done
Event: 16.443 Loading class java/security/KeyStore$1
Event: 16.443 Loading class java/security/KeyStore$1 done
Event: 16.651 Loading class javax/xml/stream/XMLStreamException
Event: 16.651 Loading class javax/xml/stream/XMLStreamException done
Event: 16.673 Loading class sun/reflect/annotation/AnnotationInvocationHandler$1
Event: 16.673 Loading class sun/reflect/annotation/AnnotationInvocationHandler$1 done
Event: 17.067 Loading class java/beans/IntrospectionException
Event: 17.067 Loading class java/beans/IntrospectionException done
Event: 17.191 Loading class java/lang/EnumBeanInfo
Event: 17.191 Loading class java/lang/EnumBeanInfo done
Event: 17.191 Loading class java/lang/EnumBeanInfo
Event: 17.191 Loading class java/lang/EnumBeanInfo done
Event: 17.191 Loading class java/lang/EnumCustomizer
Event: 17.191 Loading class java/lang/EnumCustomizer done
Event: 17.191 Loading class java/lang/EnumCustomizer
Event: 17.191 Loading class java/lang/EnumCustomizer done

Classes unloaded (0 events):
No events

Classes redefined (0 events):
No events

Internal exceptions (20 events):
Event: 17.185 Thread 0x000001c2fcd142e0 Exception <a 'java/lang/ClassNotFoundException'{0x00000000895cbd30}: build_9lvovofsq2kfpvfniul0gxie1$_run_closure1BeanInfo> (0x00000000895cbd30) 
thrown [s\src\hotspot\share\classfile\systemDictionary.cpp, line 256]
Event: 17.185 Thread 0x000001c2fcd142e0 Exception <a 'java/lang/ClassNotFoundException'{0x00000000895d8588}: build_9lvovofsq2kfpvfniul0gxie1$_run_closure1Customizer> (0x00000000895d8588) 
thrown [s\src\hotspot\share\classfile\systemDictionary.cpp, line 256]
Event: 17.191 Thread 0x000001c2fcd142e0 Exception <a 'java/lang/ClassNotFoundException'{0x0000000089426da0}: org/gradle/api/JavaVersionBeanInfo> (0x0000000089426da0) 
thrown [s\src\hotspot\share\classfile\systemDictionary.cpp, line 256]
Event: 17.191 Thread 0x000001c2fcd142e0 Exception <a 'java/lang/ClassNotFoundException'{0x0000000089430798}: java/lang/EnumBeanInfo> (0x0000000089430798) 
thrown [s\src\hotspot\share\classfile\systemDictionary.cpp, line 256]
Event: 17.191 Thread 0x000001c2fcd142e0 Exception <a 'java/lang/ClassNotFoundException'{0x0000000089439f58}: java/lang/EnumCustomizer> (0x0000000089439f58) 
thrown [s\src\hotspot\share\classfile\systemDictionary.cpp, line 256]
Event: 17.193 Thread 0x000001c2fcd142e0 Exception <a 'java/lang/ClassNotFoundException'{0x000000008945b3f8}: org/gradle/api/JavaVersionCustomizer> (0x000000008945b3f8) 
thrown [s\src\hotspot\share\classfile\systemDictionary.cpp, line 256]
Event: 17.199 Thread 0x000001c2fcd142e0 Exception <a 'java/lang/NoClassDefFoundError'{0x00000000894d4f58}: org/jetbrains/kotlin/gradle/dsl/KotlinJvmOptions> (0x00000000894d4f58) 
thrown [s\src\hotspot\share\classfile\systemDictionary.cpp, line 245]
Event: 17.202 Thread 0x000001c2fcd142e0 Exception <a 'java/lang/ClassNotFoundException'{0x00000000894f8970}: com/android/build/gradle/internal/CompileOptions$AgpDecorated_DecoratedBeanInfo> (0x00000000894f8970) 
thrown [s\src\hotspot\share\classfile\systemDictionary.cpp, line 256]
Event: 17.204 Thread 0x000001c2fcd142e0 Exception <a 'java/lang/ClassNotFoundException'{0x0000000089307dc8}: com/android/build/gradle/internal/CompileOptions$AgpDecoratedBeanInfo> (0x0000000089307dc8) 
thrown [s\src\hotspot\share\classfile\systemDictionary.cpp, line 256]
Event: 17.205 Thread 0x000001c2fcd142e0 Exception <a 'java/lang/ClassNotFoundException'{0x0000000089316d50}: com/android/build/gradle/internal/CompileOptionsBeanInfo> (0x0000000089316d50) 
thrown [s\src\hotspot\share\classfile\systemDictionary.cpp, line 256]
Event: 17.205 Thread 0x000001c2fcd142e0 Exception <a 'java/lang/ClassNotFoundException'{0x0000000089325ce0}: com/android/build/gradle/internal/CompileOptionsCustomizer> (0x0000000089325ce0) 
thrown [s\src\hotspot\share\classfile\systemDictionary.cpp, line 256]
Event: 17.206 Thread 0x000001c2fcd142e0 Exception <a 'java/lang/ClassNotFoundException'{0x0000000089340c90}: com/android/build/gradle/internal/CompileOptions$AgpDecoratedCustomizer> (0x0000000089340c90) 
thrown [s\src\hotspot\share\classfile\systemDictionary.cpp, line 256]
Event: 17.206 Thread 0x000001c2fcd142e0 Exception <a 'java/lang/ClassNotFoundException'{0x00000000893539d0}: com/android/build/gradle/internal/CompileOptions$AgpDecorated_DecoratedCustomizer> (0x00000000893539d0) 
thrown [s\src\hotspot\share\classfile\systemDictionary.cpp, line 256]
Event: 17.214 Thread 0x000001c2fcd142e0 Implicit null exception at 0x000001c2a62eaf0f to 0x000001c2a62eb614
Event: 17.214 Thread 0x000001c2fcd142e0 Implicit null exception at 0x000001c2a62ee294 to 0x000001c2a62ee958
Event: 17.370 Thread 0x000001c2fcd142e0 Exception <a 'java/lang/NoClassDefFoundError'{0x0000000088a2c470}: org/jetbrains/kotlin/gradle/plugin/KotlinBasePluginWrapper> (0x0000000088a2c470) 
thrown [s\src\hotspot\share\classfile\systemDictionary.cpp, line 245]
Event: 17.564 Thread 0x000001c2fcd142e0 Exception <a 'java/lang/NoClassDefFoundError'{0x000000008c633220}: org/jetbrains/kotlin/gradle/plugin/KotlinBasePluginWrapper> (0x000000008c633220) 
thrown [s\src\hotspot\share\oops\constantPool.cpp, line 837]
Event: 17.603 Thread 0x000001c2fcd142e0 Exception <a 'java/lang/NoClassDefFoundError'{0x000000008c3074a0}: org/jetbrains/kotlin/gradle/plugin/KotlinBasePluginWrapper> (0x000000008c3074a0) 
thrown [s\src\hotspot\share\oops\constantPool.cpp, line 837]
Event: 17.680 Thread 0x000001c2fcd142e0 Exception <a 'java/lang/NoClassDefFoundError'{0x000000008bf3b4b8}: org/jetbrains/kotlin/gradle/plugin/KotlinBasePluginWrapper> (0x000000008bf3b4b8) 
thrown [s\src\hotspot\share\oops\constantPool.cpp, line 837]
Event: 17.685 Thread 0x000001c2fcd142e0 Exception <a 'java/lang/NoClassDefFoundError'{0x000000008bf564b8}: org/jetbrains/kotlin/gradle/plugin/KotlinBasePluginWrapper> (0x000000008bf564b8) 
thrown [s\src\hotspot\share\oops\constantPool.cpp, line 837]

VM Operations (20 events):
Event: 15.785 Executing VM operation: G1PauseCleanup
Event: 15.786 Executing VM operation: G1PauseCleanup done
Event: 15.842 Executing VM operation: G1TryInitiateConcMark
Event: 15.851 Executing VM operation: G1TryInitiateConcMark done
Event: 15.883 Executing VM operation: G1PauseRemark
Event: 15.893 Executing VM operation: G1PauseRemark done
Event: 15.911 Executing VM operation: G1PauseCleanup
Event: 15.912 Executing VM operation: G1PauseCleanup done
Event: 16.494 Executing VM operation: G1CollectForAllocation
Event: 16.502 Executing VM operation: G1CollectForAllocation done
Event: 16.976 Executing VM operation: G1CollectForAllocation
Event: 16.982 Executing VM operation: G1CollectForAllocation done
Event: 17.022 Executing VM operation: G1PauseRemark
Event: 17.034 Executing VM operation: G1PauseRemark done
Event: 17.055 Executing VM operation: G1PauseCleanup
Event: 17.056 Executing VM operation: G1PauseCleanup done
Event: 17.500 Executing VM operation: G1CollectForAllocation
Event: 17.511 Executing VM operation: G1CollectForAllocation done
Event: 17.731 Executing VM operation: G1TryInitiateConcMark
Event: 17.740 Executing VM operation: G1TryInitiateConcMark done

Memory protections (0 events):
No events

Nmethod flushes (20 events):
Event: 10.967 Thread 0x000001c2b5a58a60 flushing  nmethod 0x000001c29ecbc390
Event: 10.967 Thread 0x000001c2b5a58a60 flushing  nmethod 0x000001c29ecbca10
Event: 10.967 Thread 0x000001c2b5a58a60 flushing  nmethod 0x000001c29ecbcf90
Event: 10.967 Thread 0x000001c2b5a58a60 flushing  nmethod 0x000001c29ecbe090
Event: 10.967 Thread 0x000001c2b5a58a60 flushing  nmethod 0x000001c29ecde390
Event: 10.967 Thread 0x000001c2b5a58a60 flushing  nmethod 0x000001c29ecde790
Event: 10.967 Thread 0x000001c2b5a58a60 flushing  nmethod 0x000001c29ecdf310
Event: 10.967 Thread 0x000001c2b5a58a60 flushing  nmethod 0x000001c29ecdfb10
Event: 10.967 Thread 0x000001c2b5a58a60 flushing  nmethod 0x000001c29ece0c90
Event: 10.967 Thread 0x000001c2b5a58a60 flushing  nmethod 0x000001c29ece1e10
Event: 10.967 Thread 0x000001c2b5a58a60 flushing  nmethod 0x000001c29ece2f90
Event: 10.967 Thread 0x000001c2b5a58a60 flushing  nmethod 0x000001c29ecec590
Event: 10.968 Thread 0x000001c2b5a58a60 flushing  nmethod 0x000001c29ed09910
Event: 10.968 Thread 0x000001c2b5a58a60 flushing  nmethod 0x000001c29ed29690
Event: 10.968 Thread 0x000001c2b5a58a60 flushing  nmethod 0x000001c29ed3a390
Event: 10.969 Thread 0x000001c2b5a58a60 flushing  nmethod 0x000001c29ee3df10
Event: 10.969 Thread 0x000001c2b5a58a60 flushing  nmethod 0x000001c29ee3e310
Event: 10.969 Thread 0x000001c2b5a58a60 flushing  nmethod 0x000001c29ee3e990
Event: 10.969 Thread 0x000001c2b5a58a60 flushing  nmethod 0x000001c29ee42f10
Event: 15.746 Thread 0x000001c2b5a58a60 flushing  nmethod 0x000001c29e63ea90

Events (20 events):
Event: 12.669 Thread 0x000001c2fcd142e0 Thread added: 0x000001c2ff921ac0
Event: 12.669 Thread 0x000001c2fcd142e0 Thread added: 0x000001c2ff9275e0
Event: 12.803 Thread 0x000001c2fcd142e0 Thread added: 0x000001c2ff921fd0
Event: 12.805 Thread 0x000001c2fcd142e0 Thread added: 0x000001c2ff923410
Event: 12.809 Thread 0x000001c2fcd142e0 Thread added: 0x000001c2ff923e30
Event: 12.812 Thread 0x000001c2fcd142e0 Thread added: 0x000001c2ff9215b0
Event: 12.818 Thread 0x000001c2fcd142e0 Thread added: 0x000001c2ff9266b0
Event: 12.824 Thread 0x000001c2fcd142e0 Thread added: 0x000001c2ff922f00
Event: 12.828 Thread 0x000001c2fcd142e0 Thread added: 0x000001c2ff923920
Event: 12.836 Thread 0x000001c2fcd142e0 Thread added: 0x000001c2ff9261a0
Event: 12.840 Thread 0x000001c2fcd142e0 Thread added: 0x000001c2ff926bc0
Event: 12.843 Thread 0x000001c2fcd142e0 Thread added: 0x000001c2ff924340
Event: 12.845 Thread 0x000001c2fcd142e0 Thread added: 0x000001c2ff925270
Event: 12.851 Thread 0x000001c2fcd142e0 Thread added: 0x000001c2ff925780
Event: 12.855 Thread 0x000001c2fcd142e0 Thread added: 0x000001c2ff925c90
Event: 13.067 Thread 0x000001c2fdd91bb0 Thread exited: 0x000001c2fdd91bb0
Event: 13.069 Thread 0x000001c2fcd142e0 Thread added: 0x000001c2ff9270d0
Event: 13.072 Thread 0x000001c2fcd142e0 Thread added: 0x000001c2ff927af0
Event: 13.485 Thread 0x000001c2b5ba9a50 Thread added: 0x000001c2fda4fd30
Event: 15.372 Thread 0x000001c2fcd142e0 Thread added: 0x000001c2fe262300


Dynamic libraries:
0x00007ff675330000 - 0x00007ff67533e000 	D:\jdk-17.0.15+6\bin\java.exe
0x00007ff95d950000 - 0x00007ff95db67000 	C:\WINDOWS\SYSTEM32\ntdll.dll
0x00007ff95c290000 - 0x00007ff95c354000 	C:\WINDOWS\System32\KERNEL32.DLL
0x00007ff95aba0000 - 0x00007ff95af73000 	C:\WINDOWS\System32\KERNELBASE.dll
0x00007ff95aa80000 - 0x00007ff95ab91000 	C:\WINDOWS\System32\ucrtbase.dll
0x00007ff948cc0000 - 0x00007ff948cd7000 	D:\jdk-17.0.15+6\bin\jli.dll
0x00007ff948ca0000 - 0x00007ff948cbe000 	D:\jdk-17.0.15+6\bin\VCRUNTIME140.dll
0x00007ff95d6d0000 - 0x00007ff95d881000 	C:\WINDOWS\System32\USER32.dll
0x00007ff95aa50000 - 0x00007ff95aa76000 	C:\WINDOWS\System32\win32u.dll
0x00007ff94cf70000 - 0x00007ff94d20b000 	C:\WINDOWS\WinSxS\amd64_microsoft.windows.common-controls_6595b64144ccf1df_6.0.22621.5262_none_2712bde373830908\COMCTL32.dll
0x00007ff95c020000 - 0x00007ff95c049000 	C:\WINDOWS\System32\GDI32.dll
0x00007ff95ba50000 - 0x00007ff95baf7000 	C:\WINDOWS\System32\msvcrt.dll
0x00007ff95b4c0000 - 0x00007ff95b5e2000 	C:\WINDOWS\System32\gdi32full.dll
0x00007ff95b420000 - 0x00007ff95b4ba000 	C:\WINDOWS\System32\msvcp_win.dll
0x00007ff95bfe0000 - 0x00007ff95c011000 	C:\WINDOWS\System32\IMM32.DLL
0x00007ff954d70000 - 0x00007ff954d7c000 	D:\jdk-17.0.15+6\bin\vcruntime140_1.dll
0x00007ff8dd280000 - 0x00007ff8dd30d000 	D:\jdk-17.0.15+6\bin\msvcp140.dll
0x00007ff8ade60000 - 0x00007ff8aeacb000 	D:\jdk-17.0.15+6\bin\server\jvm.dll
0x00007ff95c900000 - 0x00007ff95c9b1000 	C:\WINDOWS\System32\ADVAPI32.dll
0x00007ff95d440000 - 0x00007ff95d4e7000 	C:\WINDOWS\System32\sechost.dll
0x00007ff95b080000 - 0x00007ff95b0a8000 	C:\WINDOWS\System32\bcrypt.dll
0x00007ff95b8c0000 - 0x00007ff95b9d4000 	C:\WINDOWS\System32\RPCRT4.dll
0x00007ff95c360000 - 0x00007ff95c3d1000 	C:\WINDOWS\System32\WS2_32.dll
0x00007ff95a030000 - 0x00007ff95a07d000 	C:\WINDOWS\SYSTEM32\POWRPROF.dll
0x00007ff94dca0000 - 0x00007ff94dcaa000 	C:\WINDOWS\SYSTEM32\VERSION.dll
0x00007ff953aa0000 - 0x00007ff953ad4000 	C:\WINDOWS\SYSTEM32\WINMM.dll
0x00007ff959fe0000 - 0x00007ff959ff3000 	C:\WINDOWS\SYSTEM32\UMPDC.dll
0x00007ff959a50000 - 0x00007ff959a68000 	C:\WINDOWS\SYSTEM32\kernel.appcore.dll
0x00007ff94a610000 - 0x00007ff94a61a000 	D:\jdk-17.0.15+6\bin\jimage.dll
0x00007ff957c80000 - 0x00007ff957eb2000 	C:\WINDOWS\SYSTEM32\DBGHELP.DLL
0x00007ff95c3e0000 - 0x00007ff95c773000 	C:\WINDOWS\System32\combase.dll
0x00007ff95b5f0000 - 0x00007ff95b6c7000 	C:\WINDOWS\System32\OLEAUT32.dll
0x00007ff9304a0000 - 0x00007ff9304d2000 	C:\WINDOWS\SYSTEM32\dbgcore.DLL
0x00007ff95af80000 - 0x00007ff95affb000 	C:\WINDOWS\System32\bcryptPrimitives.dll
0x00007ff948c90000 - 0x00007ff948c9e000 	D:\jdk-17.0.15+6\bin\instrument.dll
0x00007ff933b60000 - 0x00007ff933b85000 	D:\jdk-17.0.15+6\bin\java.dll
0x00007ff8c7a10000 - 0x00007ff8c7ae7000 	D:\jdk-17.0.15+6\bin\jsvml.dll
0x00007ff95cba0000 - 0x00007ff95d43d000 	C:\WINDOWS\System32\SHELL32.dll
0x00007ff95b0b0000 - 0x00007ff95b1ef000 	C:\WINDOWS\System32\wintypes.dll
0x00007ff958940000 - 0x00007ff95925d000 	C:\WINDOWS\SYSTEM32\windows.storage.dll
0x00007ff95ca80000 - 0x00007ff95cb8b000 	C:\WINDOWS\System32\SHCORE.dll
0x00007ff95c890000 - 0x00007ff95c8f6000 	C:\WINDOWS\System32\shlwapi.dll
0x00007ff95a980000 - 0x00007ff95a9ab000 	C:\WINDOWS\SYSTEM32\profapi.dll
0x00007ff933b40000 - 0x00007ff933b58000 	D:\jdk-17.0.15+6\bin\zip.dll
0x00007ff932820000 - 0x00007ff932839000 	D:\jdk-17.0.15+6\bin\net.dll
0x00007ff9570d0000 - 0x00007ff9571fc000 	C:\WINDOWS\SYSTEM32\WINHTTP.dll
0x00007ff959f30000 - 0x00007ff959f9a000 	C:\WINDOWS\system32\mswsock.dll
0x00007ff932350000 - 0x00007ff932366000 	D:\jdk-17.0.15+6\bin\nio.dll
0x00007ff93d710000 - 0x00007ff93d720000 	D:\jdk-17.0.15+6\bin\verify.dll
0x00007ff911d70000 - 0x00007ff911d97000 	C:\Users\Tuan Kiet\.gradle\native\c067742578af261105cb4f569cf0c3c89f3d7b1fecec35dd04571415982c5e48\windows-amd64\native-platform.dll
0x00007ff8c36c0000 - 0x00007ff8c3804000 	C:\Users\Tuan Kiet\.gradle\native\38dada09dfb8b06ba9b0570ebf7e218e3eb74d4ef43ca46872605cf95ebc2f47\windows-amd64\native-platform-file-events.dll
0x00007ff93c7c0000 - 0x00007ff93c7ca000 	D:\jdk-17.0.15+6\bin\management.dll
0x00007ff932810000 - 0x00007ff93281b000 	D:\jdk-17.0.15+6\bin\management_ext.dll
0x00007ff95d6c0000 - 0x00007ff95d6c8000 	C:\WINDOWS\System32\PSAPI.DLL
0x00007ff95a300000 - 0x00007ff95a31b000 	C:\WINDOWS\SYSTEM32\CRYPTSP.dll
0x00007ff9599b0000 - 0x00007ff9599e7000 	C:\WINDOWS\system32\rsaenh.dll
0x00007ff95a000000 - 0x00007ff95a028000 	C:\WINDOWS\SYSTEM32\USERENV.dll
0x00007ff95a2e0000 - 0x00007ff95a2ec000 	C:\WINDOWS\SYSTEM32\CRYPTBASE.dll
0x00007ff959500000 - 0x00007ff95952d000 	C:\WINDOWS\SYSTEM32\IPHLPAPI.DLL
0x00007ff95ca70000 - 0x00007ff95ca79000 	C:\WINDOWS\System32\NSI.dll
0x00007ff955ee0000 - 0x00007ff955ef9000 	C:\WINDOWS\SYSTEM32\dhcpcsvc6.DLL
0x00007ff955e80000 - 0x00007ff955e9f000 	C:\WINDOWS\SYSTEM32\dhcpcsvc.DLL
0x00007ff959580000 - 0x00007ff959678000 	C:\WINDOWS\SYSTEM32\DNSAPI.dll
0x00007ff932460000 - 0x00007ff932469000 	D:\jdk-17.0.15+6\bin\extnet.dll
0x00007ff9315c0000 - 0x00007ff9315ce000 	D:\jdk-17.0.15+6\bin\sunmscapi.dll
0x00007ff95b1f0000 - 0x00007ff95b357000 	C:\WINDOWS\System32\CRYPT32.dll
0x00007ff95a3f0000 - 0x00007ff95a41d000 	C:\WINDOWS\SYSTEM32\ncrypt.dll
0x00007ff95a3b0000 - 0x00007ff95a3e7000 	C:\WINDOWS\SYSTEM32\NTASN1.dll
0x00007ff930a90000 - 0x00007ff930a98000 	C:\WINDOWS\system32\wshunix.dll

dbghelp: loaded successfully - version: 4.0.5 - missing functions: none
symbol engine: initialized successfully - sym options: 0x614 - pdb path: .;D:\jdk-17.0.15+6\bin;C:\WINDOWS\SYSTEM32;C:\WINDOWS\WinSxS\amd64_microsoft.windows.common-controls_6595b64144ccf1df_6.0.22621.5262_none_2712bde373830908;D:\jdk-17.0.15+6\bin\server;C:\Users\Tuan Kiet\.gradle\native\c067742578af261105cb4f569cf0c3c89f3d7b1fecec35dd04571415982c5e48\windows-amd64;C:\Users\Tuan Kiet\.gradle\native\38dada09dfb8b06ba9b0570ebf7e218e3eb74d4ef43ca46872605cf95ebc2f47\windows-amd64

VM Arguments:
jvm_args: --add-opens=java.base/java.util=ALL-UNNAMED --add-opens=java.base/java.lang=ALL-UNNAMED --add-opens=java.base/java.lang.invoke=ALL-UNNAMED --add-opens=java.prefs/java.util.prefs=ALL-UNNAMED --add-opens=java.base/java.nio.charset=ALL-UNNAMED --add-opens=java.base/java.net=ALL-UNNAMED --add-opens=java.base/java.util.concurrent.atomic=ALL-UNNAMED -Xmx2048m -Dfile.encoding=UTF-8 -Duser.country=US -Duser.language=en -Duser.variant -javaagent:C:\Users\Tuan Kiet\.gradle\wrapper\dists\gradle-8.7-all\aan3ydargesu18aqyqjwhr3pc\gradle-8.7\lib\agents\gradle-instrumentation-agent-8.7.jar 
java_command: org.gradle.launcher.daemon.bootstrap.GradleDaemon 8.7
java_class_path (initial): C:\Users\Tuan Kiet\.gradle\wrapper\dists\gradle-8.7-all\aan3ydargesu18aqyqjwhr3pc\gradle-8.7\lib\gradle-launcher-8.7.jar
Launcher Type: SUN_STANDARD

[Global flags]
     intx CICompilerCount                          = 12                                        {product} {ergonomic}
     uint ConcGCThreads                            = 3                                         {product} {ergonomic}
     uint G1ConcRefinementThreads                  = 13                                        {product} {ergonomic}
   size_t G1HeapRegionSize                         = 1048576                                   {product} {ergonomic}
    uintx GCDrainStackTargetSize                   = 64                                        {product} {ergonomic}
   size_t InitialHeapSize                          = 262144000                                 {product} {ergonomic}
   size_t MarkStackSize                            = 4194304                                   {product} {ergonomic}
   size_t MaxHeapSize                              = 2147483648                                {product} {command line}
   size_t MaxNewSize                               = 1287651328                                {product} {ergonomic}
   size_t MinHeapDeltaBytes                        = 1048576                                   {product} {ergonomic}
   size_t MinHeapSize                              = 8388608                                   {product} {ergonomic}
    uintx NonNMethodCodeHeapSize                   = 7602480                                {pd product} {ergonomic}
    uintx NonProfiledCodeHeapSize                  = 122027880                              {pd product} {ergonomic}
    uintx ProfiledCodeHeapSize                     = 122027880                              {pd product} {ergonomic}
    uintx ReservedCodeCacheSize                    = 251658240                              {pd product} {ergonomic}
     bool SegmentedCodeCache                       = true                                      {product} {ergonomic}
   size_t SoftMaxHeapSize                          = 2147483648                             {manageable} {ergonomic}
     bool UseCompressedClassPointers               = true                           {product lp64_product} {ergonomic}
     bool UseCompressedOops                        = true                           {product lp64_product} {ergonomic}
     bool UseG1GC                                  = true                                      {product} {ergonomic}
     bool UseLargePagesIndividualAllocation        = false                                  {pd product} {ergonomic}

Logging:
Log output configuration:
 #0: stdout all=warning uptime,level,tags
 #1: stderr all=off uptime,level,tags

Environment Variables:
PATH=C:\Program Files\Microsoft MPI\Bin\;C:\WINDOWS\system32;C:\WINDOWS;C:\WINDOWS\System32\Wbem;C:\WINDOWS\System32\WindowsPowerShell\v1.0\;C:\WINDOWS\System32\OpenSSH\;C:\Program Files\Git\cmd;C:\Program Files\nodejs\;C:\Program Files\Microsoft SQL Server\Client SDK\ODBC\170\Tools\Binn\;C:\Program Files\dotnet\;c:\Users\Tuan Kiet\AppData\Local\Programs\cursor\resources\app\bin;C:\Users\Tuan Kiet\AppData\Local\Programs\Python\Python312\Scripts\;C:\Users\Tuan Kiet\AppData\Local\Programs\Python\Python312\;C:\Users\Tuan Kiet\AppData\Local\Programs\Python\Launcher\;C:\Users\Tuan Kiet\AppData\Local\Microsoft\WindowsApps;C:\Users\Tuan Kiet\AppData\Local\Microsoft\WinGet\Packages\Schniz.fnm_Microsoft.Winget.Source_8wekyb3d8bbwe;C:\Users\Tuan Kiet\AppData\Roaming\npm;C:\Users\Tuan Kiet\.dotnet\tools;C:\Users\Tuan Kiet\AppData\Local\Programs\Microsoft VS Code\bin
USERNAME=Tuan Kiet
OS=Windows_NT
PROCESSOR_IDENTIFIER=Intel64 Family 6 Model 154 Stepping 3, GenuineIntel
TMP=C:\Users\TUANKI~1\AppData\Local\Temp
TEMP=C:\Users\TUANKI~1\AppData\Local\Temp



Periodic native trim disabled


---------------  S Y S T E M  ---------------

OS:
 Windows 11 , 64 bit Build 22621 (10.0.22621.5262)
OS uptime: 0 days 2:49 hours
Hyper-V role detected

CPU: total 16 (initial active 16) (8 cores per cpu, 2 threads per core) family 6 model 154 stepping 3 microcode 0x435, cx8, cmov, fxsr, ht, mmx, 3dnowpref, sse, sse2, sse3, ssse3, sse4.1, sse4.2, popcnt, lzcnt, tsc, tscinvbit, avx, avx2, aes, erms, clmul, bmi1, bmi2, adx, sha, fma, vzeroupper, clflush, clflushopt, clwb, hv
Processor Information for processor 0
  Max Mhz: 2200, Current Mhz: 2200, Mhz Limit: 2200
Processor Information for processor 1
  Max Mhz: 2200, Current Mhz: 2200, Mhz Limit: 2200
Processor Information for processor 2
  Max Mhz: 2200, Current Mhz: 2200, Mhz Limit: 2200
Processor Information for processor 3
  Max Mhz: 2200, Current Mhz: 2200, Mhz Limit: 2200
Processor Information for processor 4
  Max Mhz: 2200, Current Mhz: 2200, Mhz Limit: 2200
Processor Information for processor 5
  Max Mhz: 2200, Current Mhz: 2200, Mhz Limit: 2200
Processor Information for processor 6
  Max Mhz: 2200, Current Mhz: 2200, Mhz Limit: 2200
Processor Information for processor 7
  Max Mhz: 2200, Current Mhz: 2200, Mhz Limit: 2200
Processor Information for processor 8
  Max Mhz: 2200, Current Mhz: 1600, Mhz Limit: 1584
Processor Information for processor 9
  Max Mhz: 2200, Current Mhz: 1600, Mhz Limit: 1584
Processor Information for processor 10
  Max Mhz: 2200, Current Mhz: 1600, Mhz Limit: 1584
Processor Information for processor 11
  Max Mhz: 2200, Current Mhz: 1500, Mhz Limit: 1584
Processor Information for processor 12
  Max Mhz: 2200, Current Mhz: 1600, Mhz Limit: 1584
Processor Information for processor 13
  Max Mhz: 2200, Current Mhz: 1500, Mhz Limit: 1584
Processor Information for processor 14
  Max Mhz: 2200, Current Mhz: 1500, Mhz Limit: 1584
Processor Information for processor 15
  Max Mhz: 2200, Current Mhz: 1500, Mhz Limit: 1584

Memory: 4k page, system-wide physical 15987M (375M free)
TotalPageFile size 18035M (AvailPageFile size 8M)
current process WorkingSet (physical memory assigned to process): 411M, peak: 415M
current process commit charge ("private bytes"): 491M, peak: 498M

vm_info: OpenJDK 64-Bit Server VM (17.0.15+6) for windows-amd64 JRE (17.0.15+6), built on Apr 15 2025 21:25:47 by "admin" with MS VC++ 17.7 (VS2022)

END.
